2023-10-27 08:43:57,025 INFO [dump-all-ok] action-admin.yaml+dev, 1592646430000, length=4398, md5=dec1b16e73a0ee3dc7fd91bb86ac0a88

2023-10-27 08:43:57,036 INFO [dump-all-ok] action-gateway.yaml+dev, 1592646830000, length=255, md5=c2d43eb965f2b97cf0595b96bda9b9af

2023-10-27 08:43:57,038 INFO [dump-all-ok] action-monitor.yaml+dev, 1592646857000, length=1276, md5=d9ce705f14bbdf7a643451f951eecad2

2023-10-27 08:43:57,040 INFO [dump-all-ok] action-picture.yaml+dev, 1592646882000, length=3434, md5=81d6e7331b5388fa4ff8d44b37500992

2023-10-27 08:43:57,040 INFO [dump-all-ok] action-sms.yaml+dev, 1592646901000, length=1993, md5=f651bd0785c2c99817b5da14b5ed876a

2023-10-27 08:43:57,042 INFO [dump-all-ok] action-spider.yaml+dev, 1592646919000, length=3125, md5=0ab4a9bfcc46800c40458d67f0e8cb9c

2023-10-27 08:43:57,043 INFO [dump-all-ok] action-web.yaml+dev, 1592646984000, length=5333, md5=10b88e0b03c42f00e96dbf1645199776

2023-10-27 08:43:57,045 INFO [dump-all-ok] action-web-flow-rules+DEFAULT_GROUP, 1601638284000, length=197, md5=3e8d52b57427ce0cfa8e7e4319a81281

2023-10-27 08:43:57,047 INFO [dump-all-ok] action-web-degrade-rules+DEFAULT_GROUP, 1601636088000, length=115, md5=6409473915d774ed783e427db652f1cc

2023-10-27 08:43:57,048 INFO [dump-all-ok] action-picture-flow-rules+DEFAULT_GROUP, 1601892546000, length=192, md5=3eb13b754d1a8337df6bf4d5c4c77bf2

2023-10-27 08:43:57,049 INFO [dump-all-ok] action-picture-degrade-rules+DEFAULT_GROUP, 1601757162000, length=115, md5=6409473915d774ed783e427db652f1cc

2023-10-27 08:43:57,049 INFO [dump-all-ok] action-search-flow-rules+DEFAULT_GROUP, 1602008379000, length=201, md5=13c8839cd70023e42d6b6b1c5cb9e78c

2023-10-27 08:43:57,050 INFO [dump-all-ok] action-search-degrade-rules+DEFAULT_GROUP, 1602002983000, length=10, md5=504352a1f39e3227c9852aa329c558e3

2023-10-27 08:43:57,051 INFO [dump-all-ok] action-admin-prod.yaml+prod, 1629475118000, length=4264, md5=197b3ad008288756610fcc39610597c5

2023-10-27 08:43:57,051 INFO [dump-all-ok] action-gateway-prod.yaml+prod, 1607671510000, length=21, md5=cfba5ed8647a0a24f76f188031cf6716

2023-10-27 08:43:57,052 INFO [dump-all-ok] action-monitor-prod.yaml+prod, 1607171188000, length=662, md5=16af7141463ff40b728a73ad23e48764

2023-10-27 08:43:57,053 INFO [dump-all-ok] action-picture-prod.yaml+prod, 1606896211000, length=2691, md5=ed6f787ffca99522ecd6f3eeb21fe3da

2023-10-27 08:43:57,054 INFO [dump-all-ok] action-search-prod.yaml+prod, 1631418778000, length=1094, md5=8788c4cacae33bf2b7e3bc63dff418d7

2023-10-27 08:43:57,055 INFO [dump-all-ok] action-sms-prod.yaml+prod, 1606896121000, length=1438, md5=ee7409a90518fc45fcffa6663839f87d

2023-10-27 08:43:57,056 INFO [dump-all-ok] action-spider-prod.yaml+prod, 1605480475000, length=2560, md5=6d24c2a75dd6668e4beefaeb5ce851a6

2023-10-27 08:43:57,056 INFO [dump-all-ok] action-web-prod.yaml+prod, 1629475053000, length=4927, md5=52a1bfa50a8094f31469076d9e63d078

2023-10-27 08:43:57,058 INFO [dump-all-ok] action-admin-dev.yaml+dev, 1698329786000, length=4265, md5=1302f45dad53d1715f3ec89b0a12c743

2023-10-27 08:43:57,058 INFO [dump-all-ok] action-gateway-dev.yaml+dev, 1698329164000, length=21, md5=cfba5ed8647a0a24f76f188031cf6716

2023-10-27 08:43:57,059 INFO [dump-all-ok] action-monitor-dev.yaml+dev, 1698329718000, length=659, md5=d2b8ab5abcb750c8af3f472b0c0d3c96

2023-10-27 08:43:57,060 INFO [dump-all-ok] action-picture-dev.yaml+dev, 1698329829000, length=2689, md5=3713fdb1163ea5598f0c150cd8c48f07

2023-10-27 08:43:57,060 INFO [dump-all-ok] action-search-dev.yaml+dev, 1698329851000, length=1088, md5=47a03a28337937d07959eeccb04e6725

2023-10-27 08:43:57,061 INFO [dump-all-ok] action-sms-dev.yaml+dev, 1698329891000, length=1439, md5=ce96422a5e14567655eecdb5d5cf9863

2023-10-27 08:43:57,061 INFO [dump-all-ok] action-spider-dev.yaml+dev, 1698329164000, length=2560, md5=6d24c2a75dd6668e4beefaeb5ce851a6

2023-10-27 08:43:57,062 INFO [dump-all-ok] action-web-dev.yaml+dev, 1698329953000, length=4935, md5=5b61173d933650ea5279bfdfd5571dda

