2023-10-26 11:41:42,791 INFO Init loader limit rule from local,rule=

2023-10-26 11:41:43,054 INFO [ClientConnectionEventListenerRegistry] registry listener - ConfigConnectionEventListener

2023-10-26 11:41:43,081 INFO [ClientConnectionEventListenerRegistry] registry listener - RpcAckCallbackInitorOrCleaner

2023-10-26 11:41:43,403 INFO Nacos GrpcSdkServer Rpc server starting at port 9848

2023-10-26 11:41:43,824 INFO Nacos GrpcSdkServer Rpc server started at port 9848

2023-10-26 11:41:43,826 INFO Nacos GrpcClusterServer Rpc server starting at port 9849

2023-10-26 11:41:43,828 INFO Nacos GrpcClusterServer Rpc server started at port 9849

2023-10-26 11:41:43,841 INFO [ClientConnectionEventListenerRegistry] registry listener - ConnectionBasedClientManager

2023-10-26 11:47:56,390 INFO Nacos GrpcClusterServer Rpc server stopping

2023-10-26 11:47:56,391 INFO Nacos GrpcSdkServer Rpc server stopping

2023-10-26 11:47:56,397 INFO Nacos GrpcClusterServer Rpc server stopped successfully...

2023-10-26 11:47:56,401 INFO Nacos GrpcSdkServer Rpc server stopped successfully...

2023-10-26 11:48:19,179 INFO Init loader limit rule from local,rule=

2023-10-26 11:48:19,399 INFO [ClientConnectionEventListenerRegistry] registry listener - ConfigConnectionEventListener

2023-10-26 11:48:19,421 INFO [ClientConnectionEventListenerRegistry] registry listener - RpcAckCallbackInitorOrCleaner

2023-10-26 11:48:19,732 INFO Nacos GrpcSdkServer Rpc server starting at port 9848

2023-10-26 11:48:20,121 INFO Nacos GrpcSdkServer Rpc server started at port 9848

2023-10-26 11:48:20,122 INFO Nacos GrpcClusterServer Rpc server starting at port 9849

2023-10-26 11:48:20,124 INFO Nacos GrpcClusterServer Rpc server started at port 9849

2023-10-26 11:48:20,136 INFO [ClientConnectionEventListenerRegistry] registry listener - ConnectionBasedClientManager

2023-10-26 14:59:56,431 INFO Init loader limit rule from local,rule=

2023-10-26 14:59:58,357 INFO [ClientConnectionEventListenerRegistry] registry listener - ConfigConnectionEventListener

2023-10-26 14:59:58,525 INFO [ClientConnectionEventListenerRegistry] registry listener - RpcAckCallbackInitorOrCleaner

2023-10-26 14:59:59,155 INFO Nacos GrpcSdkServer Rpc server starting at port 9848

2023-10-26 15:00:01,557 INFO Nacos GrpcSdkServer Rpc server started at port 9848

2023-10-26 15:00:01,566 INFO Nacos GrpcClusterServer Rpc server starting at port 9849

2023-10-26 15:00:01,569 INFO Nacos GrpcClusterServer Rpc server started at port 9849

2023-10-26 15:00:01,613 INFO [ClientConnectionEventListenerRegistry] registry listener - ConnectionBasedClientManager

2023-10-26 15:10:14,305 INFO Nacos GrpcClusterServer Rpc server stopping

2023-10-26 15:10:14,306 INFO Nacos GrpcSdkServer Rpc server stopping

2023-10-26 15:10:14,316 INFO Nacos GrpcClusterServer Rpc server stopped successfully...

2023-10-26 15:10:14,316 INFO Nacos GrpcSdkServer Rpc server stopped successfully...

2023-10-26 15:10:25,026 INFO Init loader limit rule from local,rule=

2023-10-26 15:10:25,241 INFO [ClientConnectionEventListenerRegistry] registry listener - ConfigConnectionEventListener

2023-10-26 15:10:25,265 INFO [ClientConnectionEventListenerRegistry] registry listener - RpcAckCallbackInitorOrCleaner

2023-10-26 15:10:25,570 INFO Nacos GrpcSdkServer Rpc server starting at port 9848

2023-10-26 15:10:25,984 INFO Nacos GrpcSdkServer Rpc server started at port 9848

2023-10-26 15:10:25,986 INFO Nacos GrpcClusterServer Rpc server starting at port 9849

2023-10-26 15:10:25,988 INFO Nacos GrpcClusterServer Rpc server started at port 9849

2023-10-26 15:10:26,002 INFO [ClientConnectionEventListenerRegistry] registry listener - ConnectionBasedClientManager

2023-10-26 15:25:43,286 INFO Nacos GrpcSdkServer Rpc server stopping

2023-10-26 15:25:43,287 INFO Nacos GrpcClusterServer Rpc server stopping

2023-10-26 15:25:43,299 INFO Nacos GrpcClusterServer Rpc server stopped successfully...

2023-10-26 15:25:43,299 INFO Nacos GrpcSdkServer Rpc server stopped successfully...

2023-10-26 16:11:30,121 INFO Init loader limit rule from local,rule=

2023-10-26 16:11:30,604 INFO [ClientConnectionEventListenerRegistry] registry listener - ConfigConnectionEventListener

2023-10-26 16:11:30,637 INFO [ClientConnectionEventListenerRegistry] registry listener - RpcAckCallbackInitorOrCleaner

2023-10-26 16:11:30,777 INFO Nacos GrpcSdkServer Rpc server starting at port 9848

2023-10-26 16:11:31,167 INFO Nacos GrpcSdkServer Rpc server started at port 9848

2023-10-26 16:11:31,169 INFO Nacos GrpcClusterServer Rpc server starting at port 9849

2023-10-26 16:11:31,171 INFO Nacos GrpcClusterServer Rpc server started at port 9849

2023-10-26 16:11:31,182 INFO [ClientConnectionEventListenerRegistry] registry listener - ConnectionBasedClientManager

2023-10-26 16:16:54,012 INFO Nacos GrpcSdkServer Rpc server stopping

2023-10-26 16:16:54,013 INFO Nacos GrpcClusterServer Rpc server stopping

2023-10-26 16:16:54,022 INFO Nacos GrpcClusterServer Rpc server stopped successfully...

2023-10-26 16:16:54,022 INFO Nacos GrpcSdkServer Rpc server stopped successfully...

2023-10-26 16:31:05,769 INFO Init loader limit rule from local,rule=

2023-10-26 17:20:18,666 INFO Init loader limit rule from local,rule=

2023-10-26 17:20:19,076 INFO [ClientConnectionEventListenerRegistry] registry listener - ConfigConnectionEventListener

2023-10-26 17:20:19,101 INFO [ClientConnectionEventListenerRegistry] registry listener - RpcAckCallbackInitorOrCleaner

2023-10-26 17:20:19,243 INFO Nacos GrpcSdkServer Rpc server starting at port 9848

2023-10-26 17:20:19,650 INFO Nacos GrpcSdkServer Rpc server started at port 9848

2023-10-26 17:20:19,651 INFO Nacos GrpcClusterServer Rpc server starting at port 9849

2023-10-26 17:20:19,653 INFO Nacos GrpcClusterServer Rpc server started at port 9849

2023-10-26 17:20:19,670 INFO [ClientConnectionEventListenerRegistry] registry listener - ConnectionBasedClientManager

2023-10-26 17:25:06,118 INFO Init loader limit rule from local,rule=

2023-10-26 17:25:06,527 INFO [ClientConnectionEventListenerRegistry] registry listener - ConfigConnectionEventListener

2023-10-26 17:25:06,551 INFO [ClientConnectionEventListenerRegistry] registry listener - RpcAckCallbackInitorOrCleaner

2023-10-26 17:25:06,690 INFO Nacos GrpcSdkServer Rpc server starting at port 9848

2023-10-26 17:25:07,154 INFO Nacos GrpcSdkServer Rpc server started at port 9848

2023-10-26 17:25:07,158 INFO Nacos GrpcClusterServer Rpc server starting at port 9849

2023-10-26 17:25:07,159 INFO Nacos GrpcClusterServer Rpc server started at port 9849

2023-10-26 17:25:07,171 INFO [ClientConnectionEventListenerRegistry] registry listener - ConnectionBasedClientManager

2023-10-26 17:57:41,403 INFO Nacos GrpcClusterServer Rpc server stopping

2023-10-26 17:57:41,414 INFO Nacos GrpcSdkServer Rpc server stopping

2023-10-26 17:57:41,426 INFO Nacos GrpcClusterServer Rpc server stopped successfully...

2023-10-26 17:57:41,426 INFO Nacos GrpcSdkServer Rpc server stopped successfully...

2023-10-26 17:58:07,184 INFO Init loader limit rule from local,rule=

2023-10-26 17:58:07,499 INFO [ClientConnectionEventListenerRegistry] registry listener - ConfigConnectionEventListener

2023-10-26 17:58:07,536 INFO [ClientConnectionEventListenerRegistry] registry listener - RpcAckCallbackInitorOrCleaner

2023-10-26 17:58:07,737 INFO Nacos GrpcSdkServer Rpc server starting at port 9848

2023-10-26 17:58:08,721 INFO Nacos GrpcSdkServer Rpc server started at port 9848

2023-10-26 17:58:08,723 INFO Nacos GrpcClusterServer Rpc server starting at port 9849

2023-10-26 17:58:08,725 INFO Nacos GrpcClusterServer Rpc server started at port 9849

2023-10-26 17:58:08,746 INFO [ClientConnectionEventListenerRegistry] registry listener - ConnectionBasedClientManager

2023-10-26 17:59:19,612 INFO Init loader limit rule from local,rule=

2023-10-26 17:59:21,668 INFO [ClientConnectionEventListenerRegistry] registry listener - ConfigConnectionEventListener

2023-10-26 17:59:21,798 INFO [ClientConnectionEventListenerRegistry] registry listener - RpcAckCallbackInitorOrCleaner

2023-10-26 17:59:22,340 INFO Nacos GrpcSdkServer Rpc server starting at port 9848

2023-10-26 17:59:24,055 INFO Nacos GrpcSdkServer Rpc server started at port 9848

2023-10-26 17:59:24,061 INFO Nacos GrpcClusterServer Rpc server starting at port 9849

2023-10-26 17:59:24,083 INFO Nacos GrpcClusterServer Rpc server started at port 9849

2023-10-26 17:59:25,012 INFO [ClientConnectionEventListenerRegistry] registry listener - ConnectionBasedClientManager

2023-10-26 19:30:46,070 INFO Nacos GrpcSdkServer Rpc server stopping

2023-10-26 19:30:46,072 INFO Nacos GrpcClusterServer Rpc server stopping

2023-10-26 19:30:46,085 INFO Nacos GrpcSdkServer Rpc server stopped successfully...

2023-10-26 19:30:46,089 INFO Nacos GrpcClusterServer Rpc server stopped successfully...

2023-10-26 19:31:20,559 INFO Init loader limit rule from local,rule=

2023-10-26 19:31:21,156 INFO [ClientConnectionEventListenerRegistry] registry listener - ConfigConnectionEventListener

2023-10-26 19:31:21,195 INFO [ClientConnectionEventListenerRegistry] registry listener - RpcAckCallbackInitorOrCleaner

2023-10-26 19:31:21,397 INFO Nacos GrpcSdkServer Rpc server starting at port 9848

2023-10-26 19:31:22,269 INFO Nacos GrpcSdkServer Rpc server started at port 9848

2023-10-26 19:31:22,271 INFO Nacos GrpcClusterServer Rpc server starting at port 9849

2023-10-26 19:31:22,274 INFO Nacos GrpcClusterServer Rpc server started at port 9849

2023-10-26 19:31:22,293 INFO [ClientConnectionEventListenerRegistry] registry listener - ConnectionBasedClientManager

2023-10-26 19:32:06,066 INFO Init loader limit rule from local,rule=

2023-10-26 19:32:06,570 INFO [ClientConnectionEventListenerRegistry] registry listener - ConfigConnectionEventListener

2023-10-26 19:32:06,607 INFO [ClientConnectionEventListenerRegistry] registry listener - RpcAckCallbackInitorOrCleaner

2023-10-26 19:32:06,769 INFO Nacos GrpcSdkServer Rpc server starting at port 9848

2023-10-26 19:32:07,416 INFO Nacos GrpcSdkServer Rpc server started at port 9848

2023-10-26 19:32:07,417 INFO Nacos GrpcClusterServer Rpc server starting at port 9849

2023-10-26 19:32:07,419 INFO Nacos GrpcClusterServer Rpc server started at port 9849

2023-10-26 19:32:07,437 INFO [ClientConnectionEventListenerRegistry] registry listener - ConnectionBasedClientManager

2023-10-26 20:24:48,867 INFO Nacos GrpcClusterServer Rpc server stopping

2023-10-26 20:24:48,868 INFO Nacos GrpcSdkServer Rpc server stopping

2023-10-26 20:24:48,875 INFO Nacos GrpcSdkServer Rpc server stopped successfully...

2023-10-26 20:24:48,875 INFO Nacos GrpcClusterServer Rpc server stopped successfully...

2023-10-26 20:29:40,573 INFO Init loader limit rule from local,rule=

2023-10-26 20:29:41,068 INFO [ClientConnectionEventListenerRegistry] registry listener - ConfigConnectionEventListener

2023-10-26 20:29:41,103 INFO [ClientConnectionEventListenerRegistry] registry listener - RpcAckCallbackInitorOrCleaner

2023-10-26 20:29:41,336 INFO Nacos GrpcSdkServer Rpc server starting at port 9848

2023-10-26 20:29:42,141 INFO Nacos GrpcSdkServer Rpc server started at port 9848

2023-10-26 20:29:42,144 INFO Nacos GrpcClusterServer Rpc server starting at port 9849

2023-10-26 20:29:42,146 INFO Nacos GrpcClusterServer Rpc server started at port 9849

2023-10-26 20:29:42,165 INFO [ClientConnectionEventListenerRegistry] registry listener - ConnectionBasedClientManager

2023-10-26 20:36:10,478 INFO Nacos GrpcSdkServer Rpc server stopping

2023-10-26 20:36:10,478 INFO Nacos GrpcClusterServer Rpc server stopping

2023-10-26 20:36:10,483 INFO Nacos GrpcClusterServer Rpc server stopped successfully...

2023-10-26 20:36:10,486 INFO Nacos GrpcSdkServer Rpc server stopped successfully...

