2023-10-26 11:41:42,807 INFO Register tps control,pointName=CONFIG_PUSH_COUNT, point=com.alibaba.nacos.core.remote.control.TpsMonitorPoint@3051e0b2 

2023-10-26 11:41:42,818 INFO Load rule from local,pointName=CONFIG_PUSH_COUNT, ruleContent= 

2023-10-26 11:41:42,819 INFO Apply tps control rule parse start,pointName=[CONFIG_PUSH_COUNT]  

2023-10-26 11:41:42,819 INFO Clear point  control rule ,pointName=[CONFIG_PUSH_COUNT]  

2023-10-26 11:41:42,819 INFO Clear point  control rule for monitorKeys, pointName=[CONFIG_PUSH_COUNT]  

2023-10-26 11:41:42,820 INFO Register tps control,pointName=CONFIG_PUSH_SUCCESS, point=com.alibaba.nacos.core.remote.control.TpsMonitorPoint@1f52eb6f 

2023-10-26 11:41:42,821 INFO Load rule from local,pointName=CONFIG_PUSH_SUCCESS, ruleContent= 

2023-10-26 11:41:42,821 INFO Apply tps control rule parse start,pointName=[CONFIG_PUSH_SUCCESS]  

2023-10-26 11:41:42,822 INFO Clear point  control rule ,pointName=[CONFIG_PUSH_SUCCESS]  

2023-10-26 11:41:42,822 INFO Clear point  control rule for monitorKeys, pointName=[CONFIG_PUSH_SUCCESS]  

2023-10-26 11:41:42,823 INFO Register tps control,pointName=CONFIG_PUSH_FAIL, point=com.alibaba.nacos.core.remote.control.TpsMonitorPoint@57d0fc89 

2023-10-26 11:41:42,823 INFO Load rule from local,pointName=CONFIG_PUSH_FAIL, ruleContent= 

2023-10-26 11:41:42,823 INFO Apply tps control rule parse start,pointName=[CONFIG_PUSH_FAIL]  

2023-10-26 11:41:42,824 INFO Clear point  control rule ,pointName=[CONFIG_PUSH_FAIL]  

2023-10-26 11:41:42,824 INFO Clear point  control rule for monitorKeys, pointName=[CONFIG_PUSH_FAIL]  

2023-10-26 11:41:46,585 INFO Register tps control,pointName=ConfigQuery, point=com.alibaba.nacos.core.remote.control.TpsMonitorPoint@6b52dd31 

2023-10-26 11:41:46,586 INFO Load rule from local,pointName=ConfigQuery, ruleContent= 

2023-10-26 11:41:46,586 INFO Apply tps control rule parse start,pointName=[ConfigQuery]  

2023-10-26 11:41:46,586 INFO Clear point  control rule ,pointName=[ConfigQuery]  

2023-10-26 11:41:46,586 INFO Clear point  control rule for monitorKeys, pointName=[ConfigQuery]  

2023-10-26 11:41:46,587 INFO Register tps control,pointName=ClusterConfigChangeNotify, point=com.alibaba.nacos.core.remote.control.TpsMonitorPoint@1a2909ae 

2023-10-26 11:41:46,587 INFO Load rule from local,pointName=ClusterConfigChangeNotify, ruleContent= 

2023-10-26 11:41:46,587 INFO Apply tps control rule parse start,pointName=[ClusterConfigChangeNotify]  

2023-10-26 11:41:46,587 INFO Clear point  control rule ,pointName=[ClusterConfigChangeNotify]  

2023-10-26 11:41:46,588 INFO Clear point  control rule for monitorKeys, pointName=[ClusterConfigChangeNotify]  

2023-10-26 11:41:46,588 INFO Register tps control,pointName=ConfigListen, point=com.alibaba.nacos.core.remote.control.TpsMonitorPoint@e042c99 

2023-10-26 11:41:46,588 INFO Load rule from local,pointName=ConfigListen, ruleContent= 

2023-10-26 11:41:46,589 INFO Apply tps control rule parse start,pointName=[ConfigListen]  

2023-10-26 11:41:46,589 INFO Clear point  control rule ,pointName=[ConfigListen]  

2023-10-26 11:41:46,589 INFO Clear point  control rule for monitorKeys, pointName=[ConfigListen]  

2023-10-26 11:41:46,590 INFO Register tps control,pointName=ConfigRemove, point=com.alibaba.nacos.core.remote.control.TpsMonitorPoint@3f702946 

2023-10-26 11:41:46,590 INFO Load rule from local,pointName=ConfigRemove, ruleContent= 

2023-10-26 11:41:46,590 INFO Apply tps control rule parse start,pointName=[ConfigRemove]  

2023-10-26 11:41:46,591 INFO Clear point  control rule ,pointName=[ConfigRemove]  

2023-10-26 11:41:46,591 INFO Clear point  control rule for monitorKeys, pointName=[ConfigRemove]  

2023-10-26 11:41:46,591 INFO Register tps control,pointName=ConfigPublish, point=com.alibaba.nacos.core.remote.control.TpsMonitorPoint@42b6d0cc 

2023-10-26 11:41:46,592 INFO Load rule from local,pointName=ConfigPublish, ruleContent= 

2023-10-26 11:41:46,592 INFO Apply tps control rule parse start,pointName=[ConfigPublish]  

2023-10-26 11:41:46,592 INFO Clear point  control rule ,pointName=[ConfigPublish]  

2023-10-26 11:41:46,592 INFO Clear point  control rule for monitorKeys, pointName=[ConfigPublish]  

2023-10-26 11:41:46,593 INFO Register tps control,pointName=HealthCheck, point=com.alibaba.nacos.core.remote.control.TpsMonitorPoint@1000d54d 

2023-10-26 11:41:46,593 INFO Load rule from local,pointName=HealthCheck, ruleContent= 

2023-10-26 11:41:46,593 INFO Apply tps control rule parse start,pointName=[HealthCheck]  

2023-10-26 11:41:46,593 INFO Clear point  control rule ,pointName=[HealthCheck]  

2023-10-26 11:41:46,593 INFO Clear point  control rule for monitorKeys, pointName=[HealthCheck]  

2023-10-26 11:48:19,186 INFO Register tps control,pointName=CONFIG_PUSH_COUNT, point=com.alibaba.nacos.core.remote.control.TpsMonitorPoint@287f7811 

2023-10-26 11:48:19,187 INFO Load rule from local,pointName=CONFIG_PUSH_COUNT, ruleContent= 

2023-10-26 11:48:19,187 INFO Apply tps control rule parse start,pointName=[CONFIG_PUSH_COUNT]  

2023-10-26 11:48:19,187 INFO Clear point  control rule ,pointName=[CONFIG_PUSH_COUNT]  

2023-10-26 11:48:19,188 INFO Clear point  control rule for monitorKeys, pointName=[CONFIG_PUSH_COUNT]  

2023-10-26 11:48:19,188 INFO Register tps control,pointName=CONFIG_PUSH_SUCCESS, point=com.alibaba.nacos.core.remote.control.TpsMonitorPoint@451f87af 

2023-10-26 11:48:19,189 INFO Load rule from local,pointName=CONFIG_PUSH_SUCCESS, ruleContent= 

2023-10-26 11:48:19,189 INFO Apply tps control rule parse start,pointName=[CONFIG_PUSH_SUCCESS]  

2023-10-26 11:48:19,190 INFO Clear point  control rule ,pointName=[CONFIG_PUSH_SUCCESS]  

2023-10-26 11:48:19,190 INFO Clear point  control rule for monitorKeys, pointName=[CONFIG_PUSH_SUCCESS]  

2023-10-26 11:48:19,190 INFO Register tps control,pointName=CONFIG_PUSH_FAIL, point=com.alibaba.nacos.core.remote.control.TpsMonitorPoint@2b556bb2 

2023-10-26 11:48:19,191 INFO Load rule from local,pointName=CONFIG_PUSH_FAIL, ruleContent= 

2023-10-26 11:48:19,191 INFO Apply tps control rule parse start,pointName=[CONFIG_PUSH_FAIL]  

2023-10-26 11:48:19,191 INFO Clear point  control rule ,pointName=[CONFIG_PUSH_FAIL]  

2023-10-26 11:48:19,191 INFO Clear point  control rule for monitorKeys, pointName=[CONFIG_PUSH_FAIL]  

2023-10-26 11:48:22,722 INFO Register tps control,pointName=ConfigQuery, point=com.alibaba.nacos.core.remote.control.TpsMonitorPoint@3727f0ee 

2023-10-26 11:48:22,723 INFO Load rule from local,pointName=ConfigQuery, ruleContent= 

2023-10-26 11:48:22,723 INFO Apply tps control rule parse start,pointName=[ConfigQuery]  

2023-10-26 11:48:22,724 INFO Clear point  control rule ,pointName=[ConfigQuery]  

2023-10-26 11:48:22,724 INFO Clear point  control rule for monitorKeys, pointName=[ConfigQuery]  

2023-10-26 11:48:22,725 INFO Register tps control,pointName=ClusterConfigChangeNotify, point=com.alibaba.nacos.core.remote.control.TpsMonitorPoint@5c448433 

2023-10-26 11:48:22,725 INFO Load rule from local,pointName=ClusterConfigChangeNotify, ruleContent= 

2023-10-26 11:48:22,725 INFO Apply tps control rule parse start,pointName=[ClusterConfigChangeNotify]  

2023-10-26 11:48:22,726 INFO Clear point  control rule ,pointName=[ClusterConfigChangeNotify]  

2023-10-26 11:48:22,726 INFO Clear point  control rule for monitorKeys, pointName=[ClusterConfigChangeNotify]  

2023-10-26 11:48:22,726 INFO Register tps control,pointName=ConfigListen, point=com.alibaba.nacos.core.remote.control.TpsMonitorPoint@fb713e7 

2023-10-26 11:48:22,727 INFO Load rule from local,pointName=ConfigListen, ruleContent= 

2023-10-26 11:48:22,727 INFO Apply tps control rule parse start,pointName=[ConfigListen]  

2023-10-26 11:48:22,728 INFO Clear point  control rule ,pointName=[ConfigListen]  

2023-10-26 11:48:22,728 INFO Clear point  control rule for monitorKeys, pointName=[ConfigListen]  

2023-10-26 11:48:22,728 INFO Register tps control,pointName=ConfigRemove, point=com.alibaba.nacos.core.remote.control.TpsMonitorPoint@1b5c3e5f 

2023-10-26 11:48:22,729 INFO Load rule from local,pointName=ConfigRemove, ruleContent= 

2023-10-26 11:48:22,729 INFO Apply tps control rule parse start,pointName=[ConfigRemove]  

2023-10-26 11:48:22,730 INFO Clear point  control rule ,pointName=[ConfigRemove]  

2023-10-26 11:48:22,730 INFO Clear point  control rule for monitorKeys, pointName=[ConfigRemove]  

2023-10-26 11:48:22,730 INFO Register tps control,pointName=ConfigPublish, point=com.alibaba.nacos.core.remote.control.TpsMonitorPoint@13741d5a 

2023-10-26 11:48:22,731 INFO Load rule from local,pointName=ConfigPublish, ruleContent= 

2023-10-26 11:48:22,731 INFO Apply tps control rule parse start,pointName=[ConfigPublish]  

2023-10-26 11:48:22,731 INFO Clear point  control rule ,pointName=[ConfigPublish]  

2023-10-26 11:48:22,731 INFO Clear point  control rule for monitorKeys, pointName=[ConfigPublish]  

2023-10-26 11:48:22,732 INFO Register tps control,pointName=HealthCheck, point=com.alibaba.nacos.core.remote.control.TpsMonitorPoint@6b69761b 

2023-10-26 11:48:22,732 INFO Load rule from local,pointName=HealthCheck, ruleContent= 

2023-10-26 11:48:22,732 INFO Apply tps control rule parse start,pointName=[HealthCheck]  

2023-10-26 11:48:22,732 INFO Clear point  control rule ,pointName=[HealthCheck]  

2023-10-26 11:48:22,732 INFO Clear point  control rule for monitorKeys, pointName=[HealthCheck]  

2023-10-26 14:49:10,138 INFO Register tps control,pointName=NAMING_RPC_PUSH, point=com.alibaba.nacos.core.remote.control.TpsMonitorPoint@76a0d025 

2023-10-26 14:49:10,140 INFO Load rule from local,pointName=NAMING_RPC_PUSH, ruleContent= 

2023-10-26 14:49:10,140 INFO Apply tps control rule parse start,pointName=[NAMING_RPC_PUSH]  

2023-10-26 14:49:10,141 INFO Clear point  control rule ,pointName=[NAMING_RPC_PUSH]  

2023-10-26 14:49:10,141 INFO Clear point  control rule for monitorKeys, pointName=[NAMING_RPC_PUSH]  

2023-10-26 14:49:10,142 INFO Register tps control,pointName=NAMING_RPC_PUSH_SUCCESS, point=com.alibaba.nacos.core.remote.control.TpsMonitorPoint@39863f0c 

2023-10-26 14:49:10,143 INFO Load rule from local,pointName=NAMING_RPC_PUSH_SUCCESS, ruleContent= 

2023-10-26 14:49:10,143 INFO Apply tps control rule parse start,pointName=[NAMING_RPC_PUSH_SUCCESS]  

2023-10-26 14:49:10,144 INFO Clear point  control rule ,pointName=[NAMING_RPC_PUSH_SUCCESS]  

2023-10-26 14:49:10,146 INFO Clear point  control rule for monitorKeys, pointName=[NAMING_RPC_PUSH_SUCCESS]  

2023-10-26 14:49:10,147 INFO Register tps control,pointName=NAMING_RPC_PUSH_FAIL, point=com.alibaba.nacos.core.remote.control.TpsMonitorPoint@5b5e7b46 

2023-10-26 14:49:10,147 INFO Load rule from local,pointName=NAMING_RPC_PUSH_FAIL, ruleContent= 

2023-10-26 14:49:10,148 INFO Apply tps control rule parse start,pointName=[NAMING_RPC_PUSH_FAIL]  

2023-10-26 14:49:10,148 INFO Clear point  control rule ,pointName=[NAMING_RPC_PUSH_FAIL]  

2023-10-26 14:49:10,148 INFO Clear point  control rule for monitorKeys, pointName=[NAMING_RPC_PUSH_FAIL]  

2023-10-26 14:49:10,149 INFO Register tps control,pointName=NAMING_UDP_PUSH, point=com.alibaba.nacos.core.remote.control.TpsMonitorPoint@4193ca0e 

2023-10-26 14:49:10,149 INFO Load rule from local,pointName=NAMING_UDP_PUSH, ruleContent= 

2023-10-26 14:49:10,150 INFO Apply tps control rule parse start,pointName=[NAMING_UDP_PUSH]  

2023-10-26 14:49:10,150 INFO Clear point  control rule ,pointName=[NAMING_UDP_PUSH]  

2023-10-26 14:49:10,151 INFO Clear point  control rule for monitorKeys, pointName=[NAMING_UDP_PUSH]  

2023-10-26 14:49:10,151 INFO Register tps control,pointName=NAMING_UDP_PUSH_SUCCESS, point=com.alibaba.nacos.core.remote.control.TpsMonitorPoint@31c20be1 

2023-10-26 14:49:10,152 INFO Load rule from local,pointName=NAMING_UDP_PUSH_SUCCESS, ruleContent= 

2023-10-26 14:49:10,152 INFO Apply tps control rule parse start,pointName=[NAMING_UDP_PUSH_SUCCESS]  

2023-10-26 14:49:10,153 INFO Clear point  control rule ,pointName=[NAMING_UDP_PUSH_SUCCESS]  

2023-10-26 14:49:10,153 INFO Clear point  control rule for monitorKeys, pointName=[NAMING_UDP_PUSH_SUCCESS]  

2023-10-26 14:49:10,153 INFO Register tps control,pointName=NAMING_UDP_PUSH_FAIL, point=com.alibaba.nacos.core.remote.control.TpsMonitorPoint@39343c8a 

2023-10-26 14:49:10,155 INFO Load rule from local,pointName=NAMING_UDP_PUSH_FAIL, ruleContent= 

2023-10-26 14:49:10,156 INFO Apply tps control rule parse start,pointName=[NAMING_UDP_PUSH_FAIL]  

2023-10-26 14:49:10,157 INFO Clear point  control rule ,pointName=[NAMING_UDP_PUSH_FAIL]  

2023-10-26 14:49:10,157 INFO Clear point  control rule for monitorKeys, pointName=[NAMING_UDP_PUSH_FAIL]  

2023-10-26 14:49:10,158 INFO Register tps control,pointName=NAMING_DISTRO_SYNC, point=com.alibaba.nacos.core.remote.control.TpsMonitorPoint@1198f4a1 

2023-10-26 14:49:10,159 INFO Load rule from local,pointName=NAMING_DISTRO_SYNC, ruleContent= 

2023-10-26 14:49:10,159 INFO Apply tps control rule parse start,pointName=[NAMING_DISTRO_SYNC]  

2023-10-26 14:49:10,160 INFO Clear point  control rule ,pointName=[NAMING_DISTRO_SYNC]  

2023-10-26 14:49:10,160 INFO Clear point  control rule for monitorKeys, pointName=[NAMING_DISTRO_SYNC]  

2023-10-26 14:49:10,161 INFO Register tps control,pointName=NAMING_DISTRO_SYNC_SUCCESS, point=com.alibaba.nacos.core.remote.control.TpsMonitorPoint@4e048f26 

2023-10-26 14:49:10,161 INFO Load rule from local,pointName=NAMING_DISTRO_SYNC_SUCCESS, ruleContent= 

2023-10-26 14:49:10,162 INFO Apply tps control rule parse start,pointName=[NAMING_DISTRO_SYNC_SUCCESS]  

2023-10-26 14:49:10,162 INFO Clear point  control rule ,pointName=[NAMING_DISTRO_SYNC_SUCCESS]  

2023-10-26 14:49:10,163 INFO Clear point  control rule for monitorKeys, pointName=[NAMING_DISTRO_SYNC_SUCCESS]  

2023-10-26 14:49:10,163 INFO Register tps control,pointName=NAMING_DISTRO_SYNC_FAIL, point=com.alibaba.nacos.core.remote.control.TpsMonitorPoint@6f381804 

2023-10-26 14:49:10,163 INFO Load rule from local,pointName=NAMING_DISTRO_SYNC_FAIL, ruleContent= 

2023-10-26 14:49:10,164 INFO Apply tps control rule parse start,pointName=[NAMING_DISTRO_SYNC_FAIL]  

2023-10-26 14:49:10,164 INFO Clear point  control rule ,pointName=[NAMING_DISTRO_SYNC_FAIL]  

2023-10-26 14:49:10,165 INFO Clear point  control rule for monitorKeys, pointName=[NAMING_DISTRO_SYNC_FAIL]  

2023-10-26 14:49:10,165 INFO Register tps control,pointName=NAMING_DISTRO_VERIFY, point=com.alibaba.nacos.core.remote.control.TpsMonitorPoint@7770b905 

2023-10-26 14:49:10,166 INFO Load rule from local,pointName=NAMING_DISTRO_VERIFY, ruleContent= 

2023-10-26 14:49:10,166 INFO Apply tps control rule parse start,pointName=[NAMING_DISTRO_VERIFY]  

2023-10-26 14:49:10,166 INFO Clear point  control rule ,pointName=[NAMING_DISTRO_VERIFY]  

2023-10-26 14:49:10,167 INFO Clear point  control rule for monitorKeys, pointName=[NAMING_DISTRO_VERIFY]  

2023-10-26 14:49:10,167 INFO Register tps control,pointName=NAMING_DISTRO_VERIFY_SUCCESS, point=com.alibaba.nacos.core.remote.control.TpsMonitorPoint@219b76b6 

2023-10-26 14:49:10,168 INFO Load rule from local,pointName=NAMING_DISTRO_VERIFY_SUCCESS, ruleContent= 

2023-10-26 14:49:10,169 INFO Apply tps control rule parse start,pointName=[NAMING_DISTRO_VERIFY_SUCCESS]  

2023-10-26 14:49:10,169 INFO Clear point  control rule ,pointName=[NAMING_DISTRO_VERIFY_SUCCESS]  

2023-10-26 14:49:10,169 INFO Clear point  control rule for monitorKeys, pointName=[NAMING_DISTRO_VERIFY_SUCCESS]  

2023-10-26 14:49:10,170 INFO Register tps control,pointName=NAMING_DISTRO_VERIFY_FAIL, point=com.alibaba.nacos.core.remote.control.TpsMonitorPoint@4b8ca01c 

2023-10-26 14:49:10,170 INFO Load rule from local,pointName=NAMING_DISTRO_VERIFY_FAIL, ruleContent= 

2023-10-26 14:49:10,171 INFO Apply tps control rule parse start,pointName=[NAMING_DISTRO_VERIFY_FAIL]  

2023-10-26 14:49:10,171 INFO Clear point  control rule ,pointName=[NAMING_DISTRO_VERIFY_FAIL]  

2023-10-26 14:49:10,174 INFO Clear point  control rule for monitorKeys, pointName=[NAMING_DISTRO_VERIFY_FAIL]  

2023-10-26 14:59:56,447 INFO Register tps control,pointName=CONFIG_PUSH_COUNT, point=com.alibaba.nacos.core.remote.control.TpsMonitorPoint@3051e0b2 

2023-10-26 14:59:56,508 INFO Load rule from local,pointName=CONFIG_PUSH_COUNT, ruleContent= 

2023-10-26 14:59:56,509 INFO Apply tps control rule parse start,pointName=[CONFIG_PUSH_COUNT]  

2023-10-26 14:59:56,510 INFO Clear point  control rule ,pointName=[CONFIG_PUSH_COUNT]  

2023-10-26 14:59:56,510 INFO Clear point  control rule for monitorKeys, pointName=[CONFIG_PUSH_COUNT]  

2023-10-26 14:59:56,511 INFO Register tps control,pointName=CONFIG_PUSH_SUCCESS, point=com.alibaba.nacos.core.remote.control.TpsMonitorPoint@1f52eb6f 

2023-10-26 14:59:56,511 INFO Load rule from local,pointName=CONFIG_PUSH_SUCCESS, ruleContent= 

2023-10-26 14:59:56,513 INFO Apply tps control rule parse start,pointName=[CONFIG_PUSH_SUCCESS]  

2023-10-26 14:59:56,514 INFO Clear point  control rule ,pointName=[CONFIG_PUSH_SUCCESS]  

2023-10-26 14:59:56,514 INFO Clear point  control rule for monitorKeys, pointName=[CONFIG_PUSH_SUCCESS]  

2023-10-26 14:59:56,514 INFO Register tps control,pointName=CONFIG_PUSH_FAIL, point=com.alibaba.nacos.core.remote.control.TpsMonitorPoint@57d0fc89 

2023-10-26 14:59:56,515 INFO Load rule from local,pointName=CONFIG_PUSH_FAIL, ruleContent= 

2023-10-26 14:59:56,515 INFO Apply tps control rule parse start,pointName=[CONFIG_PUSH_FAIL]  

2023-10-26 14:59:56,516 INFO Clear point  control rule ,pointName=[CONFIG_PUSH_FAIL]  

2023-10-26 14:59:56,517 INFO Clear point  control rule for monitorKeys, pointName=[CONFIG_PUSH_FAIL]  

2023-10-26 15:00:12,914 INFO Register tps control,pointName=ConfigQuery, point=com.alibaba.nacos.core.remote.control.TpsMonitorPoint@6c6333cd 

2023-10-26 15:00:12,918 INFO Load rule from local,pointName=ConfigQuery, ruleContent= 

2023-10-26 15:00:12,919 INFO Apply tps control rule parse start,pointName=[ConfigQuery]  

2023-10-26 15:00:12,919 INFO Clear point  control rule ,pointName=[ConfigQuery]  

2023-10-26 15:00:12,920 INFO Clear point  control rule for monitorKeys, pointName=[ConfigQuery]  

2023-10-26 15:00:12,931 INFO Register tps control,pointName=ClusterConfigChangeNotify, point=com.alibaba.nacos.core.remote.control.TpsMonitorPoint@3e47a03 

2023-10-26 15:00:12,932 INFO Load rule from local,pointName=ClusterConfigChangeNotify, ruleContent= 

2023-10-26 15:00:12,935 INFO Apply tps control rule parse start,pointName=[ClusterConfigChangeNotify]  

2023-10-26 15:00:12,938 INFO Clear point  control rule ,pointName=[ClusterConfigChangeNotify]  

2023-10-26 15:00:12,939 INFO Clear point  control rule for monitorKeys, pointName=[ClusterConfigChangeNotify]  

2023-10-26 15:00:12,939 INFO Register tps control,pointName=ConfigListen, point=com.alibaba.nacos.core.remote.control.TpsMonitorPoint@7d9ba6c 

2023-10-26 15:00:12,945 INFO Load rule from local,pointName=ConfigListen, ruleContent= 

2023-10-26 15:00:12,948 INFO Apply tps control rule parse start,pointName=[ConfigListen]  

2023-10-26 15:00:12,950 INFO Clear point  control rule ,pointName=[ConfigListen]  

2023-10-26 15:00:12,951 INFO Clear point  control rule for monitorKeys, pointName=[ConfigListen]  

2023-10-26 15:00:12,951 INFO Register tps control,pointName=ConfigRemove, point=com.alibaba.nacos.core.remote.control.TpsMonitorPoint@8deb645 

2023-10-26 15:00:12,952 INFO Load rule from local,pointName=ConfigRemove, ruleContent= 

2023-10-26 15:00:12,954 INFO Apply tps control rule parse start,pointName=[ConfigRemove]  

2023-10-26 15:00:12,954 INFO Clear point  control rule ,pointName=[ConfigRemove]  

2023-10-26 15:00:12,955 INFO Clear point  control rule for monitorKeys, pointName=[ConfigRemove]  

2023-10-26 15:00:12,956 INFO Register tps control,pointName=ConfigPublish, point=com.alibaba.nacos.core.remote.control.TpsMonitorPoint@7dd611c8 

2023-10-26 15:00:12,957 INFO Load rule from local,pointName=ConfigPublish, ruleContent= 

2023-10-26 15:00:12,957 INFO Apply tps control rule parse start,pointName=[ConfigPublish]  

2023-10-26 15:00:12,958 INFO Clear point  control rule ,pointName=[ConfigPublish]  

2023-10-26 15:00:12,958 INFO Clear point  control rule for monitorKeys, pointName=[ConfigPublish]  

2023-10-26 15:00:12,959 INFO Register tps control,pointName=HealthCheck, point=com.alibaba.nacos.core.remote.control.TpsMonitorPoint@5d425813 

2023-10-26 15:00:12,959 INFO Load rule from local,pointName=HealthCheck, ruleContent= 

2023-10-26 15:00:12,960 INFO Apply tps control rule parse start,pointName=[HealthCheck]  

2023-10-26 15:00:12,964 INFO Clear point  control rule ,pointName=[HealthCheck]  

2023-10-26 15:00:12,971 INFO Clear point  control rule for monitorKeys, pointName=[HealthCheck]  

2023-10-26 15:00:17,388 INFO Register tps control,pointName=NAMING_RPC_PUSH, point=com.alibaba.nacos.core.remote.control.TpsMonitorPoint@2d705b90 

2023-10-26 15:00:17,403 INFO Load rule from local,pointName=NAMING_RPC_PUSH, ruleContent= 

2023-10-26 15:00:17,405 INFO Apply tps control rule parse start,pointName=[NAMING_RPC_PUSH]  

2023-10-26 15:00:17,414 INFO Clear point  control rule ,pointName=[NAMING_RPC_PUSH]  

2023-10-26 15:00:17,417 INFO Clear point  control rule for monitorKeys, pointName=[NAMING_RPC_PUSH]  

2023-10-26 15:00:17,423 INFO Register tps control,pointName=NAMING_RPC_PUSH_SUCCESS, point=com.alibaba.nacos.core.remote.control.TpsMonitorPoint@415b03f0 

2023-10-26 15:00:17,431 INFO Load rule from local,pointName=NAMING_RPC_PUSH_SUCCESS, ruleContent= 

2023-10-26 15:00:17,431 INFO Apply tps control rule parse start,pointName=[NAMING_RPC_PUSH_SUCCESS]  

2023-10-26 15:00:17,431 INFO Clear point  control rule ,pointName=[NAMING_RPC_PUSH_SUCCESS]  

2023-10-26 15:00:17,432 INFO Clear point  control rule for monitorKeys, pointName=[NAMING_RPC_PUSH_SUCCESS]  

2023-10-26 15:00:17,432 INFO Register tps control,pointName=NAMING_RPC_PUSH_FAIL, point=com.alibaba.nacos.core.remote.control.TpsMonitorPoint@1542c50 

2023-10-26 15:00:17,432 INFO Load rule from local,pointName=NAMING_RPC_PUSH_FAIL, ruleContent= 

2023-10-26 15:00:17,433 INFO Apply tps control rule parse start,pointName=[NAMING_RPC_PUSH_FAIL]  

2023-10-26 15:00:17,433 INFO Clear point  control rule ,pointName=[NAMING_RPC_PUSH_FAIL]  

2023-10-26 15:00:17,433 INFO Clear point  control rule for monitorKeys, pointName=[NAMING_RPC_PUSH_FAIL]  

2023-10-26 15:00:17,433 INFO Register tps control,pointName=NAMING_UDP_PUSH, point=com.alibaba.nacos.core.remote.control.TpsMonitorPoint@40260863 

2023-10-26 15:00:17,434 INFO Load rule from local,pointName=NAMING_UDP_PUSH, ruleContent= 

2023-10-26 15:00:17,434 INFO Apply tps control rule parse start,pointName=[NAMING_UDP_PUSH]  

2023-10-26 15:00:17,436 INFO Clear point  control rule ,pointName=[NAMING_UDP_PUSH]  

2023-10-26 15:00:17,437 INFO Clear point  control rule for monitorKeys, pointName=[NAMING_UDP_PUSH]  

2023-10-26 15:00:17,438 INFO Register tps control,pointName=NAMING_UDP_PUSH_SUCCESS, point=com.alibaba.nacos.core.remote.control.TpsMonitorPoint@6f25772c 

2023-10-26 15:00:17,438 INFO Load rule from local,pointName=NAMING_UDP_PUSH_SUCCESS, ruleContent= 

2023-10-26 15:00:17,439 INFO Apply tps control rule parse start,pointName=[NAMING_UDP_PUSH_SUCCESS]  

2023-10-26 15:00:17,439 INFO Clear point  control rule ,pointName=[NAMING_UDP_PUSH_SUCCESS]  

2023-10-26 15:00:17,440 INFO Clear point  control rule for monitorKeys, pointName=[NAMING_UDP_PUSH_SUCCESS]  

2023-10-26 15:00:17,440 INFO Register tps control,pointName=NAMING_UDP_PUSH_FAIL, point=com.alibaba.nacos.core.remote.control.TpsMonitorPoint@7678adbb 

2023-10-26 15:00:17,441 INFO Load rule from local,pointName=NAMING_UDP_PUSH_FAIL, ruleContent= 

2023-10-26 15:00:17,441 INFO Apply tps control rule parse start,pointName=[NAMING_UDP_PUSH_FAIL]  

2023-10-26 15:00:17,442 INFO Clear point  control rule ,pointName=[NAMING_UDP_PUSH_FAIL]  

2023-10-26 15:00:17,442 INFO Clear point  control rule for monitorKeys, pointName=[NAMING_UDP_PUSH_FAIL]  

2023-10-26 15:00:17,443 INFO Register tps control,pointName=NAMING_DISTRO_SYNC, point=com.alibaba.nacos.core.remote.control.TpsMonitorPoint@566e2988 

2023-10-26 15:00:17,443 INFO Load rule from local,pointName=NAMING_DISTRO_SYNC, ruleContent= 

2023-10-26 15:00:17,444 INFO Apply tps control rule parse start,pointName=[NAMING_DISTRO_SYNC]  

2023-10-26 15:00:17,444 INFO Clear point  control rule ,pointName=[NAMING_DISTRO_SYNC]  

2023-10-26 15:00:17,444 INFO Clear point  control rule for monitorKeys, pointName=[NAMING_DISTRO_SYNC]  

2023-10-26 15:00:17,445 INFO Register tps control,pointName=NAMING_DISTRO_SYNC_SUCCESS, point=com.alibaba.nacos.core.remote.control.TpsMonitorPoint@267b4636 

2023-10-26 15:00:17,445 INFO Load rule from local,pointName=NAMING_DISTRO_SYNC_SUCCESS, ruleContent= 

2023-10-26 15:00:17,446 INFO Apply tps control rule parse start,pointName=[NAMING_DISTRO_SYNC_SUCCESS]  

2023-10-26 15:00:17,446 INFO Clear point  control rule ,pointName=[NAMING_DISTRO_SYNC_SUCCESS]  

2023-10-26 15:00:17,446 INFO Clear point  control rule for monitorKeys, pointName=[NAMING_DISTRO_SYNC_SUCCESS]  

2023-10-26 15:00:17,447 INFO Register tps control,pointName=NAMING_DISTRO_SYNC_FAIL, point=com.alibaba.nacos.core.remote.control.TpsMonitorPoint@6223d9c2 

2023-10-26 15:00:17,447 INFO Load rule from local,pointName=NAMING_DISTRO_SYNC_FAIL, ruleContent= 

2023-10-26 15:00:17,448 INFO Apply tps control rule parse start,pointName=[NAMING_DISTRO_SYNC_FAIL]  

2023-10-26 15:00:17,448 INFO Clear point  control rule ,pointName=[NAMING_DISTRO_SYNC_FAIL]  

2023-10-26 15:00:17,448 INFO Clear point  control rule for monitorKeys, pointName=[NAMING_DISTRO_SYNC_FAIL]  

2023-10-26 15:00:17,449 INFO Register tps control,pointName=NAMING_DISTRO_VERIFY, point=com.alibaba.nacos.core.remote.control.TpsMonitorPoint@5105b548 

2023-10-26 15:00:17,449 INFO Load rule from local,pointName=NAMING_DISTRO_VERIFY, ruleContent= 

2023-10-26 15:00:17,450 INFO Apply tps control rule parse start,pointName=[NAMING_DISTRO_VERIFY]  

2023-10-26 15:00:17,450 INFO Clear point  control rule ,pointName=[NAMING_DISTRO_VERIFY]  

2023-10-26 15:00:17,450 INFO Clear point  control rule for monitorKeys, pointName=[NAMING_DISTRO_VERIFY]  

2023-10-26 15:00:17,451 INFO Register tps control,pointName=NAMING_DISTRO_VERIFY_SUCCESS, point=com.alibaba.nacos.core.remote.control.TpsMonitorPoint@7680f489 

2023-10-26 15:00:17,452 INFO Load rule from local,pointName=NAMING_DISTRO_VERIFY_SUCCESS, ruleContent= 

2023-10-26 15:00:17,452 INFO Apply tps control rule parse start,pointName=[NAMING_DISTRO_VERIFY_SUCCESS]  

2023-10-26 15:00:17,452 INFO Clear point  control rule ,pointName=[NAMING_DISTRO_VERIFY_SUCCESS]  

2023-10-26 15:00:17,453 INFO Clear point  control rule for monitorKeys, pointName=[NAMING_DISTRO_VERIFY_SUCCESS]  

2023-10-26 15:00:17,453 INFO Register tps control,pointName=NAMING_DISTRO_VERIFY_FAIL, point=com.alibaba.nacos.core.remote.control.TpsMonitorPoint@ab65699 

2023-10-26 15:00:17,465 INFO Load rule from local,pointName=NAMING_DISTRO_VERIFY_FAIL, ruleContent= 

2023-10-26 15:00:17,465 INFO Apply tps control rule parse start,pointName=[NAMING_DISTRO_VERIFY_FAIL]  

2023-10-26 15:00:17,465 INFO Clear point  control rule ,pointName=[NAMING_DISTRO_VERIFY_FAIL]  

2023-10-26 15:00:17,466 INFO Clear point  control rule for monitorKeys, pointName=[NAMING_DISTRO_VERIFY_FAIL]  

2023-10-26 15:10:25,031 INFO Register tps control,pointName=CONFIG_PUSH_COUNT, point=com.alibaba.nacos.core.remote.control.TpsMonitorPoint@377008df 

2023-10-26 15:10:25,033 INFO Load rule from local,pointName=CONFIG_PUSH_COUNT, ruleContent= 

2023-10-26 15:10:25,034 INFO Apply tps control rule parse start,pointName=[CONFIG_PUSH_COUNT]  

2023-10-26 15:10:25,034 INFO Clear point  control rule ,pointName=[CONFIG_PUSH_COUNT]  

2023-10-26 15:10:25,035 INFO Clear point  control rule for monitorKeys, pointName=[CONFIG_PUSH_COUNT]  

2023-10-26 15:10:25,035 INFO Register tps control,pointName=CONFIG_PUSH_SUCCESS, point=com.alibaba.nacos.core.remote.control.TpsMonitorPoint@540dbda9 

2023-10-26 15:10:25,036 INFO Load rule from local,pointName=CONFIG_PUSH_SUCCESS, ruleContent= 

2023-10-26 15:10:25,036 INFO Apply tps control rule parse start,pointName=[CONFIG_PUSH_SUCCESS]  

2023-10-26 15:10:25,036 INFO Clear point  control rule ,pointName=[CONFIG_PUSH_SUCCESS]  

2023-10-26 15:10:25,036 INFO Clear point  control rule for monitorKeys, pointName=[CONFIG_PUSH_SUCCESS]  

2023-10-26 15:10:25,037 INFO Register tps control,pointName=CONFIG_PUSH_FAIL, point=com.alibaba.nacos.core.remote.control.TpsMonitorPoint@22bb5646 

2023-10-26 15:10:25,037 INFO Load rule from local,pointName=CONFIG_PUSH_FAIL, ruleContent= 

2023-10-26 15:10:25,037 INFO Apply tps control rule parse start,pointName=[CONFIG_PUSH_FAIL]  

2023-10-26 15:10:25,037 INFO Clear point  control rule ,pointName=[CONFIG_PUSH_FAIL]  

2023-10-26 15:10:25,037 INFO Clear point  control rule for monitorKeys, pointName=[CONFIG_PUSH_FAIL]  

2023-10-26 15:10:28,907 INFO Register tps control,pointName=ConfigQuery, point=com.alibaba.nacos.core.remote.control.TpsMonitorPoint@1a2909ae 

2023-10-26 15:10:28,908 INFO Load rule from local,pointName=ConfigQuery, ruleContent= 

2023-10-26 15:10:28,909 INFO Apply tps control rule parse start,pointName=[ConfigQuery]  

2023-10-26 15:10:28,910 INFO Clear point  control rule ,pointName=[ConfigQuery]  

2023-10-26 15:10:28,910 INFO Clear point  control rule for monitorKeys, pointName=[ConfigQuery]  

2023-10-26 15:10:28,911 INFO Register tps control,pointName=ClusterConfigChangeNotify, point=com.alibaba.nacos.core.remote.control.TpsMonitorPoint@e042c99 

2023-10-26 15:10:28,912 INFO Load rule from local,pointName=ClusterConfigChangeNotify, ruleContent= 

2023-10-26 15:10:28,913 INFO Apply tps control rule parse start,pointName=[ClusterConfigChangeNotify]  

2023-10-26 15:10:28,913 INFO Clear point  control rule ,pointName=[ClusterConfigChangeNotify]  

2023-10-26 15:10:28,914 INFO Clear point  control rule for monitorKeys, pointName=[ClusterConfigChangeNotify]  

2023-10-26 15:10:28,914 INFO Register tps control,pointName=ConfigListen, point=com.alibaba.nacos.core.remote.control.TpsMonitorPoint@3f702946 

2023-10-26 15:10:28,915 INFO Load rule from local,pointName=ConfigListen, ruleContent= 

2023-10-26 15:10:28,915 INFO Apply tps control rule parse start,pointName=[ConfigListen]  

2023-10-26 15:10:28,915 INFO Clear point  control rule ,pointName=[ConfigListen]  

2023-10-26 15:10:28,916 INFO Clear point  control rule for monitorKeys, pointName=[ConfigListen]  

2023-10-26 15:10:28,916 INFO Register tps control,pointName=ConfigRemove, point=com.alibaba.nacos.core.remote.control.TpsMonitorPoint@42b6d0cc 

2023-10-26 15:10:28,917 INFO Load rule from local,pointName=ConfigRemove, ruleContent= 

2023-10-26 15:10:28,917 INFO Apply tps control rule parse start,pointName=[ConfigRemove]  

2023-10-26 15:10:28,918 INFO Clear point  control rule ,pointName=[ConfigRemove]  

2023-10-26 15:10:28,918 INFO Clear point  control rule for monitorKeys, pointName=[ConfigRemove]  

2023-10-26 15:10:28,919 INFO Register tps control,pointName=ConfigPublish, point=com.alibaba.nacos.core.remote.control.TpsMonitorPoint@1000d54d 

2023-10-26 15:10:28,919 INFO Load rule from local,pointName=ConfigPublish, ruleContent= 

2023-10-26 15:10:28,919 INFO Apply tps control rule parse start,pointName=[ConfigPublish]  

2023-10-26 15:10:28,919 INFO Clear point  control rule ,pointName=[ConfigPublish]  

2023-10-26 15:10:28,920 INFO Clear point  control rule for monitorKeys, pointName=[ConfigPublish]  

2023-10-26 15:10:28,920 INFO Register tps control,pointName=HealthCheck, point=com.alibaba.nacos.core.remote.control.TpsMonitorPoint@3f4f5330 

2023-10-26 15:10:28,920 INFO Load rule from local,pointName=HealthCheck, ruleContent= 

2023-10-26 15:10:28,920 INFO Apply tps control rule parse start,pointName=[HealthCheck]  

2023-10-26 15:10:28,921 INFO Clear point  control rule ,pointName=[HealthCheck]  

2023-10-26 15:10:28,921 INFO Clear point  control rule for monitorKeys, pointName=[HealthCheck]  

2023-10-26 16:11:30,129 INFO Register tps control,pointName=CONFIG_PUSH_COUNT, point=com.alibaba.nacos.core.remote.control.TpsMonitorPoint@6e1d4137 

2023-10-26 16:11:30,131 INFO Load rule from local,pointName=CONFIG_PUSH_COUNT, ruleContent= 

2023-10-26 16:11:30,131 INFO Apply tps control rule parse start,pointName=[CONFIG_PUSH_COUNT]  

2023-10-26 16:11:30,131 INFO Clear point  control rule ,pointName=[CONFIG_PUSH_COUNT]  

2023-10-26 16:11:30,132 INFO Clear point  control rule for monitorKeys, pointName=[CONFIG_PUSH_COUNT]  

2023-10-26 16:11:30,132 INFO Register tps control,pointName=CONFIG_PUSH_SUCCESS, point=com.alibaba.nacos.core.remote.control.TpsMonitorPoint@256a1825 

2023-10-26 16:11:30,133 INFO Load rule from local,pointName=CONFIG_PUSH_SUCCESS, ruleContent= 

2023-10-26 16:11:30,133 INFO Apply tps control rule parse start,pointName=[CONFIG_PUSH_SUCCESS]  

2023-10-26 16:11:30,134 INFO Clear point  control rule ,pointName=[CONFIG_PUSH_SUCCESS]  

2023-10-26 16:11:30,134 INFO Clear point  control rule for monitorKeys, pointName=[CONFIG_PUSH_SUCCESS]  

2023-10-26 16:11:30,134 INFO Register tps control,pointName=CONFIG_PUSH_FAIL, point=com.alibaba.nacos.core.remote.control.TpsMonitorPoint@29a4f594 

2023-10-26 16:11:30,135 INFO Load rule from local,pointName=CONFIG_PUSH_FAIL, ruleContent= 

2023-10-26 16:11:30,135 INFO Apply tps control rule parse start,pointName=[CONFIG_PUSH_FAIL]  

2023-10-26 16:11:30,135 INFO Clear point  control rule ,pointName=[CONFIG_PUSH_FAIL]  

2023-10-26 16:11:30,135 INFO Clear point  control rule for monitorKeys, pointName=[CONFIG_PUSH_FAIL]  

2023-10-26 16:11:34,170 INFO Register tps control,pointName=ConfigQuery, point=com.alibaba.nacos.core.remote.control.TpsMonitorPoint@181e72d3 

2023-10-26 16:11:34,172 INFO Load rule from local,pointName=ConfigQuery, ruleContent= 

2023-10-26 16:11:34,173 INFO Apply tps control rule parse start,pointName=[ConfigQuery]  

2023-10-26 16:11:34,173 INFO Clear point  control rule ,pointName=[ConfigQuery]  

2023-10-26 16:11:34,174 INFO Clear point  control rule for monitorKeys, pointName=[ConfigQuery]  

2023-10-26 16:11:34,174 INFO Register tps control,pointName=ClusterConfigChangeNotify, point=com.alibaba.nacos.core.remote.control.TpsMonitorPoint@6ec7bce0 

2023-10-26 16:11:34,175 INFO Load rule from local,pointName=ClusterConfigChangeNotify, ruleContent= 

2023-10-26 16:11:34,176 INFO Apply tps control rule parse start,pointName=[ClusterConfigChangeNotify]  

2023-10-26 16:11:34,177 INFO Clear point  control rule ,pointName=[ClusterConfigChangeNotify]  

2023-10-26 16:11:34,177 INFO Clear point  control rule for monitorKeys, pointName=[ClusterConfigChangeNotify]  

2023-10-26 16:11:34,178 INFO Register tps control,pointName=ConfigListen, point=com.alibaba.nacos.core.remote.control.TpsMonitorPoint@2d272b0d 

2023-10-26 16:11:34,179 INFO Load rule from local,pointName=ConfigListen, ruleContent= 

2023-10-26 16:11:34,180 INFO Apply tps control rule parse start,pointName=[ConfigListen]  

2023-10-26 16:11:34,180 INFO Clear point  control rule ,pointName=[ConfigListen]  

2023-10-26 16:11:34,181 INFO Clear point  control rule for monitorKeys, pointName=[ConfigListen]  

2023-10-26 16:11:34,181 INFO Register tps control,pointName=ConfigRemove, point=com.alibaba.nacos.core.remote.control.TpsMonitorPoint@3727f0ee 

2023-10-26 16:11:34,182 INFO Load rule from local,pointName=ConfigRemove, ruleContent= 

2023-10-26 16:11:34,183 INFO Apply tps control rule parse start,pointName=[ConfigRemove]  

2023-10-26 16:11:34,183 INFO Clear point  control rule ,pointName=[ConfigRemove]  

2023-10-26 16:11:34,184 INFO Clear point  control rule for monitorKeys, pointName=[ConfigRemove]  

2023-10-26 16:11:34,184 INFO Register tps control,pointName=ConfigPublish, point=com.alibaba.nacos.core.remote.control.TpsMonitorPoint@5c448433 

2023-10-26 16:11:34,185 INFO Load rule from local,pointName=ConfigPublish, ruleContent= 

2023-10-26 16:11:34,185 INFO Apply tps control rule parse start,pointName=[ConfigPublish]  

2023-10-26 16:11:34,186 INFO Clear point  control rule ,pointName=[ConfigPublish]  

2023-10-26 16:11:34,187 INFO Clear point  control rule for monitorKeys, pointName=[ConfigPublish]  

2023-10-26 16:11:34,188 INFO Register tps control,pointName=HealthCheck, point=com.alibaba.nacos.core.remote.control.TpsMonitorPoint@fb713e7 

2023-10-26 16:11:34,189 INFO Load rule from local,pointName=HealthCheck, ruleContent= 

2023-10-26 16:11:34,190 INFO Apply tps control rule parse start,pointName=[HealthCheck]  

2023-10-26 16:11:34,190 INFO Clear point  control rule ,pointName=[HealthCheck]  

2023-10-26 16:11:34,190 INFO Clear point  control rule for monitorKeys, pointName=[HealthCheck]  

2023-10-26 16:31:05,775 INFO Register tps control,pointName=CONFIG_PUSH_COUNT, point=com.alibaba.nacos.core.remote.control.TpsMonitorPoint@67c277a0 

2023-10-26 16:31:05,776 INFO Load rule from local,pointName=CONFIG_PUSH_COUNT, ruleContent= 

2023-10-26 16:31:05,776 INFO Apply tps control rule parse start,pointName=[CONFIG_PUSH_COUNT]  

2023-10-26 16:31:05,777 INFO Clear point  control rule ,pointName=[CONFIG_PUSH_COUNT]  

2023-10-26 16:31:05,777 INFO Clear point  control rule for monitorKeys, pointName=[CONFIG_PUSH_COUNT]  

2023-10-26 16:31:05,777 INFO Register tps control,pointName=CONFIG_PUSH_SUCCESS, point=com.alibaba.nacos.core.remote.control.TpsMonitorPoint@6fc3e1a4 

2023-10-26 16:31:05,778 INFO Load rule from local,pointName=CONFIG_PUSH_SUCCESS, ruleContent= 

2023-10-26 16:31:05,778 INFO Apply tps control rule parse start,pointName=[CONFIG_PUSH_SUCCESS]  

2023-10-26 16:31:05,778 INFO Clear point  control rule ,pointName=[CONFIG_PUSH_SUCCESS]  

2023-10-26 16:31:05,779 INFO Clear point  control rule for monitorKeys, pointName=[CONFIG_PUSH_SUCCESS]  

2023-10-26 16:31:05,779 INFO Register tps control,pointName=CONFIG_PUSH_FAIL, point=com.alibaba.nacos.core.remote.control.TpsMonitorPoint@3fa76c61 

2023-10-26 16:31:05,779 INFO Load rule from local,pointName=CONFIG_PUSH_COUNT, ruleContent= 

2023-10-26 16:31:05,779 INFO Apply tps control rule parse start,pointName=[CONFIG_PUSH_COUNT]  

2023-10-26 16:31:05,779 INFO Clear point  control rule ,pointName=[CONFIG_PUSH_COUNT]  

2023-10-26 16:31:05,780 INFO Clear point  control rule for monitorKeys, pointName=[CONFIG_PUSH_COUNT]  

2023-10-26 16:31:05,780 INFO Load rule from local,pointName=CONFIG_PUSH_FAIL, ruleContent= 

2023-10-26 16:31:05,780 INFO Apply tps control rule parse start,pointName=[CONFIG_PUSH_FAIL]  

2023-10-26 16:31:05,780 INFO Clear point  control rule ,pointName=[CONFIG_PUSH_FAIL]  

2023-10-26 16:31:05,781 INFO Clear point  control rule for monitorKeys, pointName=[CONFIG_PUSH_FAIL]  

2023-10-26 16:31:05,781 INFO Load rule from local,pointName=CONFIG_PUSH_SUCCESS, ruleContent= 

2023-10-26 16:31:05,781 INFO Apply tps control rule parse start,pointName=[CONFIG_PUSH_SUCCESS]  

2023-10-26 16:31:05,781 INFO Clear point  control rule ,pointName=[CONFIG_PUSH_SUCCESS]  

2023-10-26 16:31:05,782 INFO Clear point  control rule for monitorKeys, pointName=[CONFIG_PUSH_SUCCESS]  

2023-10-26 16:31:05,782 INFO Load rule from local,pointName=CONFIG_PUSH_FAIL, ruleContent= 

2023-10-26 16:31:05,782 INFO Apply tps control rule parse start,pointName=[CONFIG_PUSH_FAIL]  

2023-10-26 16:31:05,782 INFO Clear point  control rule ,pointName=[CONFIG_PUSH_FAIL]  

2023-10-26 16:31:05,783 INFO Clear point  control rule for monitorKeys, pointName=[CONFIG_PUSH_FAIL]  

2023-10-26 17:20:18,671 INFO Register tps control,pointName=CONFIG_PUSH_COUNT, point=com.alibaba.nacos.core.remote.control.TpsMonitorPoint@5327a06e 

2023-10-26 17:20:18,672 INFO Load rule from local,pointName=CONFIG_PUSH_COUNT, ruleContent= 

2023-10-26 17:20:18,673 INFO Apply tps control rule parse start,pointName=[CONFIG_PUSH_COUNT]  

2023-10-26 17:20:18,673 INFO Clear point  control rule ,pointName=[CONFIG_PUSH_COUNT]  

2023-10-26 17:20:18,673 INFO Clear point  control rule for monitorKeys, pointName=[CONFIG_PUSH_COUNT]  

2023-10-26 17:20:18,673 INFO Register tps control,pointName=CONFIG_PUSH_SUCCESS, point=com.alibaba.nacos.core.remote.control.TpsMonitorPoint@2679311f 

2023-10-26 17:20:18,674 INFO Load rule from local,pointName=CONFIG_PUSH_SUCCESS, ruleContent= 

2023-10-26 17:20:18,674 INFO Apply tps control rule parse start,pointName=[CONFIG_PUSH_SUCCESS]  

2023-10-26 17:20:18,675 INFO Clear point  control rule ,pointName=[CONFIG_PUSH_SUCCESS]  

2023-10-26 17:20:18,675 INFO Clear point  control rule for monitorKeys, pointName=[CONFIG_PUSH_SUCCESS]  

2023-10-26 17:20:18,675 INFO Register tps control,pointName=CONFIG_PUSH_FAIL, point=com.alibaba.nacos.core.remote.control.TpsMonitorPoint@287f7811 

2023-10-26 17:20:18,676 INFO Load rule from local,pointName=CONFIG_PUSH_COUNT, ruleContent= 

2023-10-26 17:20:18,677 INFO Apply tps control rule parse start,pointName=[CONFIG_PUSH_COUNT]  

2023-10-26 17:20:18,677 INFO Clear point  control rule ,pointName=[CONFIG_PUSH_COUNT]  

2023-10-26 17:20:18,677 INFO Clear point  control rule for monitorKeys, pointName=[CONFIG_PUSH_COUNT]  

2023-10-26 17:20:18,677 INFO Load rule from local,pointName=CONFIG_PUSH_FAIL, ruleContent= 

2023-10-26 17:20:18,678 INFO Apply tps control rule parse start,pointName=[CONFIG_PUSH_FAIL]  

2023-10-26 17:20:18,678 INFO Clear point  control rule ,pointName=[CONFIG_PUSH_FAIL]  

2023-10-26 17:20:18,678 INFO Clear point  control rule for monitorKeys, pointName=[CONFIG_PUSH_FAIL]  

2023-10-26 17:20:18,678 INFO Load rule from local,pointName=CONFIG_PUSH_SUCCESS, ruleContent= 

2023-10-26 17:20:18,679 INFO Apply tps control rule parse start,pointName=[CONFIG_PUSH_SUCCESS]  

2023-10-26 17:20:18,679 INFO Clear point  control rule ,pointName=[CONFIG_PUSH_SUCCESS]  

2023-10-26 17:20:18,679 INFO Clear point  control rule for monitorKeys, pointName=[CONFIG_PUSH_SUCCESS]  

2023-10-26 17:20:18,680 INFO Load rule from local,pointName=CONFIG_PUSH_FAIL, ruleContent= 

2023-10-26 17:20:18,680 INFO Apply tps control rule parse start,pointName=[CONFIG_PUSH_FAIL]  

2023-10-26 17:20:18,680 INFO Clear point  control rule ,pointName=[CONFIG_PUSH_FAIL]  

2023-10-26 17:20:18,680 INFO Clear point  control rule for monitorKeys, pointName=[CONFIG_PUSH_FAIL]  

2023-10-26 17:20:22,269 INFO Register tps control,pointName=ConfigQuery, point=com.alibaba.nacos.core.remote.control.TpsMonitorPoint@78226c36 

2023-10-26 17:20:22,271 INFO Load rule from local,pointName=ConfigQuery, ruleContent= 

2023-10-26 17:20:22,271 INFO Apply tps control rule parse start,pointName=[ConfigQuery]  

2023-10-26 17:20:22,271 INFO Clear point  control rule ,pointName=[ConfigQuery]  

2023-10-26 17:20:22,272 INFO Clear point  control rule for monitorKeys, pointName=[ConfigQuery]  

2023-10-26 17:20:22,272 INFO Register tps control,pointName=ClusterConfigChangeNotify, point=com.alibaba.nacos.core.remote.control.TpsMonitorPoint@3f685162 

2023-10-26 17:20:22,273 INFO Load rule from local,pointName=ClusterConfigChangeNotify, ruleContent= 

2023-10-26 17:20:22,273 INFO Apply tps control rule parse start,pointName=[ClusterConfigChangeNotify]  

2023-10-26 17:20:22,273 INFO Clear point  control rule ,pointName=[ClusterConfigChangeNotify]  

2023-10-26 17:20:22,273 INFO Clear point  control rule for monitorKeys, pointName=[ClusterConfigChangeNotify]  

2023-10-26 17:20:22,274 INFO Register tps control,pointName=ConfigListen, point=com.alibaba.nacos.core.remote.control.TpsMonitorPoint@11f406f8 

2023-10-26 17:20:22,274 INFO Load rule from local,pointName=ConfigListen, ruleContent= 

2023-10-26 17:20:22,275 INFO Apply tps control rule parse start,pointName=[ConfigListen]  

2023-10-26 17:20:22,275 INFO Clear point  control rule ,pointName=[ConfigListen]  

2023-10-26 17:20:22,275 INFO Clear point  control rule for monitorKeys, pointName=[ConfigListen]  

2023-10-26 17:20:22,275 INFO Register tps control,pointName=ConfigRemove, point=com.alibaba.nacos.core.remote.control.TpsMonitorPoint@987455b 

2023-10-26 17:20:22,276 INFO Load rule from local,pointName=ConfigRemove, ruleContent= 

2023-10-26 17:20:22,276 INFO Apply tps control rule parse start,pointName=[ConfigRemove]  

2023-10-26 17:20:22,276 INFO Clear point  control rule ,pointName=[ConfigRemove]  

2023-10-26 17:20:22,276 INFO Clear point  control rule for monitorKeys, pointName=[ConfigRemove]  

2023-10-26 17:20:22,277 INFO Register tps control,pointName=ConfigPublish, point=com.alibaba.nacos.core.remote.control.TpsMonitorPoint@622fdb81 

2023-10-26 17:20:22,277 INFO Load rule from local,pointName=ConfigPublish, ruleContent= 

2023-10-26 17:20:22,278 INFO Apply tps control rule parse start,pointName=[ConfigPublish]  

2023-10-26 17:20:22,278 INFO Clear point  control rule ,pointName=[ConfigPublish]  

2023-10-26 17:20:22,278 INFO Clear point  control rule for monitorKeys, pointName=[ConfigPublish]  

2023-10-26 17:20:22,278 INFO Register tps control,pointName=HealthCheck, point=com.alibaba.nacos.core.remote.control.TpsMonitorPoint@1f3165e7 

2023-10-26 17:20:22,279 INFO Load rule from local,pointName=HealthCheck, ruleContent= 

2023-10-26 17:20:22,279 INFO Apply tps control rule parse start,pointName=[HealthCheck]  

2023-10-26 17:20:22,279 INFO Clear point  control rule ,pointName=[HealthCheck]  

2023-10-26 17:20:22,279 INFO Clear point  control rule for monitorKeys, pointName=[HealthCheck]  

2023-10-26 17:25:06,125 INFO Register tps control,pointName=CONFIG_PUSH_COUNT, point=com.alibaba.nacos.core.remote.control.TpsMonitorPoint@2ce45a7b 

2023-10-26 17:25:06,126 INFO Load rule from local,pointName=CONFIG_PUSH_COUNT, ruleContent= 

2023-10-26 17:25:06,127 INFO Apply tps control rule parse start,pointName=[CONFIG_PUSH_COUNT]  

2023-10-26 17:25:06,127 INFO Clear point  control rule ,pointName=[CONFIG_PUSH_COUNT]  

2023-10-26 17:25:06,128 INFO Clear point  control rule for monitorKeys, pointName=[CONFIG_PUSH_COUNT]  

2023-10-26 17:25:06,128 INFO Register tps control,pointName=CONFIG_PUSH_SUCCESS, point=com.alibaba.nacos.core.remote.control.TpsMonitorPoint@153d4abb 

2023-10-26 17:25:06,128 INFO Load rule from local,pointName=CONFIG_PUSH_SUCCESS, ruleContent= 

2023-10-26 17:25:06,129 INFO Apply tps control rule parse start,pointName=[CONFIG_PUSH_SUCCESS]  

2023-10-26 17:25:06,130 INFO Clear point  control rule ,pointName=[CONFIG_PUSH_SUCCESS]  

2023-10-26 17:25:06,130 INFO Clear point  control rule for monitorKeys, pointName=[CONFIG_PUSH_SUCCESS]  

2023-10-26 17:25:06,130 INFO Register tps control,pointName=CONFIG_PUSH_FAIL, point=com.alibaba.nacos.core.remote.control.TpsMonitorPoint@6d4c273c 

2023-10-26 17:25:06,131 INFO Load rule from local,pointName=CONFIG_PUSH_FAIL, ruleContent= 

2023-10-26 17:25:06,131 INFO Apply tps control rule parse start,pointName=[CONFIG_PUSH_FAIL]  

2023-10-26 17:25:06,131 INFO Clear point  control rule ,pointName=[CONFIG_PUSH_FAIL]  

2023-10-26 17:25:06,132 INFO Clear point  control rule for monitorKeys, pointName=[CONFIG_PUSH_FAIL]  

2023-10-26 17:25:09,840 INFO Register tps control,pointName=ConfigQuery, point=com.alibaba.nacos.core.remote.control.TpsMonitorPoint@181e72d3 

2023-10-26 17:25:09,841 INFO Load rule from local,pointName=ConfigQuery, ruleContent= 

2023-10-26 17:25:09,841 INFO Apply tps control rule parse start,pointName=[ConfigQuery]  

2023-10-26 17:25:09,841 INFO Clear point  control rule ,pointName=[ConfigQuery]  

2023-10-26 17:25:09,842 INFO Clear point  control rule for monitorKeys, pointName=[ConfigQuery]  

2023-10-26 17:25:09,842 INFO Register tps control,pointName=ClusterConfigChangeNotify, point=com.alibaba.nacos.core.remote.control.TpsMonitorPoint@6ec7bce0 

2023-10-26 17:25:09,843 INFO Load rule from local,pointName=ClusterConfigChangeNotify, ruleContent= 

2023-10-26 17:25:09,843 INFO Apply tps control rule parse start,pointName=[ClusterConfigChangeNotify]  

2023-10-26 17:25:09,843 INFO Clear point  control rule ,pointName=[ClusterConfigChangeNotify]  

2023-10-26 17:25:09,844 INFO Clear point  control rule for monitorKeys, pointName=[ClusterConfigChangeNotify]  

2023-10-26 17:25:09,844 INFO Register tps control,pointName=ConfigListen, point=com.alibaba.nacos.core.remote.control.TpsMonitorPoint@2d272b0d 

2023-10-26 17:25:09,844 INFO Load rule from local,pointName=ConfigListen, ruleContent= 

2023-10-26 17:25:09,844 INFO Apply tps control rule parse start,pointName=[ConfigListen]  

2023-10-26 17:25:09,845 INFO Clear point  control rule ,pointName=[ConfigListen]  

2023-10-26 17:25:09,845 INFO Clear point  control rule for monitorKeys, pointName=[ConfigListen]  

2023-10-26 17:25:09,845 INFO Register tps control,pointName=ConfigRemove, point=com.alibaba.nacos.core.remote.control.TpsMonitorPoint@3727f0ee 

2023-10-26 17:25:09,846 INFO Load rule from local,pointName=ConfigRemove, ruleContent= 

2023-10-26 17:25:09,847 INFO Apply tps control rule parse start,pointName=[ConfigRemove]  

2023-10-26 17:25:09,847 INFO Clear point  control rule ,pointName=[ConfigRemove]  

2023-10-26 17:25:09,847 INFO Clear point  control rule for monitorKeys, pointName=[ConfigRemove]  

2023-10-26 17:25:09,848 INFO Register tps control,pointName=ConfigPublish, point=com.alibaba.nacos.core.remote.control.TpsMonitorPoint@5c448433 

2023-10-26 17:25:09,848 INFO Load rule from local,pointName=ConfigPublish, ruleContent= 

2023-10-26 17:25:09,848 INFO Apply tps control rule parse start,pointName=[ConfigPublish]  

2023-10-26 17:25:09,849 INFO Clear point  control rule ,pointName=[ConfigPublish]  

2023-10-26 17:25:09,849 INFO Clear point  control rule for monitorKeys, pointName=[ConfigPublish]  

2023-10-26 17:25:09,849 INFO Register tps control,pointName=HealthCheck, point=com.alibaba.nacos.core.remote.control.TpsMonitorPoint@fb713e7 

2023-10-26 17:25:09,850 INFO Load rule from local,pointName=HealthCheck, ruleContent= 

2023-10-26 17:25:09,850 INFO Apply tps control rule parse start,pointName=[HealthCheck]  

2023-10-26 17:25:09,850 INFO Clear point  control rule ,pointName=[HealthCheck]  

2023-10-26 17:25:09,851 INFO Clear point  control rule for monitorKeys, pointName=[HealthCheck]  

2023-10-26 17:27:26,699 INFO Register tps control,pointName=NAMING_RPC_PUSH, point=com.alibaba.nacos.core.remote.control.TpsMonitorPoint@5d99c201 

2023-10-26 17:27:26,701 INFO Load rule from local,pointName=NAMING_RPC_PUSH, ruleContent= 

2023-10-26 17:27:26,702 INFO Apply tps control rule parse start,pointName=[NAMING_RPC_PUSH]  

2023-10-26 17:27:26,705 INFO Clear point  control rule ,pointName=[NAMING_RPC_PUSH]  

2023-10-26 17:27:26,706 INFO Clear point  control rule for monitorKeys, pointName=[NAMING_RPC_PUSH]  

2023-10-26 17:27:26,706 INFO Register tps control,pointName=NAMING_RPC_PUSH_SUCCESS, point=com.alibaba.nacos.core.remote.control.TpsMonitorPoint@f054f47 

2023-10-26 17:27:26,707 INFO Load rule from local,pointName=NAMING_RPC_PUSH, ruleContent= 

2023-10-26 17:27:26,708 INFO Apply tps control rule parse start,pointName=[NAMING_RPC_PUSH]  

2023-10-26 17:27:26,708 INFO Clear point  control rule ,pointName=[NAMING_RPC_PUSH]  

2023-10-26 17:27:26,709 INFO Clear point  control rule for monitorKeys, pointName=[NAMING_RPC_PUSH]  

2023-10-26 17:27:26,710 INFO Load rule from local,pointName=NAMING_RPC_PUSH_SUCCESS, ruleContent= 

2023-10-26 17:27:26,712 INFO Apply tps control rule parse start,pointName=[NAMING_RPC_PUSH_SUCCESS]  

2023-10-26 17:27:26,713 INFO Clear point  control rule ,pointName=[NAMING_RPC_PUSH_SUCCESS]  

2023-10-26 17:27:26,724 INFO Clear point  control rule for monitorKeys, pointName=[NAMING_RPC_PUSH_SUCCESS]  

2023-10-26 17:27:26,725 INFO Register tps control,pointName=NAMING_RPC_PUSH_FAIL, point=com.alibaba.nacos.core.remote.control.TpsMonitorPoint@15e47ae5 

2023-10-26 17:27:26,726 INFO Load rule from local,pointName=NAMING_RPC_PUSH_FAIL, ruleContent= 

2023-10-26 17:27:26,726 INFO Apply tps control rule parse start,pointName=[NAMING_RPC_PUSH_FAIL]  

2023-10-26 17:27:26,728 INFO Clear point  control rule ,pointName=[NAMING_RPC_PUSH_FAIL]  

2023-10-26 17:27:26,729 INFO Clear point  control rule for monitorKeys, pointName=[NAMING_RPC_PUSH_FAIL]  

2023-10-26 17:27:26,730 INFO Register tps control,pointName=NAMING_UDP_PUSH, point=com.alibaba.nacos.core.remote.control.TpsMonitorPoint@1f98a149 

2023-10-26 17:27:26,731 INFO Load rule from local,pointName=NAMING_UDP_PUSH, ruleContent= 

2023-10-26 17:27:26,732 INFO Apply tps control rule parse start,pointName=[NAMING_UDP_PUSH]  

2023-10-26 17:27:26,733 INFO Clear point  control rule ,pointName=[NAMING_UDP_PUSH]  

2023-10-26 17:27:26,733 INFO Clear point  control rule for monitorKeys, pointName=[NAMING_UDP_PUSH]  

2023-10-26 17:27:26,734 INFO Register tps control,pointName=NAMING_UDP_PUSH_SUCCESS, point=com.alibaba.nacos.core.remote.control.TpsMonitorPoint@c02f171 

2023-10-26 17:27:26,737 INFO Load rule from local,pointName=NAMING_UDP_PUSH_SUCCESS, ruleContent= 

2023-10-26 17:27:26,737 INFO Apply tps control rule parse start,pointName=[NAMING_UDP_PUSH_SUCCESS]  

2023-10-26 17:27:26,738 INFO Clear point  control rule ,pointName=[NAMING_UDP_PUSH_SUCCESS]  

2023-10-26 17:27:26,738 INFO Clear point  control rule for monitorKeys, pointName=[NAMING_UDP_PUSH_SUCCESS]  

2023-10-26 17:27:26,738 INFO Register tps control,pointName=NAMING_UDP_PUSH_FAIL, point=com.alibaba.nacos.core.remote.control.TpsMonitorPoint@29d8e8c1 

2023-10-26 17:27:26,739 INFO Load rule from local,pointName=NAMING_UDP_PUSH_FAIL, ruleContent= 

2023-10-26 17:27:26,740 INFO Apply tps control rule parse start,pointName=[NAMING_UDP_PUSH_FAIL]  

2023-10-26 17:27:26,740 INFO Clear point  control rule ,pointName=[NAMING_UDP_PUSH_FAIL]  

2023-10-26 17:27:26,740 INFO Clear point  control rule for monitorKeys, pointName=[NAMING_UDP_PUSH_FAIL]  

2023-10-26 17:27:26,741 INFO Register tps control,pointName=NAMING_DISTRO_SYNC, point=com.alibaba.nacos.core.remote.control.TpsMonitorPoint@1fdd8c4d 

2023-10-26 17:27:26,741 INFO Load rule from local,pointName=NAMING_DISTRO_SYNC, ruleContent= 

2023-10-26 17:27:26,742 INFO Apply tps control rule parse start,pointName=[NAMING_DISTRO_SYNC]  

2023-10-26 17:27:26,742 INFO Clear point  control rule ,pointName=[NAMING_DISTRO_SYNC]  

2023-10-26 17:27:26,742 INFO Clear point  control rule for monitorKeys, pointName=[NAMING_DISTRO_SYNC]  

2023-10-26 17:27:26,743 INFO Register tps control,pointName=NAMING_DISTRO_SYNC_SUCCESS, point=com.alibaba.nacos.core.remote.control.TpsMonitorPoint@4515f416 

2023-10-26 17:27:26,743 INFO Load rule from local,pointName=NAMING_DISTRO_SYNC_SUCCESS, ruleContent= 

2023-10-26 17:27:26,743 INFO Apply tps control rule parse start,pointName=[NAMING_DISTRO_SYNC_SUCCESS]  

2023-10-26 17:27:26,744 INFO Clear point  control rule ,pointName=[NAMING_DISTRO_SYNC_SUCCESS]  

2023-10-26 17:27:26,744 INFO Clear point  control rule for monitorKeys, pointName=[NAMING_DISTRO_SYNC_SUCCESS]  

2023-10-26 17:27:26,745 INFO Register tps control,pointName=NAMING_DISTRO_SYNC_FAIL, point=com.alibaba.nacos.core.remote.control.TpsMonitorPoint@5e070cbc 

2023-10-26 17:27:26,745 INFO Load rule from local,pointName=NAMING_DISTRO_SYNC_FAIL, ruleContent= 

2023-10-26 17:27:26,746 INFO Apply tps control rule parse start,pointName=[NAMING_DISTRO_SYNC_FAIL]  

2023-10-26 17:27:26,746 INFO Clear point  control rule ,pointName=[NAMING_DISTRO_SYNC_FAIL]  

2023-10-26 17:27:26,746 INFO Clear point  control rule for monitorKeys, pointName=[NAMING_DISTRO_SYNC_FAIL]  

2023-10-26 17:27:26,747 INFO Register tps control,pointName=NAMING_DISTRO_VERIFY, point=com.alibaba.nacos.core.remote.control.TpsMonitorPoint@3077695d 

2023-10-26 17:27:26,747 INFO Load rule from local,pointName=NAMING_DISTRO_VERIFY, ruleContent= 

2023-10-26 17:27:26,748 INFO Apply tps control rule parse start,pointName=[NAMING_DISTRO_VERIFY]  

2023-10-26 17:27:26,748 INFO Clear point  control rule ,pointName=[NAMING_DISTRO_VERIFY]  

2023-10-26 17:27:26,749 INFO Clear point  control rule for monitorKeys, pointName=[NAMING_DISTRO_VERIFY]  

2023-10-26 17:27:26,749 INFO Register tps control,pointName=NAMING_DISTRO_VERIFY_SUCCESS, point=com.alibaba.nacos.core.remote.control.TpsMonitorPoint@433b34fa 

2023-10-26 17:27:26,750 INFO Load rule from local,pointName=NAMING_DISTRO_VERIFY_SUCCESS, ruleContent= 

2023-10-26 17:27:26,751 INFO Apply tps control rule parse start,pointName=[NAMING_DISTRO_VERIFY_SUCCESS]  

2023-10-26 17:27:26,751 INFO Clear point  control rule ,pointName=[NAMING_DISTRO_VERIFY_SUCCESS]  

2023-10-26 17:27:26,751 INFO Clear point  control rule for monitorKeys, pointName=[NAMING_DISTRO_VERIFY_SUCCESS]  

2023-10-26 17:27:26,752 INFO Register tps control,pointName=NAMING_DISTRO_VERIFY_FAIL, point=com.alibaba.nacos.core.remote.control.TpsMonitorPoint@2964ddcf 

2023-10-26 17:27:26,753 INFO Load rule from local,pointName=NAMING_DISTRO_VERIFY_FAIL, ruleContent= 

2023-10-26 17:27:26,753 INFO Apply tps control rule parse start,pointName=[NAMING_DISTRO_VERIFY_FAIL]  

2023-10-26 17:27:26,753 INFO Clear point  control rule ,pointName=[NAMING_DISTRO_VERIFY_FAIL]  

2023-10-26 17:27:26,753 INFO Clear point  control rule for monitorKeys, pointName=[NAMING_DISTRO_VERIFY_FAIL]  

2023-10-26 17:58:07,193 INFO Register tps control,pointName=CONFIG_PUSH_COUNT, point=com.alibaba.nacos.core.remote.control.TpsMonitorPoint@2d5f7182 

2023-10-26 17:58:07,195 INFO Load rule from local,pointName=CONFIG_PUSH_COUNT, ruleContent= 

2023-10-26 17:58:07,195 INFO Apply tps control rule parse start,pointName=[CONFIG_PUSH_COUNT]  

2023-10-26 17:58:07,196 INFO Clear point  control rule ,pointName=[CONFIG_PUSH_COUNT]  

2023-10-26 17:58:07,197 INFO Clear point  control rule for monitorKeys, pointName=[CONFIG_PUSH_COUNT]  

2023-10-26 17:58:07,197 INFO Register tps control,pointName=CONFIG_PUSH_SUCCESS, point=com.alibaba.nacos.core.remote.control.TpsMonitorPoint@59546cfe 

2023-10-26 17:58:07,198 INFO Load rule from local,pointName=CONFIG_PUSH_SUCCESS, ruleContent= 

2023-10-26 17:58:07,198 INFO Apply tps control rule parse start,pointName=[CONFIG_PUSH_SUCCESS]  

2023-10-26 17:58:07,199 INFO Clear point  control rule ,pointName=[CONFIG_PUSH_SUCCESS]  

2023-10-26 17:58:07,199 INFO Clear point  control rule for monitorKeys, pointName=[CONFIG_PUSH_SUCCESS]  

2023-10-26 17:58:07,200 INFO Register tps control,pointName=CONFIG_PUSH_FAIL, point=com.alibaba.nacos.core.remote.control.TpsMonitorPoint@29ea78b1 

2023-10-26 17:58:07,200 INFO Load rule from local,pointName=CONFIG_PUSH_FAIL, ruleContent= 

2023-10-26 17:58:07,200 INFO Apply tps control rule parse start,pointName=[CONFIG_PUSH_FAIL]  

2023-10-26 17:58:07,201 INFO Clear point  control rule ,pointName=[CONFIG_PUSH_FAIL]  

2023-10-26 17:58:07,201 INFO Clear point  control rule for monitorKeys, pointName=[CONFIG_PUSH_FAIL]  

2023-10-26 17:58:12,775 INFO Register tps control,pointName=ConfigQuery, point=com.alibaba.nacos.core.remote.control.TpsMonitorPoint@26221bad 

2023-10-26 17:58:12,776 INFO Load rule from local,pointName=ConfigQuery, ruleContent= 

2023-10-26 17:58:12,776 INFO Apply tps control rule parse start,pointName=[ConfigQuery]  

2023-10-26 17:58:12,776 INFO Clear point  control rule ,pointName=[ConfigQuery]  

2023-10-26 17:58:12,777 INFO Clear point  control rule for monitorKeys, pointName=[ConfigQuery]  

2023-10-26 17:58:12,777 INFO Register tps control,pointName=ClusterConfigChangeNotify, point=com.alibaba.nacos.core.remote.control.TpsMonitorPoint@158f4cfe 

2023-10-26 17:58:12,777 INFO Load rule from local,pointName=ClusterConfigChangeNotify, ruleContent= 

2023-10-26 17:58:12,778 INFO Apply tps control rule parse start,pointName=[ClusterConfigChangeNotify]  

2023-10-26 17:58:12,778 INFO Clear point  control rule ,pointName=[ClusterConfigChangeNotify]  

2023-10-26 17:58:12,778 INFO Clear point  control rule for monitorKeys, pointName=[ClusterConfigChangeNotify]  

2023-10-26 17:58:12,779 INFO Register tps control,pointName=ConfigListen, point=com.alibaba.nacos.core.remote.control.TpsMonitorPoint@35f639fa 

2023-10-26 17:58:12,779 INFO Load rule from local,pointName=ConfigListen, ruleContent= 

2023-10-26 17:58:12,779 INFO Apply tps control rule parse start,pointName=[ConfigListen]  

2023-10-26 17:58:12,780 INFO Clear point  control rule ,pointName=[ConfigListen]  

2023-10-26 17:58:12,780 INFO Clear point  control rule for monitorKeys, pointName=[ConfigListen]  

2023-10-26 17:58:12,780 INFO Register tps control,pointName=ConfigRemove, point=com.alibaba.nacos.core.remote.control.TpsMonitorPoint@5aaaa446 

2023-10-26 17:58:12,781 INFO Load rule from local,pointName=ConfigRemove, ruleContent= 

2023-10-26 17:58:12,781 INFO Apply tps control rule parse start,pointName=[ConfigRemove]  

2023-10-26 17:58:12,782 INFO Clear point  control rule ,pointName=[ConfigRemove]  

2023-10-26 17:58:12,782 INFO Clear point  control rule for monitorKeys, pointName=[ConfigRemove]  

2023-10-26 17:58:12,782 INFO Register tps control,pointName=ConfigPublish, point=com.alibaba.nacos.core.remote.control.TpsMonitorPoint@6c6333cd 

2023-10-26 17:58:12,783 INFO Load rule from local,pointName=ConfigPublish, ruleContent= 

2023-10-26 17:58:12,783 INFO Apply tps control rule parse start,pointName=[ConfigPublish]  

2023-10-26 17:58:12,783 INFO Clear point  control rule ,pointName=[ConfigPublish]  

2023-10-26 17:58:12,783 INFO Clear point  control rule for monitorKeys, pointName=[ConfigPublish]  

2023-10-26 17:58:12,784 INFO Register tps control,pointName=HealthCheck, point=com.alibaba.nacos.core.remote.control.TpsMonitorPoint@3e47a03 

2023-10-26 17:58:12,784 INFO Load rule from local,pointName=HealthCheck, ruleContent= 

2023-10-26 17:58:12,785 INFO Apply tps control rule parse start,pointName=[HealthCheck]  

2023-10-26 17:58:12,785 INFO Clear point  control rule ,pointName=[HealthCheck]  

2023-10-26 17:58:12,786 INFO Clear point  control rule for monitorKeys, pointName=[HealthCheck]  

2023-10-26 17:59:19,665 INFO Register tps control,pointName=CONFIG_PUSH_COUNT, point=com.alibaba.nacos.core.remote.control.TpsMonitorPoint@1e6dad8 

2023-10-26 17:59:19,686 INFO Load rule from local,pointName=CONFIG_PUSH_COUNT, ruleContent= 

2023-10-26 17:59:19,687 INFO Apply tps control rule parse start,pointName=[CONFIG_PUSH_COUNT]  

2023-10-26 17:59:19,688 INFO Clear point  control rule ,pointName=[CONFIG_PUSH_COUNT]  

2023-10-26 17:59:19,689 INFO Clear point  control rule for monitorKeys, pointName=[CONFIG_PUSH_COUNT]  

2023-10-26 17:59:19,689 INFO Register tps control,pointName=CONFIG_PUSH_SUCCESS, point=com.alibaba.nacos.core.remote.control.TpsMonitorPoint@7b3315a5 

2023-10-26 17:59:19,690 INFO Load rule from local,pointName=CONFIG_PUSH_SUCCESS, ruleContent= 

2023-10-26 17:59:19,691 INFO Apply tps control rule parse start,pointName=[CONFIG_PUSH_SUCCESS]  

2023-10-26 17:59:19,692 INFO Clear point  control rule ,pointName=[CONFIG_PUSH_SUCCESS]  

2023-10-26 17:59:19,693 INFO Clear point  control rule for monitorKeys, pointName=[CONFIG_PUSH_SUCCESS]  

2023-10-26 17:59:19,694 INFO Register tps control,pointName=CONFIG_PUSH_FAIL, point=com.alibaba.nacos.core.remote.control.TpsMonitorPoint@8ed9cf 

2023-10-26 17:59:19,695 INFO Load rule from local,pointName=CONFIG_PUSH_FAIL, ruleContent= 

2023-10-26 17:59:19,696 INFO Apply tps control rule parse start,pointName=[CONFIG_PUSH_FAIL]  

2023-10-26 17:59:19,698 INFO Clear point  control rule ,pointName=[CONFIG_PUSH_FAIL]  

2023-10-26 17:59:19,698 INFO Clear point  control rule for monitorKeys, pointName=[CONFIG_PUSH_FAIL]  

2023-10-26 17:59:35,514 INFO Register tps control,pointName=ConfigQuery, point=com.alibaba.nacos.core.remote.control.TpsMonitorPoint@5d425813 

2023-10-26 17:59:35,515 INFO Load rule from local,pointName=ConfigQuery, ruleContent= 

2023-10-26 17:59:35,515 INFO Apply tps control rule parse start,pointName=[ConfigQuery]  

2023-10-26 17:59:35,516 INFO Clear point  control rule ,pointName=[ConfigQuery]  

2023-10-26 17:59:35,516 INFO Clear point  control rule for monitorKeys, pointName=[ConfigQuery]  

2023-10-26 17:59:35,517 INFO Register tps control,pointName=ClusterConfigChangeNotify, point=com.alibaba.nacos.core.remote.control.TpsMonitorPoint@1702830d 

2023-10-26 17:59:35,518 INFO Load rule from local,pointName=ClusterConfigChangeNotify, ruleContent= 

2023-10-26 17:59:35,519 INFO Apply tps control rule parse start,pointName=[ClusterConfigChangeNotify]  

2023-10-26 17:59:35,519 INFO Clear point  control rule ,pointName=[ClusterConfigChangeNotify]  

2023-10-26 17:59:35,519 INFO Clear point  control rule for monitorKeys, pointName=[ClusterConfigChangeNotify]  

2023-10-26 17:59:35,520 INFO Register tps control,pointName=ConfigListen, point=com.alibaba.nacos.core.remote.control.TpsMonitorPoint@6a937336 

2023-10-26 17:59:35,520 INFO Load rule from local,pointName=ConfigListen, ruleContent= 

2023-10-26 17:59:35,520 INFO Apply tps control rule parse start,pointName=[ConfigListen]  

2023-10-26 17:59:35,521 INFO Clear point  control rule ,pointName=[ConfigListen]  

2023-10-26 17:59:35,521 INFO Clear point  control rule for monitorKeys, pointName=[ConfigListen]  

2023-10-26 17:59:35,522 INFO Register tps control,pointName=ConfigRemove, point=com.alibaba.nacos.core.remote.control.TpsMonitorPoint@278667fd 

2023-10-26 17:59:35,522 INFO Load rule from local,pointName=ConfigRemove, ruleContent= 

2023-10-26 17:59:35,523 INFO Apply tps control rule parse start,pointName=[ConfigRemove]  

2023-10-26 17:59:35,523 INFO Clear point  control rule ,pointName=[ConfigRemove]  

2023-10-26 17:59:35,524 INFO Clear point  control rule for monitorKeys, pointName=[ConfigRemove]  

2023-10-26 17:59:35,524 INFO Register tps control,pointName=ConfigPublish, point=com.alibaba.nacos.core.remote.control.TpsMonitorPoint@684b31de 

2023-10-26 17:59:35,525 INFO Load rule from local,pointName=ConfigPublish, ruleContent= 

2023-10-26 17:59:35,526 INFO Apply tps control rule parse start,pointName=[ConfigPublish]  

2023-10-26 17:59:35,526 INFO Clear point  control rule ,pointName=[ConfigPublish]  

2023-10-26 17:59:35,526 INFO Clear point  control rule for monitorKeys, pointName=[ConfigPublish]  

2023-10-26 17:59:35,527 INFO Register tps control,pointName=HealthCheck, point=com.alibaba.nacos.core.remote.control.TpsMonitorPoint@6b52dd31 

2023-10-26 17:59:35,528 INFO Load rule from local,pointName=HealthCheck, ruleContent= 

2023-10-26 17:59:35,528 INFO Apply tps control rule parse start,pointName=[HealthCheck]  

2023-10-26 17:59:35,528 INFO Clear point  control rule ,pointName=[HealthCheck]  

2023-10-26 17:59:35,529 INFO Clear point  control rule for monitorKeys, pointName=[HealthCheck]  

2023-10-26 17:59:40,670 INFO Register tps control,pointName=NAMING_RPC_PUSH, point=com.alibaba.nacos.core.remote.control.TpsMonitorPoint@512b3cdb 

2023-10-26 17:59:40,685 INFO Load rule from local,pointName=NAMING_RPC_PUSH, ruleContent= 

2023-10-26 17:59:40,687 INFO Apply tps control rule parse start,pointName=[NAMING_RPC_PUSH]  

2023-10-26 17:59:40,693 INFO Clear point  control rule ,pointName=[NAMING_RPC_PUSH]  

2023-10-26 17:59:40,695 INFO Clear point  control rule for monitorKeys, pointName=[NAMING_RPC_PUSH]  

2023-10-26 17:59:40,699 INFO Register tps control,pointName=NAMING_RPC_PUSH_SUCCESS, point=com.alibaba.nacos.core.remote.control.TpsMonitorPoint@589485fc 

2023-10-26 17:59:40,701 INFO Load rule from local,pointName=NAMING_RPC_PUSH_SUCCESS, ruleContent= 

2023-10-26 17:59:40,704 INFO Apply tps control rule parse start,pointName=[NAMING_RPC_PUSH_SUCCESS]  

2023-10-26 17:59:40,704 INFO Clear point  control rule ,pointName=[NAMING_RPC_PUSH_SUCCESS]  

2023-10-26 17:59:40,705 INFO Clear point  control rule for monitorKeys, pointName=[NAMING_RPC_PUSH_SUCCESS]  

2023-10-26 17:59:40,706 INFO Register tps control,pointName=NAMING_RPC_PUSH_FAIL, point=com.alibaba.nacos.core.remote.control.TpsMonitorPoint@7818626b 

2023-10-26 17:59:40,707 INFO Load rule from local,pointName=NAMING_RPC_PUSH_FAIL, ruleContent= 

2023-10-26 17:59:40,707 INFO Apply tps control rule parse start,pointName=[NAMING_RPC_PUSH_FAIL]  

2023-10-26 17:59:40,708 INFO Clear point  control rule ,pointName=[NAMING_RPC_PUSH_FAIL]  

2023-10-26 17:59:40,709 INFO Clear point  control rule for monitorKeys, pointName=[NAMING_RPC_PUSH_FAIL]  

2023-10-26 17:59:40,720 INFO Register tps control,pointName=NAMING_UDP_PUSH, point=com.alibaba.nacos.core.remote.control.TpsMonitorPoint@7c17fc97 

2023-10-26 17:59:40,726 INFO Load rule from local,pointName=NAMING_UDP_PUSH, ruleContent= 

2023-10-26 17:59:40,731 INFO Apply tps control rule parse start,pointName=[NAMING_UDP_PUSH]  

2023-10-26 17:59:40,732 INFO Clear point  control rule ,pointName=[NAMING_UDP_PUSH]  

2023-10-26 17:59:40,739 INFO Clear point  control rule for monitorKeys, pointName=[NAMING_UDP_PUSH]  

2023-10-26 17:59:40,739 INFO Register tps control,pointName=NAMING_UDP_PUSH_SUCCESS, point=com.alibaba.nacos.core.remote.control.TpsMonitorPoint@74d2da2a 

2023-10-26 17:59:40,741 INFO Load rule from local,pointName=NAMING_UDP_PUSH_SUCCESS, ruleContent= 

2023-10-26 17:59:40,742 INFO Apply tps control rule parse start,pointName=[NAMING_UDP_PUSH_SUCCESS]  

2023-10-26 17:59:40,742 INFO Clear point  control rule ,pointName=[NAMING_UDP_PUSH_SUCCESS]  

2023-10-26 17:59:40,742 INFO Clear point  control rule for monitorKeys, pointName=[NAMING_UDP_PUSH_SUCCESS]  

2023-10-26 17:59:40,743 INFO Register tps control,pointName=NAMING_UDP_PUSH_FAIL, point=com.alibaba.nacos.core.remote.control.TpsMonitorPoint@8150a29 

2023-10-26 17:59:40,743 INFO Load rule from local,pointName=NAMING_UDP_PUSH_FAIL, ruleContent= 

2023-10-26 17:59:40,744 INFO Apply tps control rule parse start,pointName=[NAMING_UDP_PUSH_FAIL]  

2023-10-26 17:59:40,749 INFO Clear point  control rule ,pointName=[NAMING_UDP_PUSH_FAIL]  

2023-10-26 17:59:40,749 INFO Clear point  control rule for monitorKeys, pointName=[NAMING_UDP_PUSH_FAIL]  

2023-10-26 17:59:40,750 INFO Register tps control,pointName=NAMING_DISTRO_SYNC, point=com.alibaba.nacos.core.remote.control.TpsMonitorPoint@33253a7a 

2023-10-26 17:59:40,750 INFO Load rule from local,pointName=NAMING_DISTRO_SYNC, ruleContent= 

2023-10-26 17:59:40,751 INFO Apply tps control rule parse start,pointName=[NAMING_DISTRO_SYNC]  

2023-10-26 17:59:40,751 INFO Clear point  control rule ,pointName=[NAMING_DISTRO_SYNC]  

2023-10-26 17:59:40,752 INFO Clear point  control rule for monitorKeys, pointName=[NAMING_DISTRO_SYNC]  

2023-10-26 17:59:40,752 INFO Register tps control,pointName=NAMING_DISTRO_SYNC_SUCCESS, point=com.alibaba.nacos.core.remote.control.TpsMonitorPoint@70158bcd 

2023-10-26 17:59:40,753 INFO Load rule from local,pointName=NAMING_DISTRO_SYNC_SUCCESS, ruleContent= 

2023-10-26 17:59:40,754 INFO Apply tps control rule parse start,pointName=[NAMING_DISTRO_SYNC_SUCCESS]  

2023-10-26 17:59:40,756 INFO Clear point  control rule ,pointName=[NAMING_DISTRO_SYNC_SUCCESS]  

2023-10-26 17:59:40,757 INFO Clear point  control rule for monitorKeys, pointName=[NAMING_DISTRO_SYNC_SUCCESS]  

2023-10-26 17:59:40,758 INFO Register tps control,pointName=NAMING_DISTRO_SYNC_FAIL, point=com.alibaba.nacos.core.remote.control.TpsMonitorPoint@12f41c6f 

2023-10-26 17:59:40,759 INFO Load rule from local,pointName=NAMING_DISTRO_SYNC_FAIL, ruleContent= 

2023-10-26 17:59:40,760 INFO Apply tps control rule parse start,pointName=[NAMING_DISTRO_SYNC_FAIL]  

2023-10-26 17:59:40,760 INFO Clear point  control rule ,pointName=[NAMING_DISTRO_SYNC_FAIL]  

2023-10-26 17:59:40,761 INFO Clear point  control rule for monitorKeys, pointName=[NAMING_DISTRO_SYNC_FAIL]  

2023-10-26 17:59:40,761 INFO Register tps control,pointName=NAMING_DISTRO_VERIFY, point=com.alibaba.nacos.core.remote.control.TpsMonitorPoint@3210185a 

2023-10-26 17:59:40,763 INFO Load rule from local,pointName=NAMING_DISTRO_VERIFY, ruleContent= 

2023-10-26 17:59:40,765 INFO Apply tps control rule parse start,pointName=[NAMING_DISTRO_VERIFY]  

2023-10-26 17:59:40,766 INFO Clear point  control rule ,pointName=[NAMING_DISTRO_VERIFY]  

2023-10-26 17:59:40,767 INFO Clear point  control rule for monitorKeys, pointName=[NAMING_DISTRO_VERIFY]  

2023-10-26 17:59:40,769 INFO Register tps control,pointName=NAMING_DISTRO_VERIFY_SUCCESS, point=com.alibaba.nacos.core.remote.control.TpsMonitorPoint@28fc1288 

2023-10-26 17:59:40,770 INFO Load rule from local,pointName=NAMING_DISTRO_VERIFY_SUCCESS, ruleContent= 

2023-10-26 17:59:40,771 INFO Apply tps control rule parse start,pointName=[NAMING_DISTRO_VERIFY_SUCCESS]  

2023-10-26 17:59:40,773 INFO Clear point  control rule ,pointName=[NAMING_DISTRO_VERIFY_SUCCESS]  

2023-10-26 17:59:40,775 INFO Clear point  control rule for monitorKeys, pointName=[NAMING_DISTRO_VERIFY_SUCCESS]  

2023-10-26 17:59:40,776 INFO Register tps control,pointName=NAMING_DISTRO_VERIFY_FAIL, point=com.alibaba.nacos.core.remote.control.TpsMonitorPoint@74ebafb9 

2023-10-26 17:59:40,778 INFO Load rule from local,pointName=NAMING_DISTRO_VERIFY_FAIL, ruleContent= 

2023-10-26 17:59:40,779 INFO Apply tps control rule parse start,pointName=[NAMING_DISTRO_VERIFY_FAIL]  

2023-10-26 17:59:40,779 INFO Clear point  control rule ,pointName=[NAMING_DISTRO_VERIFY_FAIL]  

2023-10-26 17:59:40,779 INFO Clear point  control rule for monitorKeys, pointName=[NAMING_DISTRO_VERIFY_FAIL]  

2023-10-26 19:31:20,839 INFO Register tps control,pointName=CONFIG_PUSH_COUNT, point=com.alibaba.nacos.core.remote.control.TpsMonitorPoint@6fc3e1a4 

2023-10-26 19:31:20,841 INFO Load rule from local,pointName=CONFIG_PUSH_COUNT, ruleContent= 

2023-10-26 19:31:20,843 INFO Apply tps control rule parse start,pointName=[CONFIG_PUSH_COUNT]  

2023-10-26 19:31:20,844 INFO Clear point  control rule ,pointName=[CONFIG_PUSH_COUNT]  

2023-10-26 19:31:20,845 INFO Clear point  control rule for monitorKeys, pointName=[CONFIG_PUSH_COUNT]  

2023-10-26 19:31:20,845 INFO Register tps control,pointName=CONFIG_PUSH_SUCCESS, point=com.alibaba.nacos.core.remote.control.TpsMonitorPoint@3fa76c61 

2023-10-26 19:31:20,846 INFO Load rule from local,pointName=CONFIG_PUSH_SUCCESS, ruleContent= 

2023-10-26 19:31:20,846 INFO Apply tps control rule parse start,pointName=[CONFIG_PUSH_SUCCESS]  

2023-10-26 19:31:20,847 INFO Clear point  control rule ,pointName=[CONFIG_PUSH_SUCCESS]  

2023-10-26 19:31:20,847 INFO Clear point  control rule for monitorKeys, pointName=[CONFIG_PUSH_SUCCESS]  

2023-10-26 19:31:20,848 INFO Register tps control,pointName=CONFIG_PUSH_FAIL, point=com.alibaba.nacos.core.remote.control.TpsMonitorPoint@2d5f7182 

2023-10-26 19:31:20,849 INFO Load rule from local,pointName=CONFIG_PUSH_FAIL, ruleContent= 

2023-10-26 19:31:20,849 INFO Apply tps control rule parse start,pointName=[CONFIG_PUSH_FAIL]  

2023-10-26 19:31:20,849 INFO Clear point  control rule ,pointName=[CONFIG_PUSH_FAIL]  

2023-10-26 19:31:20,849 INFO Clear point  control rule for monitorKeys, pointName=[CONFIG_PUSH_FAIL]  

2023-10-26 19:31:25,572 INFO Register tps control,pointName=ConfigQuery, point=com.alibaba.nacos.core.remote.control.TpsMonitorPoint@26221bad 

2023-10-26 19:31:25,574 INFO Load rule from local,pointName=ConfigQuery, ruleContent= 

2023-10-26 19:31:25,574 INFO Apply tps control rule parse start,pointName=[ConfigQuery]  

2023-10-26 19:31:25,574 INFO Clear point  control rule ,pointName=[ConfigQuery]  

2023-10-26 19:31:25,575 INFO Clear point  control rule for monitorKeys, pointName=[ConfigQuery]  

2023-10-26 19:31:25,575 INFO Register tps control,pointName=ClusterConfigChangeNotify, point=com.alibaba.nacos.core.remote.control.TpsMonitorPoint@158f4cfe 

2023-10-26 19:31:25,576 INFO Load rule from local,pointName=ClusterConfigChangeNotify, ruleContent= 

2023-10-26 19:31:25,576 INFO Apply tps control rule parse start,pointName=[ClusterConfigChangeNotify]  

2023-10-26 19:31:25,577 INFO Clear point  control rule ,pointName=[ClusterConfigChangeNotify]  

2023-10-26 19:31:25,577 INFO Clear point  control rule for monitorKeys, pointName=[ClusterConfigChangeNotify]  

2023-10-26 19:31:25,577 INFO Register tps control,pointName=ConfigListen, point=com.alibaba.nacos.core.remote.control.TpsMonitorPoint@35f639fa 

2023-10-26 19:31:25,578 INFO Load rule from local,pointName=ConfigListen, ruleContent= 

2023-10-26 19:31:25,578 INFO Apply tps control rule parse start,pointName=[ConfigListen]  

2023-10-26 19:31:25,578 INFO Clear point  control rule ,pointName=[ConfigListen]  

2023-10-26 19:31:25,579 INFO Clear point  control rule for monitorKeys, pointName=[ConfigListen]  

2023-10-26 19:31:25,579 INFO Register tps control,pointName=ConfigRemove, point=com.alibaba.nacos.core.remote.control.TpsMonitorPoint@5aaaa446 

2023-10-26 19:31:25,580 INFO Load rule from local,pointName=ConfigRemove, ruleContent= 

2023-10-26 19:31:25,580 INFO Apply tps control rule parse start,pointName=[ConfigRemove]  

2023-10-26 19:31:25,581 INFO Clear point  control rule ,pointName=[ConfigRemove]  

2023-10-26 19:31:25,582 INFO Clear point  control rule for monitorKeys, pointName=[ConfigRemove]  

2023-10-26 19:31:25,583 INFO Register tps control,pointName=ConfigPublish, point=com.alibaba.nacos.core.remote.control.TpsMonitorPoint@6c6333cd 

2023-10-26 19:31:25,584 INFO Load rule from local,pointName=ConfigPublish, ruleContent= 

2023-10-26 19:31:25,584 INFO Apply tps control rule parse start,pointName=[ConfigPublish]  

2023-10-26 19:31:25,585 INFO Clear point  control rule ,pointName=[ConfigPublish]  

2023-10-26 19:31:25,585 INFO Clear point  control rule for monitorKeys, pointName=[ConfigPublish]  

2023-10-26 19:31:25,586 INFO Register tps control,pointName=HealthCheck, point=com.alibaba.nacos.core.remote.control.TpsMonitorPoint@3e47a03 

2023-10-26 19:31:25,587 INFO Load rule from local,pointName=HealthCheck, ruleContent= 

2023-10-26 19:31:25,587 INFO Apply tps control rule parse start,pointName=[HealthCheck]  

2023-10-26 19:31:25,588 INFO Clear point  control rule ,pointName=[HealthCheck]  

2023-10-26 19:31:25,588 INFO Clear point  control rule for monitorKeys, pointName=[HealthCheck]  

2023-10-26 19:32:06,074 INFO Register tps control,pointName=CONFIG_PUSH_COUNT, point=com.alibaba.nacos.core.remote.control.TpsMonitorPoint@149f5761 

2023-10-26 19:32:06,075 INFO Load rule from local,pointName=CONFIG_PUSH_COUNT, ruleContent= 

2023-10-26 19:32:06,075 INFO Apply tps control rule parse start,pointName=[CONFIG_PUSH_COUNT]  

2023-10-26 19:32:06,076 INFO Clear point  control rule ,pointName=[CONFIG_PUSH_COUNT]  

2023-10-26 19:32:06,077 INFO Clear point  control rule for monitorKeys, pointName=[CONFIG_PUSH_COUNT]  

2023-10-26 19:32:06,077 INFO Register tps control,pointName=CONFIG_PUSH_SUCCESS, point=com.alibaba.nacos.core.remote.control.TpsMonitorPoint@2ba33e2c 

2023-10-26 19:32:06,078 INFO Load rule from local,pointName=CONFIG_PUSH_SUCCESS, ruleContent= 

2023-10-26 19:32:06,078 INFO Apply tps control rule parse start,pointName=[CONFIG_PUSH_SUCCESS]  

2023-10-26 19:32:06,079 INFO Clear point  control rule ,pointName=[CONFIG_PUSH_SUCCESS]  

2023-10-26 19:32:06,079 INFO Clear point  control rule for monitorKeys, pointName=[CONFIG_PUSH_SUCCESS]  

2023-10-26 19:32:06,079 INFO Register tps control,pointName=CONFIG_PUSH_FAIL, point=com.alibaba.nacos.core.remote.control.TpsMonitorPoint@1f193686 

2023-10-26 19:32:06,080 INFO Load rule from local,pointName=CONFIG_PUSH_FAIL, ruleContent= 

2023-10-26 19:32:06,080 INFO Apply tps control rule parse start,pointName=[CONFIG_PUSH_FAIL]  

2023-10-26 19:32:06,081 INFO Clear point  control rule ,pointName=[CONFIG_PUSH_FAIL]  

2023-10-26 19:32:06,081 INFO Clear point  control rule for monitorKeys, pointName=[CONFIG_PUSH_FAIL]  

2023-10-26 19:32:10,684 INFO Register tps control,pointName=ConfigQuery, point=com.alibaba.nacos.core.remote.control.TpsMonitorPoint@7fd26ad8 

2023-10-26 19:32:10,685 INFO Load rule from local,pointName=ConfigQuery, ruleContent= 

2023-10-26 19:32:10,686 INFO Apply tps control rule parse start,pointName=[ConfigQuery]  

2023-10-26 19:32:10,687 INFO Clear point  control rule ,pointName=[ConfigQuery]  

2023-10-26 19:32:10,687 INFO Clear point  control rule for monitorKeys, pointName=[ConfigQuery]  

2023-10-26 19:32:10,687 INFO Register tps control,pointName=ClusterConfigChangeNotify, point=com.alibaba.nacos.core.remote.control.TpsMonitorPoint@1894593a 

2023-10-26 19:32:10,688 INFO Load rule from local,pointName=ClusterConfigChangeNotify, ruleContent= 

2023-10-26 19:32:10,688 INFO Apply tps control rule parse start,pointName=[ClusterConfigChangeNotify]  

2023-10-26 19:32:10,689 INFO Clear point  control rule ,pointName=[ClusterConfigChangeNotify]  

2023-10-26 19:32:10,689 INFO Clear point  control rule for monitorKeys, pointName=[ClusterConfigChangeNotify]  

2023-10-26 19:32:10,689 INFO Register tps control,pointName=ConfigListen, point=com.alibaba.nacos.core.remote.control.TpsMonitorPoint@14b0e127 

2023-10-26 19:32:10,690 INFO Load rule from local,pointName=ConfigListen, ruleContent= 

2023-10-26 19:32:10,690 INFO Apply tps control rule parse start,pointName=[ConfigListen]  

2023-10-26 19:32:10,691 INFO Clear point  control rule ,pointName=[ConfigListen]  

2023-10-26 19:32:10,692 INFO Clear point  control rule for monitorKeys, pointName=[ConfigListen]  

2023-10-26 19:32:10,692 INFO Register tps control,pointName=ConfigRemove, point=com.alibaba.nacos.core.remote.control.TpsMonitorPoint@10823d72 

2023-10-26 19:32:10,693 INFO Load rule from local,pointName=ConfigRemove, ruleContent= 

2023-10-26 19:32:10,694 INFO Apply tps control rule parse start,pointName=[ConfigRemove]  

2023-10-26 19:32:10,694 INFO Clear point  control rule ,pointName=[ConfigRemove]  

2023-10-26 19:32:10,694 INFO Clear point  control rule for monitorKeys, pointName=[ConfigRemove]  

2023-10-26 19:32:10,695 INFO Register tps control,pointName=ConfigPublish, point=com.alibaba.nacos.core.remote.control.TpsMonitorPoint@7cea0110 

2023-10-26 19:32:10,695 INFO Load rule from local,pointName=ConfigPublish, ruleContent= 

2023-10-26 19:32:10,695 INFO Apply tps control rule parse start,pointName=[ConfigPublish]  

2023-10-26 19:32:10,696 INFO Clear point  control rule ,pointName=[ConfigPublish]  

2023-10-26 19:32:10,696 INFO Clear point  control rule for monitorKeys, pointName=[ConfigPublish]  

2023-10-26 19:32:10,697 INFO Register tps control,pointName=HealthCheck, point=com.alibaba.nacos.core.remote.control.TpsMonitorPoint@468dda3e 

2023-10-26 19:32:10,697 INFO Load rule from local,pointName=HealthCheck, ruleContent= 

2023-10-26 19:32:10,698 INFO Apply tps control rule parse start,pointName=[HealthCheck]  

2023-10-26 19:32:10,698 INFO Clear point  control rule ,pointName=[HealthCheck]  

2023-10-26 19:32:10,699 INFO Clear point  control rule for monitorKeys, pointName=[HealthCheck]  

2023-10-26 19:43:03,524 INFO Register tps control,pointName=NAMING_RPC_PUSH, point=com.alibaba.nacos.core.remote.control.TpsMonitorPoint@3f636880 

2023-10-26 19:43:03,524 INFO Load rule from local,pointName=NAMING_RPC_PUSH, ruleContent= 

2023-10-26 19:43:03,525 INFO Apply tps control rule parse start,pointName=[NAMING_RPC_PUSH]  

2023-10-26 19:43:03,525 INFO Clear point  control rule ,pointName=[NAMING_RPC_PUSH]  

2023-10-26 19:43:03,525 INFO Clear point  control rule for monitorKeys, pointName=[NAMING_RPC_PUSH]  

2023-10-26 19:43:03,526 INFO Register tps control,pointName=NAMING_RPC_PUSH_SUCCESS, point=com.alibaba.nacos.core.remote.control.TpsMonitorPoint@f449791 

2023-10-26 19:43:03,526 INFO Load rule from local,pointName=NAMING_RPC_PUSH_SUCCESS, ruleContent= 

2023-10-26 19:43:03,527 INFO Apply tps control rule parse start,pointName=[NAMING_RPC_PUSH_SUCCESS]  

2023-10-26 19:43:03,527 INFO Clear point  control rule ,pointName=[NAMING_RPC_PUSH_SUCCESS]  

2023-10-26 19:43:03,528 INFO Clear point  control rule for monitorKeys, pointName=[NAMING_RPC_PUSH_SUCCESS]  

2023-10-26 19:43:03,529 INFO Register tps control,pointName=NAMING_RPC_PUSH_FAIL, point=com.alibaba.nacos.core.remote.control.TpsMonitorPoint@7c52d8c0 

2023-10-26 19:43:03,529 INFO Load rule from local,pointName=NAMING_RPC_PUSH_FAIL, ruleContent= 

2023-10-26 19:43:03,530 INFO Apply tps control rule parse start,pointName=[NAMING_RPC_PUSH_FAIL]  

2023-10-26 19:43:03,530 INFO Clear point  control rule ,pointName=[NAMING_RPC_PUSH_FAIL]  

2023-10-26 19:43:03,530 INFO Clear point  control rule for monitorKeys, pointName=[NAMING_RPC_PUSH_FAIL]  

2023-10-26 19:43:03,531 INFO Register tps control,pointName=NAMING_UDP_PUSH, point=com.alibaba.nacos.core.remote.control.TpsMonitorPoint@3085137a 

2023-10-26 19:43:03,531 INFO Load rule from local,pointName=NAMING_UDP_PUSH, ruleContent= 

2023-10-26 19:43:03,531 INFO Apply tps control rule parse start,pointName=[NAMING_UDP_PUSH]  

2023-10-26 19:43:03,531 INFO Clear point  control rule ,pointName=[NAMING_UDP_PUSH]  

2023-10-26 19:43:03,532 INFO Clear point  control rule for monitorKeys, pointName=[NAMING_UDP_PUSH]  

2023-10-26 19:43:03,532 INFO Register tps control,pointName=NAMING_UDP_PUSH_SUCCESS, point=com.alibaba.nacos.core.remote.control.TpsMonitorPoint@14065a82 

2023-10-26 19:43:03,533 INFO Load rule from local,pointName=NAMING_UDP_PUSH_SUCCESS, ruleContent= 

2023-10-26 19:43:03,533 INFO Apply tps control rule parse start,pointName=[NAMING_UDP_PUSH_SUCCESS]  

2023-10-26 19:43:03,533 INFO Clear point  control rule ,pointName=[NAMING_UDP_PUSH_SUCCESS]  

2023-10-26 19:43:03,533 INFO Clear point  control rule for monitorKeys, pointName=[NAMING_UDP_PUSH_SUCCESS]  

2023-10-26 19:43:03,534 INFO Register tps control,pointName=NAMING_UDP_PUSH_FAIL, point=com.alibaba.nacos.core.remote.control.TpsMonitorPoint@3fd5af8c 

2023-10-26 19:43:03,534 INFO Load rule from local,pointName=NAMING_UDP_PUSH_FAIL, ruleContent= 

2023-10-26 19:43:03,534 INFO Apply tps control rule parse start,pointName=[NAMING_UDP_PUSH_FAIL]  

2023-10-26 19:43:03,534 INFO Clear point  control rule ,pointName=[NAMING_UDP_PUSH_FAIL]  

2023-10-26 19:43:03,535 INFO Clear point  control rule for monitorKeys, pointName=[NAMING_UDP_PUSH_FAIL]  

2023-10-26 19:43:03,535 INFO Register tps control,pointName=NAMING_DISTRO_SYNC, point=com.alibaba.nacos.core.remote.control.TpsMonitorPoint@552bf46e 

2023-10-26 19:43:03,535 INFO Load rule from local,pointName=NAMING_DISTRO_SYNC, ruleContent= 

2023-10-26 19:43:03,536 INFO Apply tps control rule parse start,pointName=[NAMING_DISTRO_SYNC]  

2023-10-26 19:43:03,536 INFO Clear point  control rule ,pointName=[NAMING_DISTRO_SYNC]  

2023-10-26 19:43:03,536 INFO Clear point  control rule for monitorKeys, pointName=[NAMING_DISTRO_SYNC]  

2023-10-26 19:43:03,536 INFO Register tps control,pointName=NAMING_DISTRO_SYNC_SUCCESS, point=com.alibaba.nacos.core.remote.control.TpsMonitorPoint@4d2d3372 

2023-10-26 19:43:03,537 INFO Load rule from local,pointName=NAMING_DISTRO_SYNC_SUCCESS, ruleContent= 

2023-10-26 19:43:03,537 INFO Apply tps control rule parse start,pointName=[NAMING_DISTRO_SYNC_SUCCESS]  

2023-10-26 19:43:03,537 INFO Clear point  control rule ,pointName=[NAMING_DISTRO_SYNC_SUCCESS]  

2023-10-26 19:43:03,537 INFO Clear point  control rule for monitorKeys, pointName=[NAMING_DISTRO_SYNC_SUCCESS]  

2023-10-26 19:43:03,538 INFO Register tps control,pointName=NAMING_DISTRO_SYNC_FAIL, point=com.alibaba.nacos.core.remote.control.TpsMonitorPoint@6b59b21f 

2023-10-26 19:43:03,538 INFO Load rule from local,pointName=NAMING_DISTRO_SYNC_FAIL, ruleContent= 

2023-10-26 19:43:03,538 INFO Apply tps control rule parse start,pointName=[NAMING_DISTRO_SYNC_FAIL]  

2023-10-26 19:43:03,538 INFO Clear point  control rule ,pointName=[NAMING_DISTRO_SYNC_FAIL]  

2023-10-26 19:43:03,538 INFO Clear point  control rule for monitorKeys, pointName=[NAMING_DISTRO_SYNC_FAIL]  

2023-10-26 19:43:03,539 INFO Register tps control,pointName=NAMING_DISTRO_VERIFY, point=com.alibaba.nacos.core.remote.control.TpsMonitorPoint@79e2d937 

2023-10-26 19:43:03,539 INFO Load rule from local,pointName=NAMING_DISTRO_VERIFY, ruleContent= 

2023-10-26 19:43:03,539 INFO Apply tps control rule parse start,pointName=[NAMING_DISTRO_VERIFY]  

2023-10-26 19:43:03,539 INFO Clear point  control rule ,pointName=[NAMING_DISTRO_VERIFY]  

2023-10-26 19:43:03,540 INFO Clear point  control rule for monitorKeys, pointName=[NAMING_DISTRO_VERIFY]  

2023-10-26 19:43:03,540 INFO Register tps control,pointName=NAMING_DISTRO_VERIFY_SUCCESS, point=com.alibaba.nacos.core.remote.control.TpsMonitorPoint@73e0dae1 

2023-10-26 19:43:03,541 INFO Load rule from local,pointName=NAMING_DISTRO_VERIFY_SUCCESS, ruleContent= 

2023-10-26 19:43:03,541 INFO Apply tps control rule parse start,pointName=[NAMING_DISTRO_VERIFY_SUCCESS]  

2023-10-26 19:43:03,541 INFO Clear point  control rule ,pointName=[NAMING_DISTRO_VERIFY_SUCCESS]  

2023-10-26 19:43:03,541 INFO Clear point  control rule for monitorKeys, pointName=[NAMING_DISTRO_VERIFY_SUCCESS]  

2023-10-26 19:43:03,541 INFO Register tps control,pointName=NAMING_DISTRO_VERIFY_FAIL, point=com.alibaba.nacos.core.remote.control.TpsMonitorPoint@57f2d14c 

2023-10-26 19:43:03,542 INFO Load rule from local,pointName=NAMING_DISTRO_VERIFY_FAIL, ruleContent= 

2023-10-26 19:43:03,542 INFO Apply tps control rule parse start,pointName=[NAMING_DISTRO_VERIFY_FAIL]  

2023-10-26 19:43:03,542 INFO Clear point  control rule ,pointName=[NAMING_DISTRO_VERIFY_FAIL]  

2023-10-26 19:43:03,543 INFO Clear point  control rule for monitorKeys, pointName=[NAMING_DISTRO_VERIFY_FAIL]  

2023-10-26 20:29:40,583 INFO Register tps control,pointName=CONFIG_PUSH_COUNT, point=com.alibaba.nacos.core.remote.control.TpsMonitorPoint@377008df 

2023-10-26 20:29:40,584 INFO Load rule from local,pointName=CONFIG_PUSH_COUNT, ruleContent= 

2023-10-26 20:29:40,585 INFO Apply tps control rule parse start,pointName=[CONFIG_PUSH_COUNT]  

2023-10-26 20:29:40,586 INFO Clear point  control rule ,pointName=[CONFIG_PUSH_COUNT]  

2023-10-26 20:29:40,587 INFO Clear point  control rule for monitorKeys, pointName=[CONFIG_PUSH_COUNT]  

2023-10-26 20:29:40,587 INFO Register tps control,pointName=CONFIG_PUSH_SUCCESS, point=com.alibaba.nacos.core.remote.control.TpsMonitorPoint@540dbda9 

2023-10-26 20:29:40,588 INFO Load rule from local,pointName=CONFIG_PUSH_SUCCESS, ruleContent= 

2023-10-26 20:29:40,588 INFO Apply tps control rule parse start,pointName=[CONFIG_PUSH_SUCCESS]  

2023-10-26 20:29:40,589 INFO Clear point  control rule ,pointName=[CONFIG_PUSH_SUCCESS]  

2023-10-26 20:29:40,590 INFO Clear point  control rule for monitorKeys, pointName=[CONFIG_PUSH_SUCCESS]  

2023-10-26 20:29:40,591 INFO Register tps control,pointName=CONFIG_PUSH_FAIL, point=com.alibaba.nacos.core.remote.control.TpsMonitorPoint@22bb5646 

2023-10-26 20:29:40,592 INFO Load rule from local,pointName=CONFIG_PUSH_FAIL, ruleContent= 

2023-10-26 20:29:40,592 INFO Apply tps control rule parse start,pointName=[CONFIG_PUSH_FAIL]  

2023-10-26 20:29:40,593 INFO Clear point  control rule ,pointName=[CONFIG_PUSH_FAIL]  

2023-10-26 20:29:40,593 INFO Clear point  control rule for monitorKeys, pointName=[CONFIG_PUSH_FAIL]  

2023-10-26 20:29:44,888 INFO Register tps control,pointName=ConfigQuery, point=com.alibaba.nacos.core.remote.control.TpsMonitorPoint@3f702946 

2023-10-26 20:29:44,889 INFO Load rule from local,pointName=ConfigQuery, ruleContent= 

2023-10-26 20:29:44,890 INFO Apply tps control rule parse start,pointName=[ConfigQuery]  

2023-10-26 20:29:44,890 INFO Clear point  control rule ,pointName=[ConfigQuery]  

2023-10-26 20:29:44,891 INFO Clear point  control rule for monitorKeys, pointName=[ConfigQuery]  

2023-10-26 20:29:44,891 INFO Register tps control,pointName=ClusterConfigChangeNotify, point=com.alibaba.nacos.core.remote.control.TpsMonitorPoint@42b6d0cc 

2023-10-26 20:29:44,892 INFO Load rule from local,pointName=ClusterConfigChangeNotify, ruleContent= 

2023-10-26 20:29:44,892 INFO Apply tps control rule parse start,pointName=[ClusterConfigChangeNotify]  

2023-10-26 20:29:44,893 INFO Clear point  control rule ,pointName=[ClusterConfigChangeNotify]  

2023-10-26 20:29:44,893 INFO Clear point  control rule for monitorKeys, pointName=[ClusterConfigChangeNotify]  

2023-10-26 20:29:44,894 INFO Register tps control,pointName=ConfigListen, point=com.alibaba.nacos.core.remote.control.TpsMonitorPoint@1000d54d 

2023-10-26 20:29:44,894 INFO Load rule from local,pointName=ConfigListen, ruleContent= 

2023-10-26 20:29:44,894 INFO Apply tps control rule parse start,pointName=[ConfigListen]  

2023-10-26 20:29:44,895 INFO Clear point  control rule ,pointName=[ConfigListen]  

2023-10-26 20:29:44,895 INFO Clear point  control rule for monitorKeys, pointName=[ConfigListen]  

2023-10-26 20:29:44,896 INFO Register tps control,pointName=ConfigRemove, point=com.alibaba.nacos.core.remote.control.TpsMonitorPoint@3f4f5330 

2023-10-26 20:29:44,896 INFO Load rule from local,pointName=ConfigRemove, ruleContent= 

2023-10-26 20:29:44,897 INFO Apply tps control rule parse start,pointName=[ConfigRemove]  

2023-10-26 20:29:44,897 INFO Clear point  control rule ,pointName=[ConfigRemove]  

2023-10-26 20:29:44,897 INFO Clear point  control rule for monitorKeys, pointName=[ConfigRemove]  

2023-10-26 20:29:44,898 INFO Register tps control,pointName=ConfigPublish, point=com.alibaba.nacos.core.remote.control.TpsMonitorPoint@14b7786 

2023-10-26 20:29:44,898 INFO Load rule from local,pointName=ConfigPublish, ruleContent= 

2023-10-26 20:29:44,899 INFO Apply tps control rule parse start,pointName=[ConfigPublish]  

2023-10-26 20:29:44,899 INFO Clear point  control rule ,pointName=[ConfigPublish]  

2023-10-26 20:29:44,900 INFO Clear point  control rule for monitorKeys, pointName=[ConfigPublish]  

2023-10-26 20:29:44,900 INFO Register tps control,pointName=HealthCheck, point=com.alibaba.nacos.core.remote.control.TpsMonitorPoint@750ff7d3 

2023-10-26 20:29:44,901 INFO Load rule from local,pointName=HealthCheck, ruleContent= 

2023-10-26 20:29:44,901 INFO Apply tps control rule parse start,pointName=[HealthCheck]  

2023-10-26 20:29:44,902 INFO Clear point  control rule ,pointName=[HealthCheck]  

2023-10-26 20:29:44,902 INFO Clear point  control rule for monitorKeys, pointName=[HealthCheck]  

