2023-10-26 11:41:43,925 INFO SPI service [com.alipay.sofa.jraft.JRaftServiceFactory - com.alipay.sofa.jraft.core.DefaultJRaftServiceFactory] loading.

2023-10-26 11:41:43,984 INFO SPI service [com.alipay.sofa.jraft.rpc.RaftRpcFactory - com.alipay.sofa.jraft.rpc.impl.GrpcRaftRpcFactory] loading.

2023-10-26 11:41:44,248 INFO SPI service [com.alipay.sofa.jraft.util.JRaftSignalHandler - com.alipay.sofa.jraft.NodeDescribeSignalHandler] loading.

2023-10-26 11:41:44,249 INFO SPI service [com.alipay.sofa.jraft.util.JRaftSignalHandler - com.alipay.sofa.jraft.NodeMetricsSignalHandler] loading.

2023-10-26 11:41:44,260 INFO SPI service [com.alipay.sofa.jraft.util.JRaftSignalHandler - com.alipay.sofa.jraft.ThreadPoolMetricsSignalHandler] loading.

2023-10-26 11:41:44,263 INFO SPI service [com.alipay.sofa.jraft.util.timer.RaftTimerFactory - com.alipay.sofa.jraft.util.timer.DefaultRaftTimerFactory] loading.

2023-10-26 11:41:44,269 INFO The number of active nodes increment to 1.

2023-10-26 11:41:44,403 INFO Starts FSMCaller successfully.

2023-10-26 11:41:44,414 INFO Loading snapshot, meta=last_included_index: 1
last_included_term: 1
peers: "9ed64a24ec2e:7848"
.

2023-10-26 11:41:44,488 INFO Node <naming_persistent_service_v2/9ed64a24ec2e:7848> onSnapshotLoadDone, last_included_index: 1
last_included_term: 1
peers: "9ed64a24ec2e:7848"


2023-10-26 11:41:44,490 INFO Node <naming_persistent_service_v2/9ed64a24ec2e:7848> target priority value has changed from: 0, to: -1.

2023-10-26 11:41:44,506 INFO Node <naming_persistent_service_v2/9ed64a24ec2e:7848> init, term=1, lastLogId=LogId [index=1, term=1], conf=9ed64a24ec2e:7848, oldConf=.

2023-10-26 11:41:44,509 INFO Node <naming_persistent_service_v2/9ed64a24ec2e:7848> start vote and grant vote self, term=1.

2023-10-26 11:41:44,521 INFO Save raft meta, path=/home/nacos/data/protocol/raft/naming_persistent_service_v2/meta-data, term=2, votedFor=9ed64a24ec2e:7848, cost time=10 ms

2023-10-26 11:41:44,522 INFO Node <naming_persistent_service_v2/9ed64a24ec2e:7848> become leader of group, term=2, conf=9ed64a24ec2e:7848, oldConf=.

2023-10-26 11:41:44,525 INFO -Djraft.recyclers.maxCapacityPerThread: 4096.

2023-10-26 11:41:44,527 WARN RPC server is not started in RaftGroupService.

2023-10-26 11:41:44,528 INFO Start the RaftGroupService successfully.

2023-10-26 11:41:44,535 INFO onLeaderStart: term=2.

2023-10-26 11:41:44,547 INFO The number of active nodes increment to 2.

2023-10-26 11:41:44,580 INFO Starts FSMCaller successfully.

2023-10-26 11:41:44,582 INFO Loading snapshot, meta=last_included_index: 1
last_included_term: 1
peers: "9ed64a24ec2e:7848"
.

2023-10-26 11:41:44,584 INFO Node <naming_instance_metadata/9ed64a24ec2e:7848> onSnapshotLoadDone, last_included_index: 1
last_included_term: 1
peers: "9ed64a24ec2e:7848"


2023-10-26 11:41:44,584 INFO Node <naming_instance_metadata/9ed64a24ec2e:7848> target priority value has changed from: 0, to: -1.

2023-10-26 11:41:44,586 INFO Node <naming_instance_metadata/9ed64a24ec2e:7848> init, term=1, lastLogId=LogId [index=1, term=1], conf=9ed64a24ec2e:7848, oldConf=.

2023-10-26 11:41:44,587 INFO Node <naming_instance_metadata/9ed64a24ec2e:7848> start vote and grant vote self, term=1.

2023-10-26 11:41:44,589 WARN Channel in TRANSIENT_FAILURE state: 9ed64a24ec2e:7848.

2023-10-26 11:41:44,589 WARN Channel in SHUTDOWN state: 9ed64a24ec2e:7848.

2023-10-26 11:41:44,591 INFO Save raft meta, path=/home/nacos/data/protocol/raft/naming_instance_metadata/meta-data, term=2, votedFor=9ed64a24ec2e:7848, cost time=4 ms

2023-10-26 11:41:44,591 INFO Node <naming_instance_metadata/9ed64a24ec2e:7848> become leader of group, term=2, conf=9ed64a24ec2e:7848, oldConf=.

2023-10-26 11:41:44,592 WARN RPC server is not started in RaftGroupService.

2023-10-26 11:41:44,592 INFO Start the RaftGroupService successfully.

2023-10-26 11:41:44,594 INFO onLeaderStart: term=2.

2023-10-26 11:41:44,595 INFO The number of active nodes increment to 3.

2023-10-26 11:41:44,779 INFO Starts FSMCaller successfully.

2023-10-26 11:41:44,780 INFO Loading snapshot, meta=last_included_index: 1
last_included_term: 1
peers: "9ed64a24ec2e:7848"
.

2023-10-26 11:41:44,782 INFO Node <naming_service_metadata/9ed64a24ec2e:7848> onSnapshotLoadDone, last_included_index: 1
last_included_term: 1
peers: "9ed64a24ec2e:7848"


2023-10-26 11:41:44,782 INFO Node <naming_service_metadata/9ed64a24ec2e:7848> target priority value has changed from: 0, to: -1.

2023-10-26 11:41:44,783 INFO Node <naming_service_metadata/9ed64a24ec2e:7848> init, term=1, lastLogId=LogId [index=1, term=1], conf=9ed64a24ec2e:7848, oldConf=.

2023-10-26 11:41:44,784 INFO Node <naming_service_metadata/9ed64a24ec2e:7848> start vote and grant vote self, term=1.

2023-10-26 11:41:44,787 INFO Save raft meta, path=/home/nacos/data/protocol/raft/naming_service_metadata/meta-data, term=2, votedFor=9ed64a24ec2e:7848, cost time=3 ms

2023-10-26 11:41:44,788 INFO Node <naming_service_metadata/9ed64a24ec2e:7848> become leader of group, term=2, conf=9ed64a24ec2e:7848, oldConf=.

2023-10-26 11:41:44,788 WARN RPC server is not started in RaftGroupService.

2023-10-26 11:41:44,788 INFO Start the RaftGroupService successfully.

2023-10-26 11:41:44,790 INFO onLeaderStart: term=2.

2023-10-26 11:47:56,411 INFO Node <naming_service_metadata/9ed64a24ec2e:7848> shutdown, currTerm=2 state=STATE_LEADER.

2023-10-26 11:47:56,413 INFO Fail to find the next candidate.

2023-10-26 11:47:56,413 INFO onLeaderStop: status=Status[ESHUTDOWN<1007>: Raft node is going to quit.].

2023-10-26 11:47:56,419 INFO Save raft meta, path=/home/nacos/data/protocol/raft/naming_service_metadata/meta-data, term=2, votedFor=9ed64a24ec2e:7848, cost time=4 ms

2023-10-26 11:47:56,420 INFO Shutting down FSMCaller...

2023-10-26 11:47:56,421 INFO onShutdown.

2023-10-26 11:47:56,422 INFO ThreadPool is terminated: JRaft-RPC-Processor, com.alipay.sofa.jraft.util.MetricThreadPoolExecutor@37ce6a54[Shutting down, pool size = 0, active threads = 0, queued tasks = 0, completed tasks = 0].

2023-10-26 11:47:56,423 INFO ThreadPool is terminated: JRaft-Node-ScheduleThreadPool, com.alipay.sofa.jraft.util.MetricScheduledThreadPoolExecutor@1dc46203[Shutting down, pool size = 0, active threads = 0, queued tasks = 0, completed tasks = 0].

2023-10-26 11:47:56,423 INFO The number of active nodes decrement to 2.

2023-10-26 11:47:56,423 INFO Destroy timer: RepeatedTimer{timeout=null, stopped=true, running=false, destroyed=true, invoking=false, timeoutMs=5000, name='JRaft-ElectionTimer-<naming_service_metadata/9ed64a24ec2e:7848>'}.

2023-10-26 11:47:56,424 INFO Destroy timer: RepeatedTimer{timeout=null, stopped=true, running=false, destroyed=true, invoking=false, timeoutMs=5000, name='JRaft-VoteTimer-<naming_service_metadata/9ed64a24ec2e:7848>'}.

2023-10-26 11:47:56,424 INFO Destroy timer: RepeatedTimer{timeout=null, stopped=true, running=false, destroyed=true, invoking=false, timeoutMs=2500, name='JRaft-StepDownTimer-<naming_service_metadata/9ed64a24ec2e:7848>'}.

2023-10-26 11:47:56,424 INFO Destroy timer: RepeatedTimer{timeout=null, stopped=true, running=false, destroyed=true, invoking=false, timeoutMs=1800000, name='JRaft-SnapshotTimer-<naming_service_metadata/9ed64a24ec2e:7848>'}.

2023-10-26 11:47:56,425 INFO Node <naming_service_metadata/9ed64a24ec2e:7848> shutdown, currTerm=2 state=STATE_SHUTTING.

2023-10-26 11:47:56,426 INFO Stop the RaftGroupService successfully.

2023-10-26 11:47:56,426 INFO Node <naming_instance_metadata/9ed64a24ec2e:7848> shutdown, currTerm=2 state=STATE_LEADER.

2023-10-26 11:47:56,427 INFO Fail to find the next candidate.

2023-10-26 11:47:56,427 INFO onLeaderStop: status=Status[ESHUTDOWN<1007>: Raft node is going to quit.].

2023-10-26 11:47:56,431 INFO Save raft meta, path=/home/nacos/data/protocol/raft/naming_instance_metadata/meta-data, term=2, votedFor=9ed64a24ec2e:7848, cost time=3 ms

2023-10-26 11:47:56,431 INFO Shutting down FSMCaller...

2023-10-26 11:47:56,432 INFO onShutdown.

2023-10-26 11:47:56,433 INFO ThreadPool is terminated: JRaft-RPC-Processor, com.alipay.sofa.jraft.util.MetricThreadPoolExecutor@b1b91a6[Shutting down, pool size = 0, active threads = 0, queued tasks = 0, completed tasks = 0].

2023-10-26 11:47:56,433 INFO ThreadPool is terminated: JRaft-Node-ScheduleThreadPool, com.alipay.sofa.jraft.util.MetricScheduledThreadPoolExecutor@60e626b8[Shutting down, pool size = 0, active threads = 0, queued tasks = 0, completed tasks = 0].

2023-10-26 11:47:56,433 INFO The number of active nodes decrement to 1.

2023-10-26 11:47:56,434 INFO Destroy timer: RepeatedTimer{timeout=null, stopped=true, running=false, destroyed=true, invoking=false, timeoutMs=5000, name='JRaft-ElectionTimer-<naming_instance_metadata/9ed64a24ec2e:7848>'}.

2023-10-26 11:47:56,434 INFO Destroy timer: RepeatedTimer{timeout=null, stopped=true, running=false, destroyed=true, invoking=false, timeoutMs=5000, name='JRaft-VoteTimer-<naming_instance_metadata/9ed64a24ec2e:7848>'}.

2023-10-26 11:47:56,434 INFO Destroy timer: RepeatedTimer{timeout=null, stopped=true, running=false, destroyed=true, invoking=false, timeoutMs=2500, name='JRaft-StepDownTimer-<naming_instance_metadata/9ed64a24ec2e:7848>'}.

2023-10-26 11:47:56,435 INFO Destroy timer: RepeatedTimer{timeout=null, stopped=true, running=false, destroyed=true, invoking=false, timeoutMs=1800000, name='JRaft-SnapshotTimer-<naming_instance_metadata/9ed64a24ec2e:7848>'}.

2023-10-26 11:47:56,435 INFO Node <naming_instance_metadata/9ed64a24ec2e:7848> shutdown, currTerm=2 state=STATE_SHUTTING.

2023-10-26 11:47:56,436 INFO Stop the RaftGroupService successfully.

2023-10-26 11:47:56,436 INFO Node <naming_persistent_service_v2/9ed64a24ec2e:7848> shutdown, currTerm=2 state=STATE_LEADER.

2023-10-26 11:47:56,437 INFO Fail to find the next candidate.

2023-10-26 11:47:56,437 INFO onLeaderStop: status=Status[ESHUTDOWN<1007>: Raft node is going to quit.].

2023-10-26 11:47:56,441 INFO Save raft meta, path=/home/nacos/data/protocol/raft/naming_persistent_service_v2/meta-data, term=2, votedFor=9ed64a24ec2e:7848, cost time=4 ms

2023-10-26 11:47:56,441 INFO Shutting down FSMCaller...

2023-10-26 11:47:56,441 INFO onShutdown.

2023-10-26 11:47:56,442 INFO ThreadPool is terminated: JRaft-RPC-Processor, com.alipay.sofa.jraft.util.MetricThreadPoolExecutor@3ca2333f[Shutting down, pool size = 0, active threads = 0, queued tasks = 0, completed tasks = 0].

2023-10-26 11:47:56,442 INFO ThreadPool is terminated: JRaft-Node-ScheduleThreadPool, com.alipay.sofa.jraft.util.MetricScheduledThreadPoolExecutor@5bd45e98[Shutting down, pool size = 0, active threads = 0, queued tasks = 0, completed tasks = 0].

2023-10-26 11:47:56,442 INFO The number of active nodes decrement to 0.

2023-10-26 11:47:56,445 INFO ThreadPool is terminated: JRaft-Global-ElectionTimer, com.alipay.sofa.jraft.util.MetricScheduledThreadPoolExecutor@65dc60ee[Shutting down, pool size = 0, active threads = 0, queued tasks = 0, completed tasks = 3].

2023-10-26 11:47:56,445 INFO Destroy timer: RepeatedTimer{timeout=null, stopped=true, running=false, destroyed=true, invoking=false, timeoutMs=5000, name='JRaft-ElectionTimer-<naming_persistent_service_v2/9ed64a24ec2e:7848>'}.

2023-10-26 11:47:56,445 INFO ThreadPool is terminated: JRaft-Global-VoteTimer, com.alipay.sofa.jraft.util.MetricScheduledThreadPoolExecutor@231c5a1b[Shutting down, pool size = 1, active threads = 0, queued tasks = 0, completed tasks = 3].

2023-10-26 11:47:56,446 INFO Destroy timer: RepeatedTimer{timeout=null, stopped=true, running=false, destroyed=true, invoking=false, timeoutMs=5000, name='JRaft-VoteTimer-<naming_persistent_service_v2/9ed64a24ec2e:7848>'}.

2023-10-26 11:47:56,447 INFO ThreadPool is terminated: JRaft-Global-StepDownTimer, com.alipay.sofa.jraft.util.MetricScheduledThreadPoolExecutor@68b42ec6[Shutting down, pool size = 3, active threads = 0, queued tasks = 0, completed tasks = 444].

2023-10-26 11:47:56,448 INFO Destroy timer: RepeatedTimer{timeout=null, stopped=true, running=false, destroyed=true, invoking=false, timeoutMs=2500, name='JRaft-StepDownTimer-<naming_persistent_service_v2/9ed64a24ec2e:7848>'}.

2023-10-26 11:47:56,448 INFO ThreadPool is terminated: JRaft-Global-SnapshotTimer, com.alipay.sofa.jraft.util.MetricScheduledThreadPoolExecutor@6148184d[Shutting down, pool size = 0, active threads = 0, queued tasks = 0, completed tasks = 0].

2023-10-26 11:47:56,448 INFO Destroy timer: RepeatedTimer{timeout=null, stopped=true, running=false, destroyed=true, invoking=false, timeoutMs=1800000, name='JRaft-SnapshotTimer-<naming_persistent_service_v2/9ed64a24ec2e:7848>'}.

2023-10-26 11:47:56,449 INFO Node <naming_persistent_service_v2/9ed64a24ec2e:7848> shutdown, currTerm=2 state=STATE_SHUTTING.

2023-10-26 11:47:56,449 INFO Stop the RaftGroupService successfully.

2023-10-26 11:47:56,450 INFO Shutdown managed channel: 9ed64a24ec2e:7848, ManagedChannelOrphanWrapper{delegate=ManagedChannelImpl{logId=10, target=9ed64a24ec2e:7848}}.

2023-10-26 11:47:56,457 INFO Connection disconnected: /172.18.0.3:37370

2023-10-26 11:47:56,459 INFO ThreadPool is terminated: JRaft-RPC-Processor, com.alipay.sofa.jraft.util.MetricThreadPoolExecutor@72e77b7b[Shutting down, pool size = 4, active threads = 0, queued tasks = 0, completed tasks = 248].

2023-10-26 11:48:20,206 INFO SPI service [com.alipay.sofa.jraft.JRaftServiceFactory - com.alipay.sofa.jraft.core.DefaultJRaftServiceFactory] loading.

2023-10-26 11:48:20,401 INFO SPI service [com.alipay.sofa.jraft.rpc.RaftRpcFactory - com.alipay.sofa.jraft.rpc.impl.GrpcRaftRpcFactory] loading.

2023-10-26 11:48:20,496 INFO SPI service [com.alipay.sofa.jraft.util.JRaftSignalHandler - com.alipay.sofa.jraft.NodeDescribeSignalHandler] loading.

2023-10-26 11:48:20,497 INFO SPI service [com.alipay.sofa.jraft.util.JRaftSignalHandler - com.alipay.sofa.jraft.NodeMetricsSignalHandler] loading.

2023-10-26 11:48:20,498 INFO SPI service [com.alipay.sofa.jraft.util.JRaftSignalHandler - com.alipay.sofa.jraft.ThreadPoolMetricsSignalHandler] loading.

2023-10-26 11:48:20,500 INFO SPI service [com.alipay.sofa.jraft.util.timer.RaftTimerFactory - com.alipay.sofa.jraft.util.timer.DefaultRaftTimerFactory] loading.

2023-10-26 11:48:20,506 INFO The number of active nodes increment to 1.

2023-10-26 11:48:20,631 INFO Starts FSMCaller successfully.

2023-10-26 11:48:20,638 INFO Loading snapshot, meta=last_included_index: 1
last_included_term: 1
peers: "9ed64a24ec2e:7848"
.

2023-10-26 11:48:20,681 INFO Node <naming_persistent_service_v2/9ed64a24ec2e:7848> onSnapshotLoadDone, last_included_index: 1
last_included_term: 1
peers: "9ed64a24ec2e:7848"


2023-10-26 11:48:20,682 INFO Node <naming_persistent_service_v2/9ed64a24ec2e:7848> target priority value has changed from: 0, to: -1.

2023-10-26 11:48:20,696 INFO Node <naming_persistent_service_v2/9ed64a24ec2e:7848> init, term=2, lastLogId=LogId [index=2, term=2], conf=9ed64a24ec2e:7848, oldConf=.

2023-10-26 11:48:20,698 INFO Node <naming_persistent_service_v2/9ed64a24ec2e:7848> start vote and grant vote self, term=2.

2023-10-26 11:48:20,709 INFO Save raft meta, path=/home/nacos/data/protocol/raft/naming_persistent_service_v2/meta-data, term=3, votedFor=9ed64a24ec2e:7848, cost time=9 ms

2023-10-26 11:48:20,710 INFO Node <naming_persistent_service_v2/9ed64a24ec2e:7848> become leader of group, term=3, conf=9ed64a24ec2e:7848, oldConf=.

2023-10-26 11:48:20,712 INFO -Djraft.recyclers.maxCapacityPerThread: 4096.

2023-10-26 11:48:20,714 WARN RPC server is not started in RaftGroupService.

2023-10-26 11:48:20,714 INFO Start the RaftGroupService successfully.

2023-10-26 11:48:20,721 INFO onLeaderStart: term=3.

2023-10-26 11:48:20,730 INFO The number of active nodes increment to 2.

2023-10-26 11:48:20,764 INFO Starts FSMCaller successfully.

2023-10-26 11:48:20,764 INFO Loading snapshot, meta=last_included_index: 1
last_included_term: 1
peers: "9ed64a24ec2e:7848"
.

2023-10-26 11:48:20,766 INFO Node <naming_instance_metadata/9ed64a24ec2e:7848> onSnapshotLoadDone, last_included_index: 1
last_included_term: 1
peers: "9ed64a24ec2e:7848"


2023-10-26 11:48:20,767 INFO Node <naming_instance_metadata/9ed64a24ec2e:7848> target priority value has changed from: 0, to: -1.

2023-10-26 11:48:20,769 INFO Node <naming_instance_metadata/9ed64a24ec2e:7848> init, term=2, lastLogId=LogId [index=2, term=2], conf=9ed64a24ec2e:7848, oldConf=.

2023-10-26 11:48:20,770 INFO Node <naming_instance_metadata/9ed64a24ec2e:7848> start vote and grant vote self, term=2.

2023-10-26 11:48:20,912 INFO Save raft meta, path=/home/nacos/data/protocol/raft/naming_instance_metadata/meta-data, term=3, votedFor=9ed64a24ec2e:7848, cost time=141 ms

2023-10-26 11:48:20,913 INFO Node <naming_instance_metadata/9ed64a24ec2e:7848> become leader of group, term=3, conf=9ed64a24ec2e:7848, oldConf=.

2023-10-26 11:48:20,915 WARN RPC server is not started in RaftGroupService.

2023-10-26 11:48:20,915 INFO Start the RaftGroupService successfully.

2023-10-26 11:48:20,916 INFO onLeaderStart: term=3.

2023-10-26 11:48:20,921 INFO The number of active nodes increment to 3.

2023-10-26 11:48:20,921 WARN Channel in TRANSIENT_FAILURE state: 9ed64a24ec2e:7848.

2023-10-26 11:48:20,922 WARN Channel in SHUTDOWN state: 9ed64a24ec2e:7848.

2023-10-26 11:48:20,958 INFO Starts FSMCaller successfully.

2023-10-26 11:48:20,959 INFO Loading snapshot, meta=last_included_index: 1
last_included_term: 1
peers: "9ed64a24ec2e:7848"
.

2023-10-26 11:48:20,961 INFO Node <naming_service_metadata/9ed64a24ec2e:7848> onSnapshotLoadDone, last_included_index: 1
last_included_term: 1
peers: "9ed64a24ec2e:7848"


2023-10-26 11:48:20,961 INFO Node <naming_service_metadata/9ed64a24ec2e:7848> target priority value has changed from: 0, to: -1.

2023-10-26 11:48:20,963 INFO Node <naming_service_metadata/9ed64a24ec2e:7848> init, term=2, lastLogId=LogId [index=2, term=2], conf=9ed64a24ec2e:7848, oldConf=.

2023-10-26 11:48:20,964 INFO Node <naming_service_metadata/9ed64a24ec2e:7848> start vote and grant vote self, term=2.

2023-10-26 11:48:20,969 INFO Save raft meta, path=/home/nacos/data/protocol/raft/naming_service_metadata/meta-data, term=3, votedFor=9ed64a24ec2e:7848, cost time=5 ms

2023-10-26 11:48:20,970 INFO Node <naming_service_metadata/9ed64a24ec2e:7848> become leader of group, term=3, conf=9ed64a24ec2e:7848, oldConf=.

2023-10-26 11:48:20,971 WARN RPC server is not started in RaftGroupService.

2023-10-26 11:48:20,971 INFO Start the RaftGroupService successfully.

2023-10-26 11:48:20,972 INFO onLeaderStart: term=3.

2023-10-26 12:07:55,467 INFO Deleting snapshot /home/nacos/data/protocol/raft/naming_instance_metadata/snapshot/snapshot_3.

2023-10-26 12:07:55,468 INFO Renaming /home/nacos/data/protocol/raft/naming_instance_metadata/snapshot/temp to /home/nacos/data/protocol/raft/naming_instance_metadata/snapshot/snapshot_3.

2023-10-26 12:07:55,468 INFO Deleting snapshot /home/nacos/data/protocol/raft/naming_instance_metadata/snapshot/snapshot_1.

2023-10-26 12:08:43,510 INFO Deleting snapshot /home/nacos/data/protocol/raft/naming_persistent_service_v2/snapshot/snapshot_3.

2023-10-26 12:08:43,510 INFO Renaming /home/nacos/data/protocol/raft/naming_persistent_service_v2/snapshot/temp to /home/nacos/data/protocol/raft/naming_persistent_service_v2/snapshot/snapshot_3.

2023-10-26 12:08:43,511 INFO Deleting snapshot /home/nacos/data/protocol/raft/naming_persistent_service_v2/snapshot/snapshot_1.

2023-10-26 12:09:43,917 INFO Deleting snapshot /home/nacos/data/protocol/raft/naming_service_metadata/snapshot/snapshot_3.

2023-10-26 12:09:43,918 INFO Renaming /home/nacos/data/protocol/raft/naming_service_metadata/snapshot/temp to /home/nacos/data/protocol/raft/naming_service_metadata/snapshot/snapshot_3.

2023-10-26 12:09:43,918 INFO Deleting snapshot /home/nacos/data/protocol/raft/naming_service_metadata/snapshot/snapshot_1.

2023-10-26 15:00:01,859 INFO SPI service [com.alipay.sofa.jraft.JRaftServiceFactory - com.alipay.sofa.jraft.core.DefaultJRaftServiceFactory] loading.

2023-10-26 15:00:02,093 INFO SPI service [com.alipay.sofa.jraft.rpc.RaftRpcFactory - com.alipay.sofa.jraft.rpc.impl.GrpcRaftRpcFactory] loading.

2023-10-26 15:00:02,483 INFO SPI service [com.alipay.sofa.jraft.util.JRaftSignalHandler - com.alipay.sofa.jraft.NodeDescribeSignalHandler] loading.

2023-10-26 15:00:02,485 INFO SPI service [com.alipay.sofa.jraft.util.JRaftSignalHandler - com.alipay.sofa.jraft.NodeMetricsSignalHandler] loading.

2023-10-26 15:00:02,489 INFO SPI service [com.alipay.sofa.jraft.util.JRaftSignalHandler - com.alipay.sofa.jraft.ThreadPoolMetricsSignalHandler] loading.

2023-10-26 15:00:02,498 INFO SPI service [com.alipay.sofa.jraft.util.timer.RaftTimerFactory - com.alipay.sofa.jraft.util.timer.DefaultRaftTimerFactory] loading.

2023-10-26 15:00:02,515 INFO The number of active nodes increment to 1.

2023-10-26 15:00:03,001 INFO Starts FSMCaller successfully.

2023-10-26 15:00:03,022 INFO Loading snapshot, meta=last_included_index: 3
last_included_term: 3
peers: "9ed64a24ec2e:7848"
.

2023-10-26 15:00:03,719 INFO Node <naming_persistent_service_v2/9ed64a24ec2e:7848> onSnapshotLoadDone, last_included_index: 3
last_included_term: 3
peers: "9ed64a24ec2e:7848"


2023-10-26 15:00:03,725 INFO Node <naming_persistent_service_v2/9ed64a24ec2e:7848> target priority value has changed from: 0, to: -1.

2023-10-26 15:00:03,793 INFO Node <naming_persistent_service_v2/9ed64a24ec2e:7848> init, term=3, lastLogId=LogId [index=3, term=3], conf=9ed64a24ec2e:7848, oldConf=.

2023-10-26 15:00:03,799 INFO Node <naming_persistent_service_v2/9ed64a24ec2e:7848> start vote and grant vote self, term=3.

2023-10-26 15:00:03,840 INFO Save raft meta, path=/home/nacos/data/protocol/raft/naming_persistent_service_v2/meta-data, term=4, votedFor=9ed64a24ec2e:7848, cost time=37 ms

2023-10-26 15:00:03,842 INFO Node <naming_persistent_service_v2/9ed64a24ec2e:7848> become leader of group, term=4, conf=9ed64a24ec2e:7848, oldConf=.

2023-10-26 15:00:03,847 INFO -Djraft.recyclers.maxCapacityPerThread: 4096.

2023-10-26 15:00:03,851 WARN RPC server is not started in RaftGroupService.

2023-10-26 15:00:03,853 INFO Start the RaftGroupService successfully.

2023-10-26 15:00:03,891 INFO onLeaderStart: term=4.

2023-10-26 15:00:03,903 INFO The number of active nodes increment to 2.

2023-10-26 15:00:04,038 WARN Channel in TRANSIENT_FAILURE state: 9ed64a24ec2e:7848.

2023-10-26 15:00:04,040 WARN Channel in SHUTDOWN state: 9ed64a24ec2e:7848.

2023-10-26 15:00:04,063 INFO Starts FSMCaller successfully.

2023-10-26 15:00:04,067 INFO Loading snapshot, meta=last_included_index: 3
last_included_term: 3
peers: "9ed64a24ec2e:7848"
.

2023-10-26 15:00:04,100 INFO Node <naming_instance_metadata/9ed64a24ec2e:7848> onSnapshotLoadDone, last_included_index: 3
last_included_term: 3
peers: "9ed64a24ec2e:7848"


2023-10-26 15:00:04,101 INFO Node <naming_instance_metadata/9ed64a24ec2e:7848> target priority value has changed from: 0, to: -1.

2023-10-26 15:00:04,107 INFO Node <naming_instance_metadata/9ed64a24ec2e:7848> init, term=3, lastLogId=LogId [index=3, term=3], conf=9ed64a24ec2e:7848, oldConf=.

2023-10-26 15:00:04,116 INFO Node <naming_instance_metadata/9ed64a24ec2e:7848> start vote and grant vote self, term=3.

2023-10-26 15:00:04,134 INFO Save raft meta, path=/home/nacos/data/protocol/raft/naming_instance_metadata/meta-data, term=4, votedFor=9ed64a24ec2e:7848, cost time=14 ms

2023-10-26 15:00:04,135 INFO Node <naming_instance_metadata/9ed64a24ec2e:7848> become leader of group, term=4, conf=9ed64a24ec2e:7848, oldConf=.

2023-10-26 15:00:04,138 WARN RPC server is not started in RaftGroupService.

2023-10-26 15:00:04,139 INFO Start the RaftGroupService successfully.

2023-10-26 15:00:04,141 INFO onLeaderStart: term=4.

2023-10-26 15:00:04,179 INFO The number of active nodes increment to 3.

2023-10-26 15:00:04,433 INFO Starts FSMCaller successfully.

2023-10-26 15:00:04,434 INFO Loading snapshot, meta=last_included_index: 3
last_included_term: 3
peers: "9ed64a24ec2e:7848"
.

2023-10-26 15:00:04,437 INFO Node <naming_service_metadata/9ed64a24ec2e:7848> onSnapshotLoadDone, last_included_index: 3
last_included_term: 3
peers: "9ed64a24ec2e:7848"


2023-10-26 15:00:04,444 INFO Node <naming_service_metadata/9ed64a24ec2e:7848> target priority value has changed from: 0, to: -1.

2023-10-26 15:00:04,453 INFO Node <naming_service_metadata/9ed64a24ec2e:7848> init, term=3, lastLogId=LogId [index=3, term=3], conf=9ed64a24ec2e:7848, oldConf=.

2023-10-26 15:00:04,455 INFO Node <naming_service_metadata/9ed64a24ec2e:7848> start vote and grant vote self, term=3.

2023-10-26 15:00:04,461 INFO Save raft meta, path=/home/nacos/data/protocol/raft/naming_service_metadata/meta-data, term=4, votedFor=9ed64a24ec2e:7848, cost time=5 ms

2023-10-26 15:00:04,461 INFO Node <naming_service_metadata/9ed64a24ec2e:7848> become leader of group, term=4, conf=9ed64a24ec2e:7848, oldConf=.

2023-10-26 15:00:04,463 WARN RPC server is not started in RaftGroupService.

2023-10-26 15:00:04,463 INFO Start the RaftGroupService successfully.

2023-10-26 15:00:04,465 INFO onLeaderStart: term=4.

2023-10-26 15:00:05,052 ERROR Fail to connect 9ed64a24ec2e:7848, remoting exception: java.util.concurrent.ExecutionException: io.grpc.StatusRuntimeException: DEADLINE_EXCEEDED: deadline exceeded after 860877979ns. [buffered_nanos=862233304, waiting_for_connection].

2023-10-26 15:00:05,053 ERROR Fail to connect peer 9ed64a24ec2e:7848 to get leader for group naming_persistent_service_v2.

2023-10-26 15:10:14,323 INFO Node <naming_service_metadata/9ed64a24ec2e:7848> shutdown, currTerm=4 state=STATE_LEADER.

2023-10-26 15:10:14,324 INFO Fail to find the next candidate.

2023-10-26 15:10:14,324 INFO onLeaderStop: status=Status[ESHUTDOWN<1007>: Raft node is going to quit.].

2023-10-26 15:10:14,329 INFO Save raft meta, path=/home/nacos/data/protocol/raft/naming_service_metadata/meta-data, term=4, votedFor=9ed64a24ec2e:7848, cost time=4 ms

2023-10-26 15:10:14,330 INFO Shutting down FSMCaller...

2023-10-26 15:10:14,330 INFO onShutdown.

2023-10-26 15:10:14,331 INFO ThreadPool is terminated: JRaft-RPC-Processor, com.alipay.sofa.jraft.util.MetricThreadPoolExecutor@5d7338fe[Shutting down, pool size = 0, active threads = 0, queued tasks = 0, completed tasks = 0].

2023-10-26 15:10:14,332 INFO ThreadPool is terminated: JRaft-Node-ScheduleThreadPool, com.alipay.sofa.jraft.util.MetricScheduledThreadPoolExecutor@4d3d99ed[Shutting down, pool size = 0, active threads = 0, queued tasks = 0, completed tasks = 0].

2023-10-26 15:10:14,332 INFO The number of active nodes decrement to 2.

2023-10-26 15:10:14,332 INFO Destroy timer: RepeatedTimer{timeout=null, stopped=true, running=false, destroyed=true, invoking=false, timeoutMs=5000, name='JRaft-ElectionTimer-<naming_service_metadata/9ed64a24ec2e:7848>'}.

2023-10-26 15:10:14,333 INFO Destroy timer: RepeatedTimer{timeout=null, stopped=true, running=false, destroyed=true, invoking=false, timeoutMs=5000, name='JRaft-VoteTimer-<naming_service_metadata/9ed64a24ec2e:7848>'}.

2023-10-26 15:10:14,333 INFO Destroy timer: RepeatedTimer{timeout=null, stopped=true, running=false, destroyed=true, invoking=false, timeoutMs=2500, name='JRaft-StepDownTimer-<naming_service_metadata/9ed64a24ec2e:7848>'}.

2023-10-26 15:10:14,333 INFO Destroy timer: RepeatedTimer{timeout=null, stopped=true, running=false, destroyed=true, invoking=false, timeoutMs=1800000, name='JRaft-SnapshotTimer-<naming_service_metadata/9ed64a24ec2e:7848>'}.

2023-10-26 15:10:14,334 INFO Node <naming_service_metadata/9ed64a24ec2e:7848> shutdown, currTerm=4 state=STATE_SHUTTING.

2023-10-26 15:10:14,334 INFO Stop the RaftGroupService successfully.

2023-10-26 15:10:14,335 INFO Node <naming_instance_metadata/9ed64a24ec2e:7848> shutdown, currTerm=4 state=STATE_LEADER.

2023-10-26 15:10:14,335 INFO Fail to find the next candidate.

2023-10-26 15:10:14,335 INFO onLeaderStop: status=Status[ESHUTDOWN<1007>: Raft node is going to quit.].

2023-10-26 15:10:14,339 INFO Save raft meta, path=/home/nacos/data/protocol/raft/naming_instance_metadata/meta-data, term=4, votedFor=9ed64a24ec2e:7848, cost time=3 ms

2023-10-26 15:10:14,339 INFO Shutting down FSMCaller...

2023-10-26 15:10:14,339 INFO onShutdown.

2023-10-26 15:10:14,340 INFO ThreadPool is terminated: JRaft-RPC-Processor, com.alipay.sofa.jraft.util.MetricThreadPoolExecutor@7a9620ed[Shutting down, pool size = 0, active threads = 0, queued tasks = 0, completed tasks = 0].

2023-10-26 15:10:14,341 INFO ThreadPool is terminated: JRaft-Node-ScheduleThreadPool, com.alipay.sofa.jraft.util.MetricScheduledThreadPoolExecutor@4304aced[Shutting down, pool size = 0, active threads = 0, queued tasks = 0, completed tasks = 0].

2023-10-26 15:10:14,341 INFO The number of active nodes decrement to 1.

2023-10-26 15:10:14,341 INFO Destroy timer: RepeatedTimer{timeout=null, stopped=true, running=false, destroyed=true, invoking=false, timeoutMs=5000, name='JRaft-ElectionTimer-<naming_instance_metadata/9ed64a24ec2e:7848>'}.

2023-10-26 15:10:14,341 INFO Destroy timer: RepeatedTimer{timeout=null, stopped=true, running=false, destroyed=true, invoking=false, timeoutMs=5000, name='JRaft-VoteTimer-<naming_instance_metadata/9ed64a24ec2e:7848>'}.

2023-10-26 15:10:14,342 INFO Destroy timer: RepeatedTimer{timeout=null, stopped=true, running=false, destroyed=true, invoking=false, timeoutMs=2500, name='JRaft-StepDownTimer-<naming_instance_metadata/9ed64a24ec2e:7848>'}.

2023-10-26 15:10:14,342 INFO Destroy timer: RepeatedTimer{timeout=null, stopped=true, running=false, destroyed=true, invoking=false, timeoutMs=1800000, name='JRaft-SnapshotTimer-<naming_instance_metadata/9ed64a24ec2e:7848>'}.

2023-10-26 15:10:14,342 INFO Node <naming_instance_metadata/9ed64a24ec2e:7848> shutdown, currTerm=4 state=STATE_SHUTTING.

2023-10-26 15:10:14,343 INFO Stop the RaftGroupService successfully.

2023-10-26 15:10:14,343 INFO Node <naming_persistent_service_v2/9ed64a24ec2e:7848> shutdown, currTerm=4 state=STATE_LEADER.

2023-10-26 15:10:14,343 INFO Fail to find the next candidate.

2023-10-26 15:10:14,343 INFO onLeaderStop: status=Status[ESHUTDOWN<1007>: Raft node is going to quit.].

2023-10-26 15:10:14,347 INFO Save raft meta, path=/home/nacos/data/protocol/raft/naming_persistent_service_v2/meta-data, term=4, votedFor=9ed64a24ec2e:7848, cost time=3 ms

2023-10-26 15:10:14,347 INFO Shutting down FSMCaller...

2023-10-26 15:10:14,348 INFO onShutdown.

2023-10-26 15:10:14,348 INFO ThreadPool is terminated: JRaft-RPC-Processor, com.alipay.sofa.jraft.util.MetricThreadPoolExecutor@572aeb8e[Shutting down, pool size = 0, active threads = 0, queued tasks = 0, completed tasks = 0].

2023-10-26 15:10:14,348 INFO ThreadPool is terminated: JRaft-Node-ScheduleThreadPool, com.alipay.sofa.jraft.util.MetricScheduledThreadPoolExecutor@c6e491[Shutting down, pool size = 0, active threads = 0, queued tasks = 0, completed tasks = 0].

2023-10-26 15:10:14,348 INFO The number of active nodes decrement to 0.

2023-10-26 15:10:14,351 INFO ThreadPool is terminated: JRaft-Global-ElectionTimer, com.alipay.sofa.jraft.util.MetricScheduledThreadPoolExecutor@76973b45[Shutting down, pool size = 1, active threads = 0, queued tasks = 0, completed tasks = 3].

2023-10-26 15:10:14,352 INFO Destroy timer: RepeatedTimer{timeout=null, stopped=true, running=false, destroyed=true, invoking=false, timeoutMs=5000, name='JRaft-ElectionTimer-<naming_persistent_service_v2/9ed64a24ec2e:7848>'}.

2023-10-26 15:10:14,352 INFO ThreadPool is terminated: JRaft-Global-VoteTimer, com.alipay.sofa.jraft.util.MetricScheduledThreadPoolExecutor@67ff93b0[Shutting down, pool size = 1, active threads = 0, queued tasks = 0, completed tasks = 3].

2023-10-26 15:10:14,353 INFO Destroy timer: RepeatedTimer{timeout=null, stopped=true, running=false, destroyed=true, invoking=false, timeoutMs=5000, name='JRaft-VoteTimer-<naming_persistent_service_v2/9ed64a24ec2e:7848>'}.

2023-10-26 15:10:14,354 INFO ThreadPool is terminated: JRaft-Global-StepDownTimer, com.alipay.sofa.jraft.util.MetricScheduledThreadPoolExecutor@fee8cf7[Shutting down, pool size = 0, active threads = 0, queued tasks = 0, completed tasks = 729].

2023-10-26 15:10:14,354 INFO Destroy timer: RepeatedTimer{timeout=null, stopped=true, running=false, destroyed=true, invoking=false, timeoutMs=2500, name='JRaft-StepDownTimer-<naming_persistent_service_v2/9ed64a24ec2e:7848>'}.

2023-10-26 15:10:14,355 INFO ThreadPool is terminated: JRaft-Global-SnapshotTimer, com.alipay.sofa.jraft.util.MetricScheduledThreadPoolExecutor@fa73afc[Shutting down, pool size = 1, active threads = 0, queued tasks = 0, completed tasks = 0].

2023-10-26 15:10:14,355 INFO Destroy timer: RepeatedTimer{timeout=null, stopped=true, running=false, destroyed=true, invoking=false, timeoutMs=1800000, name='JRaft-SnapshotTimer-<naming_persistent_service_v2/9ed64a24ec2e:7848>'}.

2023-10-26 15:10:14,356 INFO Node <naming_persistent_service_v2/9ed64a24ec2e:7848> shutdown, currTerm=4 state=STATE_SHUTTING.

2023-10-26 15:10:14,356 INFO Stop the RaftGroupService successfully.

2023-10-26 15:10:14,357 INFO Shutdown managed channel: 9ed64a24ec2e:7848, ManagedChannelOrphanWrapper{delegate=ManagedChannelImpl{logId=10, target=9ed64a24ec2e:7848}}.

2023-10-26 15:10:14,365 INFO Connection disconnected: /172.18.0.3:41800

2023-10-26 15:10:14,366 INFO ThreadPool is terminated: JRaft-RPC-Processor, com.alipay.sofa.jraft.util.MetricThreadPoolExecutor@383b2927[Shutting down, pool size = 10, active threads = 0, queued tasks = 0, completed tasks = 546].

2023-10-26 15:10:26,235 INFO SPI service [com.alipay.sofa.jraft.JRaftServiceFactory - com.alipay.sofa.jraft.core.DefaultJRaftServiceFactory] loading.

2023-10-26 15:10:26,273 INFO SPI service [com.alipay.sofa.jraft.rpc.RaftRpcFactory - com.alipay.sofa.jraft.rpc.impl.GrpcRaftRpcFactory] loading.

2023-10-26 15:10:26,366 INFO SPI service [com.alipay.sofa.jraft.util.JRaftSignalHandler - com.alipay.sofa.jraft.NodeDescribeSignalHandler] loading.

2023-10-26 15:10:26,367 INFO SPI service [com.alipay.sofa.jraft.util.JRaftSignalHandler - com.alipay.sofa.jraft.NodeMetricsSignalHandler] loading.

2023-10-26 15:10:26,368 INFO SPI service [com.alipay.sofa.jraft.util.JRaftSignalHandler - com.alipay.sofa.jraft.ThreadPoolMetricsSignalHandler] loading.

2023-10-26 15:10:26,370 INFO SPI service [com.alipay.sofa.jraft.util.timer.RaftTimerFactory - com.alipay.sofa.jraft.util.timer.DefaultRaftTimerFactory] loading.

2023-10-26 15:10:26,376 INFO The number of active nodes increment to 1.

2023-10-26 15:10:26,493 INFO Starts FSMCaller successfully.

2023-10-26 15:10:26,502 INFO Loading snapshot, meta=last_included_index: 3
last_included_term: 3
peers: "9ed64a24ec2e:7848"
.

2023-10-26 15:10:26,544 INFO Node <naming_persistent_service_v2/9ed64a24ec2e:7848> onSnapshotLoadDone, last_included_index: 3
last_included_term: 3
peers: "9ed64a24ec2e:7848"


2023-10-26 15:10:26,545 INFO Node <naming_persistent_service_v2/9ed64a24ec2e:7848> target priority value has changed from: 0, to: -1.

2023-10-26 15:10:26,559 INFO Node <naming_persistent_service_v2/9ed64a24ec2e:7848> init, term=4, lastLogId=LogId [index=4, term=4], conf=9ed64a24ec2e:7848, oldConf=.

2023-10-26 15:10:26,563 INFO Node <naming_persistent_service_v2/9ed64a24ec2e:7848> start vote and grant vote self, term=4.

2023-10-26 15:10:26,576 INFO Save raft meta, path=/home/nacos/data/protocol/raft/naming_persistent_service_v2/meta-data, term=5, votedFor=9ed64a24ec2e:7848, cost time=9 ms

2023-10-26 15:10:26,577 INFO Node <naming_persistent_service_v2/9ed64a24ec2e:7848> become leader of group, term=5, conf=9ed64a24ec2e:7848, oldConf=.

2023-10-26 15:10:26,580 INFO -Djraft.recyclers.maxCapacityPerThread: 4096.

2023-10-26 15:10:26,583 WARN RPC server is not started in RaftGroupService.

2023-10-26 15:10:26,583 INFO Start the RaftGroupService successfully.

2023-10-26 15:10:26,589 INFO onLeaderStart: term=5.

2023-10-26 15:10:26,600 INFO The number of active nodes increment to 2.

2023-10-26 15:10:26,634 INFO Starts FSMCaller successfully.

2023-10-26 15:10:26,803 INFO Loading snapshot, meta=last_included_index: 3
last_included_term: 3
peers: "9ed64a24ec2e:7848"
.

2023-10-26 15:10:26,806 INFO Node <naming_instance_metadata/9ed64a24ec2e:7848> onSnapshotLoadDone, last_included_index: 3
last_included_term: 3
peers: "9ed64a24ec2e:7848"


2023-10-26 15:10:26,806 INFO Node <naming_instance_metadata/9ed64a24ec2e:7848> target priority value has changed from: 0, to: -1.

2023-10-26 15:10:26,808 INFO Node <naming_instance_metadata/9ed64a24ec2e:7848> init, term=4, lastLogId=LogId [index=4, term=4], conf=9ed64a24ec2e:7848, oldConf=.

2023-10-26 15:10:26,809 INFO Node <naming_instance_metadata/9ed64a24ec2e:7848> start vote and grant vote self, term=4.

2023-10-26 15:10:26,813 INFO Save raft meta, path=/home/nacos/data/protocol/raft/naming_instance_metadata/meta-data, term=5, votedFor=9ed64a24ec2e:7848, cost time=3 ms

2023-10-26 15:10:26,814 INFO Node <naming_instance_metadata/9ed64a24ec2e:7848> become leader of group, term=5, conf=9ed64a24ec2e:7848, oldConf=.

2023-10-26 15:10:26,816 WARN RPC server is not started in RaftGroupService.

2023-10-26 15:10:26,816 INFO Start the RaftGroupService successfully.

2023-10-26 15:10:26,818 WARN Channel in TRANSIENT_FAILURE state: 9ed64a24ec2e:7848.

2023-10-26 15:10:26,818 INFO onLeaderStart: term=5.

2023-10-26 15:10:26,818 WARN Channel in SHUTDOWN state: 9ed64a24ec2e:7848.

2023-10-26 15:10:26,821 INFO The number of active nodes increment to 3.

2023-10-26 15:10:26,855 INFO Starts FSMCaller successfully.

2023-10-26 15:10:26,855 INFO Loading snapshot, meta=last_included_index: 3
last_included_term: 3
peers: "9ed64a24ec2e:7848"
.

2023-10-26 15:10:26,857 INFO Node <naming_service_metadata/9ed64a24ec2e:7848> onSnapshotLoadDone, last_included_index: 3
last_included_term: 3
peers: "9ed64a24ec2e:7848"


2023-10-26 15:10:26,857 INFO Node <naming_service_metadata/9ed64a24ec2e:7848> target priority value has changed from: 0, to: -1.

2023-10-26 15:10:26,859 INFO Node <naming_service_metadata/9ed64a24ec2e:7848> init, term=4, lastLogId=LogId [index=4, term=4], conf=9ed64a24ec2e:7848, oldConf=.

2023-10-26 15:10:26,860 INFO Node <naming_service_metadata/9ed64a24ec2e:7848> start vote and grant vote self, term=4.

2023-10-26 15:10:26,866 INFO Save raft meta, path=/home/nacos/data/protocol/raft/naming_service_metadata/meta-data, term=5, votedFor=9ed64a24ec2e:7848, cost time=4 ms

2023-10-26 15:10:26,867 INFO Node <naming_service_metadata/9ed64a24ec2e:7848> become leader of group, term=5, conf=9ed64a24ec2e:7848, oldConf=.

2023-10-26 15:10:26,867 WARN RPC server is not started in RaftGroupService.

2023-10-26 15:10:26,868 INFO Start the RaftGroupService successfully.

2023-10-26 15:10:26,869 INFO onLeaderStart: term=5.

2023-10-26 15:25:43,304 INFO Node <naming_service_metadata/9ed64a24ec2e:7848> shutdown, currTerm=5 state=STATE_LEADER.

2023-10-26 15:25:43,306 INFO onLeaderStop: status=Status[ESHUTDOWN<1007>: Raft node is going to quit.].

2023-10-26 15:25:43,306 INFO Fail to find the next candidate.

2023-10-26 15:25:43,312 INFO Save raft meta, path=/home/nacos/data/protocol/raft/naming_service_metadata/meta-data, term=5, votedFor=9ed64a24ec2e:7848, cost time=4 ms

2023-10-26 15:25:43,312 INFO Shutting down FSMCaller...

2023-10-26 15:25:43,313 INFO onShutdown.

2023-10-26 15:25:43,314 INFO ThreadPool is terminated: JRaft-RPC-Processor, com.alipay.sofa.jraft.util.MetricThreadPoolExecutor@519f46b3[Shutting down, pool size = 0, active threads = 0, queued tasks = 0, completed tasks = 0].

2023-10-26 15:25:43,315 INFO ThreadPool is terminated: JRaft-Node-ScheduleThreadPool, com.alipay.sofa.jraft.util.MetricScheduledThreadPoolExecutor@f0b1197[Shutting down, pool size = 0, active threads = 0, queued tasks = 0, completed tasks = 0].

2023-10-26 15:25:43,316 INFO The number of active nodes decrement to 2.

2023-10-26 15:25:43,316 INFO Destroy timer: RepeatedTimer{timeout=null, stopped=true, running=false, destroyed=true, invoking=false, timeoutMs=5000, name='JRaft-ElectionTimer-<naming_service_metadata/9ed64a24ec2e:7848>'}.

2023-10-26 15:25:43,316 INFO Destroy timer: RepeatedTimer{timeout=null, stopped=true, running=false, destroyed=true, invoking=false, timeoutMs=5000, name='JRaft-VoteTimer-<naming_service_metadata/9ed64a24ec2e:7848>'}.

2023-10-26 15:25:43,316 INFO Destroy timer: RepeatedTimer{timeout=null, stopped=true, running=false, destroyed=true, invoking=false, timeoutMs=2500, name='JRaft-StepDownTimer-<naming_service_metadata/9ed64a24ec2e:7848>'}.

2023-10-26 15:25:43,317 INFO Destroy timer: RepeatedTimer{timeout=null, stopped=true, running=false, destroyed=true, invoking=false, timeoutMs=1800000, name='JRaft-SnapshotTimer-<naming_service_metadata/9ed64a24ec2e:7848>'}.

2023-10-26 15:25:43,317 INFO Node <naming_service_metadata/9ed64a24ec2e:7848> shutdown, currTerm=5 state=STATE_SHUTTING.

2023-10-26 15:25:43,317 INFO Stop the RaftGroupService successfully.

2023-10-26 15:25:43,318 INFO Node <naming_instance_metadata/9ed64a24ec2e:7848> shutdown, currTerm=5 state=STATE_LEADER.

2023-10-26 15:25:43,318 INFO Fail to find the next candidate.

2023-10-26 15:25:43,318 INFO onLeaderStop: status=Status[ESHUTDOWN<1007>: Raft node is going to quit.].

2023-10-26 15:25:43,322 INFO Save raft meta, path=/home/nacos/data/protocol/raft/naming_instance_metadata/meta-data, term=5, votedFor=9ed64a24ec2e:7848, cost time=3 ms

2023-10-26 15:25:43,322 INFO Shutting down FSMCaller...

2023-10-26 15:25:43,323 INFO onShutdown.

2023-10-26 15:25:43,323 INFO ThreadPool is terminated: JRaft-RPC-Processor, com.alipay.sofa.jraft.util.MetricThreadPoolExecutor@158eba94[Shutting down, pool size = 0, active threads = 0, queued tasks = 0, completed tasks = 0].

2023-10-26 15:25:43,323 INFO ThreadPool is terminated: JRaft-Node-ScheduleThreadPool, com.alipay.sofa.jraft.util.MetricScheduledThreadPoolExecutor@43ea5115[Shutting down, pool size = 0, active threads = 0, queued tasks = 0, completed tasks = 0].

2023-10-26 15:25:43,323 INFO The number of active nodes decrement to 1.

2023-10-26 15:25:43,323 INFO Destroy timer: RepeatedTimer{timeout=null, stopped=true, running=false, destroyed=true, invoking=false, timeoutMs=5000, name='JRaft-ElectionTimer-<naming_instance_metadata/9ed64a24ec2e:7848>'}.

2023-10-26 15:25:43,324 INFO Destroy timer: RepeatedTimer{timeout=null, stopped=true, running=false, destroyed=true, invoking=false, timeoutMs=5000, name='JRaft-VoteTimer-<naming_instance_metadata/9ed64a24ec2e:7848>'}.

2023-10-26 15:25:43,324 INFO Destroy timer: RepeatedTimer{timeout=null, stopped=true, running=false, destroyed=true, invoking=false, timeoutMs=2500, name='JRaft-StepDownTimer-<naming_instance_metadata/9ed64a24ec2e:7848>'}.

2023-10-26 15:25:43,324 INFO Destroy timer: RepeatedTimer{timeout=null, stopped=true, running=false, destroyed=true, invoking=false, timeoutMs=1800000, name='JRaft-SnapshotTimer-<naming_instance_metadata/9ed64a24ec2e:7848>'}.

2023-10-26 15:25:43,324 INFO Node <naming_instance_metadata/9ed64a24ec2e:7848> shutdown, currTerm=5 state=STATE_SHUTTING.

2023-10-26 15:25:43,325 INFO Stop the RaftGroupService successfully.

2023-10-26 15:25:43,325 INFO Node <naming_persistent_service_v2/9ed64a24ec2e:7848> shutdown, currTerm=5 state=STATE_LEADER.

2023-10-26 15:25:43,325 INFO Fail to find the next candidate.

2023-10-26 15:25:43,325 INFO onLeaderStop: status=Status[ESHUTDOWN<1007>: Raft node is going to quit.].

2023-10-26 15:25:43,329 INFO Save raft meta, path=/home/nacos/data/protocol/raft/naming_persistent_service_v2/meta-data, term=5, votedFor=9ed64a24ec2e:7848, cost time=3 ms

2023-10-26 15:25:43,329 INFO Shutting down FSMCaller...

2023-10-26 15:25:43,329 INFO onShutdown.

2023-10-26 15:25:43,330 INFO ThreadPool is terminated: JRaft-RPC-Processor, com.alipay.sofa.jraft.util.MetricThreadPoolExecutor@25119da[Shutting down, pool size = 0, active threads = 0, queued tasks = 0, completed tasks = 0].

2023-10-26 15:25:43,331 INFO ThreadPool is terminated: JRaft-Node-ScheduleThreadPool, com.alipay.sofa.jraft.util.MetricScheduledThreadPoolExecutor@3bb029f5[Shutting down, pool size = 0, active threads = 0, queued tasks = 0, completed tasks = 0].

2023-10-26 15:25:43,331 INFO The number of active nodes decrement to 0.

2023-10-26 15:25:43,333 INFO ThreadPool is terminated: JRaft-Global-ElectionTimer, com.alipay.sofa.jraft.util.MetricScheduledThreadPoolExecutor@61124bf3[Shutting down, pool size = 0, active threads = 0, queued tasks = 0, completed tasks = 3].

2023-10-26 15:25:43,333 INFO Destroy timer: RepeatedTimer{timeout=null, stopped=true, running=false, destroyed=true, invoking=false, timeoutMs=5000, name='JRaft-ElectionTimer-<naming_persistent_service_v2/9ed64a24ec2e:7848>'}.

2023-10-26 15:25:43,334 INFO ThreadPool is terminated: JRaft-Global-VoteTimer, com.alipay.sofa.jraft.util.MetricScheduledThreadPoolExecutor@2ac3b56f[Shutting down, pool size = 3, active threads = 0, queued tasks = 0, completed tasks = 3].

2023-10-26 15:25:43,334 INFO Destroy timer: RepeatedTimer{timeout=null, stopped=true, running=false, destroyed=true, invoking=false, timeoutMs=5000, name='JRaft-VoteTimer-<naming_persistent_service_v2/9ed64a24ec2e:7848>'}.

2023-10-26 15:25:43,336 INFO ThreadPool is terminated: JRaft-Global-StepDownTimer, com.alipay.sofa.jraft.util.MetricScheduledThreadPoolExecutor@1a939912[Shutting down, pool size = 0, active threads = 0, queued tasks = 0, completed tasks = 1098].

2023-10-26 15:25:43,336 INFO Destroy timer: RepeatedTimer{timeout=null, stopped=true, running=false, destroyed=true, invoking=false, timeoutMs=2500, name='JRaft-StepDownTimer-<naming_persistent_service_v2/9ed64a24ec2e:7848>'}.

2023-10-26 15:25:43,336 INFO ThreadPool is terminated: JRaft-Global-SnapshotTimer, com.alipay.sofa.jraft.util.MetricScheduledThreadPoolExecutor@12387ea3[Shutting down, pool size = 3, active threads = 0, queued tasks = 0, completed tasks = 0].

2023-10-26 15:25:43,337 INFO Destroy timer: RepeatedTimer{timeout=null, stopped=true, running=false, destroyed=true, invoking=false, timeoutMs=1800000, name='JRaft-SnapshotTimer-<naming_persistent_service_v2/9ed64a24ec2e:7848>'}.

2023-10-26 15:25:43,337 INFO Node <naming_persistent_service_v2/9ed64a24ec2e:7848> shutdown, currTerm=5 state=STATE_SHUTTING.

2023-10-26 15:25:43,337 INFO Stop the RaftGroupService successfully.

2023-10-26 15:25:43,339 INFO Shutdown managed channel: 9ed64a24ec2e:7848, ManagedChannelOrphanWrapper{delegate=ManagedChannelImpl{logId=10, target=9ed64a24ec2e:7848}}.

2023-10-26 15:25:43,345 INFO Connection disconnected: /172.18.0.3:43850

2023-10-26 15:25:43,346 INFO ThreadPool is terminated: JRaft-RPC-Processor, com.alipay.sofa.jraft.util.MetricThreadPoolExecutor@15dc75b2[Shutting down, pool size = 0, active threads = 0, queued tasks = 0, completed tasks = 756].

2023-10-26 16:11:31,409 INFO SPI service [com.alipay.sofa.jraft.JRaftServiceFactory - com.alipay.sofa.jraft.core.DefaultJRaftServiceFactory] loading.

2023-10-26 16:11:31,450 INFO SPI service [com.alipay.sofa.jraft.rpc.RaftRpcFactory - com.alipay.sofa.jraft.rpc.impl.GrpcRaftRpcFactory] loading.

2023-10-26 16:11:31,539 INFO SPI service [com.alipay.sofa.jraft.util.JRaftSignalHandler - com.alipay.sofa.jraft.NodeDescribeSignalHandler] loading.

2023-10-26 16:11:31,540 INFO SPI service [com.alipay.sofa.jraft.util.JRaftSignalHandler - com.alipay.sofa.jraft.NodeMetricsSignalHandler] loading.

2023-10-26 16:11:31,541 INFO SPI service [com.alipay.sofa.jraft.util.JRaftSignalHandler - com.alipay.sofa.jraft.ThreadPoolMetricsSignalHandler] loading.

2023-10-26 16:11:31,544 INFO SPI service [com.alipay.sofa.jraft.util.timer.RaftTimerFactory - com.alipay.sofa.jraft.util.timer.DefaultRaftTimerFactory] loading.

2023-10-26 16:11:31,550 INFO The number of active nodes increment to 1.

2023-10-26 16:11:31,676 INFO Starts FSMCaller successfully.

2023-10-26 16:11:31,684 INFO Loading snapshot, meta=last_included_index: 3
last_included_term: 3
peers: "9ed64a24ec2e:7848"
.

2023-10-26 16:11:31,751 INFO Node <naming_persistent_service_v2/9ed64a24ec2e:7848> onSnapshotLoadDone, last_included_index: 3
last_included_term: 3
peers: "9ed64a24ec2e:7848"


2023-10-26 16:11:31,752 INFO Node <naming_persistent_service_v2/9ed64a24ec2e:7848> target priority value has changed from: 0, to: -1.

2023-10-26 16:11:31,773 INFO Node <naming_persistent_service_v2/9ed64a24ec2e:7848> init, term=5, lastLogId=LogId [index=5, term=5], conf=9ed64a24ec2e:7848, oldConf=.

2023-10-26 16:11:31,776 INFO Node <naming_persistent_service_v2/9ed64a24ec2e:7848> start vote and grant vote self, term=5.

2023-10-26 16:11:31,789 INFO Save raft meta, path=/home/nacos/data/protocol/raft/naming_persistent_service_v2/meta-data, term=6, votedFor=9ed64a24ec2e:7848, cost time=11 ms

2023-10-26 16:11:31,790 INFO Node <naming_persistent_service_v2/9ed64a24ec2e:7848> become leader of group, term=6, conf=9ed64a24ec2e:7848, oldConf=.

2023-10-26 16:11:31,793 INFO -Djraft.recyclers.maxCapacityPerThread: 4096.

2023-10-26 16:11:31,796 WARN RPC server is not started in RaftGroupService.

2023-10-26 16:11:31,796 INFO Start the RaftGroupService successfully.

2023-10-26 16:11:31,804 INFO onLeaderStart: term=6.

2023-10-26 16:11:31,813 INFO The number of active nodes increment to 2.

2023-10-26 16:11:31,977 INFO Starts FSMCaller successfully.

2023-10-26 16:11:31,978 INFO Loading snapshot, meta=last_included_index: 3
last_included_term: 3
peers: "9ed64a24ec2e:7848"
.

2023-10-26 16:11:31,980 INFO Node <naming_instance_metadata/9ed64a24ec2e:7848> onSnapshotLoadDone, last_included_index: 3
last_included_term: 3
peers: "9ed64a24ec2e:7848"


2023-10-26 16:11:31,980 INFO Node <naming_instance_metadata/9ed64a24ec2e:7848> target priority value has changed from: 0, to: -1.

2023-10-26 16:11:31,981 INFO Node <naming_instance_metadata/9ed64a24ec2e:7848> init, term=5, lastLogId=LogId [index=5, term=5], conf=9ed64a24ec2e:7848, oldConf=.

2023-10-26 16:11:31,982 INFO Node <naming_instance_metadata/9ed64a24ec2e:7848> start vote and grant vote self, term=5.

2023-10-26 16:11:31,986 INFO Save raft meta, path=/home/nacos/data/protocol/raft/naming_instance_metadata/meta-data, term=6, votedFor=9ed64a24ec2e:7848, cost time=3 ms

2023-10-26 16:11:31,986 INFO Node <naming_instance_metadata/9ed64a24ec2e:7848> become leader of group, term=6, conf=9ed64a24ec2e:7848, oldConf=.

2023-10-26 16:11:31,987 WARN RPC server is not started in RaftGroupService.

2023-10-26 16:11:31,987 INFO Start the RaftGroupService successfully.

2023-10-26 16:11:31,989 INFO onLeaderStart: term=6.

2023-10-26 16:11:31,991 INFO The number of active nodes increment to 3.

2023-10-26 16:11:32,008 WARN Channel in TRANSIENT_FAILURE state: 9ed64a24ec2e:7848.

2023-10-26 16:11:32,009 WARN Channel in SHUTDOWN state: 9ed64a24ec2e:7848.

2023-10-26 16:11:32,023 INFO Starts FSMCaller successfully.

2023-10-26 16:11:32,024 INFO Loading snapshot, meta=last_included_index: 3
last_included_term: 3
peers: "9ed64a24ec2e:7848"
.

2023-10-26 16:11:32,027 INFO Node <naming_service_metadata/9ed64a24ec2e:7848> onSnapshotLoadDone, last_included_index: 3
last_included_term: 3
peers: "9ed64a24ec2e:7848"


2023-10-26 16:11:32,028 INFO Node <naming_service_metadata/9ed64a24ec2e:7848> target priority value has changed from: 0, to: -1.

2023-10-26 16:11:32,030 INFO Node <naming_service_metadata/9ed64a24ec2e:7848> init, term=5, lastLogId=LogId [index=5, term=5], conf=9ed64a24ec2e:7848, oldConf=.

2023-10-26 16:11:32,030 INFO Node <naming_service_metadata/9ed64a24ec2e:7848> start vote and grant vote self, term=5.

2023-10-26 16:11:32,033 INFO Save raft meta, path=/home/nacos/data/protocol/raft/naming_service_metadata/meta-data, term=6, votedFor=9ed64a24ec2e:7848, cost time=2 ms

2023-10-26 16:11:32,034 INFO Node <naming_service_metadata/9ed64a24ec2e:7848> become leader of group, term=6, conf=9ed64a24ec2e:7848, oldConf=.

2023-10-26 16:11:32,035 WARN RPC server is not started in RaftGroupService.

2023-10-26 16:11:32,035 INFO Start the RaftGroupService successfully.

2023-10-26 16:11:32,036 INFO onLeaderStart: term=6.

2023-10-26 16:16:54,027 INFO Node <naming_service_metadata/9ed64a24ec2e:7848> shutdown, currTerm=6 state=STATE_LEADER.

2023-10-26 16:16:54,028 INFO Fail to find the next candidate.

2023-10-26 16:16:54,028 INFO onLeaderStop: status=Status[ESHUTDOWN<1007>: Raft node is going to quit.].

2023-10-26 16:16:54,033 INFO Save raft meta, path=/home/nacos/data/protocol/raft/naming_service_metadata/meta-data, term=6, votedFor=9ed64a24ec2e:7848, cost time=4 ms

2023-10-26 16:16:54,034 INFO Shutting down FSMCaller...

2023-10-26 16:16:54,034 INFO onShutdown.

2023-10-26 16:16:54,035 INFO ThreadPool is terminated: JRaft-RPC-Processor, com.alipay.sofa.jraft.util.MetricThreadPoolExecutor@30f9c395[Shutting down, pool size = 0, active threads = 0, queued tasks = 0, completed tasks = 0].

2023-10-26 16:16:54,036 INFO ThreadPool is terminated: JRaft-Node-ScheduleThreadPool, com.alipay.sofa.jraft.util.MetricScheduledThreadPoolExecutor@118e1d5e[Shutting down, pool size = 0, active threads = 0, queued tasks = 0, completed tasks = 0].

2023-10-26 16:16:54,036 INFO Destroy timer: RepeatedTimer{timeout=null, stopped=true, running=false, destroyed=true, invoking=false, timeoutMs=5000, name='JRaft-ElectionTimer-<naming_service_metadata/9ed64a24ec2e:7848>'}.

2023-10-26 16:16:54,037 INFO Destroy timer: RepeatedTimer{timeout=null, stopped=true, running=false, destroyed=true, invoking=false, timeoutMs=5000, name='JRaft-VoteTimer-<naming_service_metadata/9ed64a24ec2e:7848>'}.

2023-10-26 16:16:54,037 INFO The number of active nodes decrement to 2.

2023-10-26 16:16:54,037 INFO Destroy timer: RepeatedTimer{timeout=null, stopped=true, running=false, destroyed=true, invoking=false, timeoutMs=2500, name='JRaft-StepDownTimer-<naming_service_metadata/9ed64a24ec2e:7848>'}.

2023-10-26 16:16:54,037 INFO Destroy timer: RepeatedTimer{timeout=null, stopped=true, running=false, destroyed=true, invoking=false, timeoutMs=1800000, name='JRaft-SnapshotTimer-<naming_service_metadata/9ed64a24ec2e:7848>'}.

2023-10-26 16:16:54,038 INFO Node <naming_service_metadata/9ed64a24ec2e:7848> shutdown, currTerm=6 state=STATE_SHUTTING.

2023-10-26 16:16:54,038 INFO Stop the RaftGroupService successfully.

2023-10-26 16:16:54,038 INFO Node <naming_instance_metadata/9ed64a24ec2e:7848> shutdown, currTerm=6 state=STATE_LEADER.

2023-10-26 16:16:54,039 INFO Fail to find the next candidate.

2023-10-26 16:16:54,039 INFO onLeaderStop: status=Status[ESHUTDOWN<1007>: Raft node is going to quit.].

2023-10-26 16:16:54,043 INFO Save raft meta, path=/home/nacos/data/protocol/raft/naming_instance_metadata/meta-data, term=6, votedFor=9ed64a24ec2e:7848, cost time=3 ms

2023-10-26 16:16:54,043 INFO Shutting down FSMCaller...

2023-10-26 16:16:54,044 INFO onShutdown.

2023-10-26 16:16:54,044 INFO ThreadPool is terminated: JRaft-RPC-Processor, com.alipay.sofa.jraft.util.MetricThreadPoolExecutor@3f7c7381[Shutting down, pool size = 0, active threads = 0, queued tasks = 0, completed tasks = 0].

2023-10-26 16:16:54,045 INFO ThreadPool is terminated: JRaft-Node-ScheduleThreadPool, com.alipay.sofa.jraft.util.MetricScheduledThreadPoolExecutor@72fa6946[Shutting down, pool size = 0, active threads = 0, queued tasks = 0, completed tasks = 0].

2023-10-26 16:16:54,045 INFO The number of active nodes decrement to 1.

2023-10-26 16:16:54,045 INFO Destroy timer: RepeatedTimer{timeout=null, stopped=true, running=false, destroyed=true, invoking=false, timeoutMs=5000, name='JRaft-ElectionTimer-<naming_instance_metadata/9ed64a24ec2e:7848>'}.

2023-10-26 16:16:54,046 INFO Destroy timer: RepeatedTimer{timeout=null, stopped=true, running=false, destroyed=true, invoking=false, timeoutMs=5000, name='JRaft-VoteTimer-<naming_instance_metadata/9ed64a24ec2e:7848>'}.

2023-10-26 16:16:54,046 INFO Destroy timer: RepeatedTimer{timeout=null, stopped=true, running=false, destroyed=true, invoking=false, timeoutMs=2500, name='JRaft-StepDownTimer-<naming_instance_metadata/9ed64a24ec2e:7848>'}.

2023-10-26 16:16:54,046 INFO Destroy timer: RepeatedTimer{timeout=null, stopped=true, running=false, destroyed=true, invoking=false, timeoutMs=1800000, name='JRaft-SnapshotTimer-<naming_instance_metadata/9ed64a24ec2e:7848>'}.

2023-10-26 16:16:54,047 INFO Node <naming_instance_metadata/9ed64a24ec2e:7848> shutdown, currTerm=6 state=STATE_SHUTTING.

2023-10-26 16:16:54,047 INFO Stop the RaftGroupService successfully.

2023-10-26 16:16:54,047 INFO Node <naming_persistent_service_v2/9ed64a24ec2e:7848> shutdown, currTerm=6 state=STATE_LEADER.

2023-10-26 16:16:54,048 INFO Fail to find the next candidate.

2023-10-26 16:16:54,048 INFO onLeaderStop: status=Status[ESHUTDOWN<1007>: Raft node is going to quit.].

2023-10-26 16:16:54,051 INFO Save raft meta, path=/home/nacos/data/protocol/raft/naming_persistent_service_v2/meta-data, term=6, votedFor=9ed64a24ec2e:7848, cost time=3 ms

2023-10-26 16:16:54,051 INFO Shutting down FSMCaller...

2023-10-26 16:16:54,052 INFO onShutdown.

2023-10-26 16:16:54,052 INFO ThreadPool is terminated: JRaft-RPC-Processor, com.alipay.sofa.jraft.util.MetricThreadPoolExecutor@324b30a1[Shutting down, pool size = 0, active threads = 0, queued tasks = 0, completed tasks = 0].

2023-10-26 16:16:54,052 INFO ThreadPool is terminated: JRaft-Node-ScheduleThreadPool, com.alipay.sofa.jraft.util.MetricScheduledThreadPoolExecutor@fd3bce3[Shutting down, pool size = 0, active threads = 0, queued tasks = 0, completed tasks = 0].

2023-10-26 16:16:54,052 INFO The number of active nodes decrement to 0.

2023-10-26 16:16:54,054 INFO ThreadPool is terminated: JRaft-Global-ElectionTimer, com.alipay.sofa.jraft.util.MetricScheduledThreadPoolExecutor@739087d9[Shutting down, pool size = 3, active threads = 0, queued tasks = 0, completed tasks = 3].

2023-10-26 16:16:54,055 INFO Destroy timer: RepeatedTimer{timeout=null, stopped=true, running=false, destroyed=true, invoking=false, timeoutMs=5000, name='JRaft-ElectionTimer-<naming_persistent_service_v2/9ed64a24ec2e:7848>'}.

2023-10-26 16:16:54,055 INFO ThreadPool is terminated: JRaft-Global-VoteTimer, com.alipay.sofa.jraft.util.MetricScheduledThreadPoolExecutor@3c1016c[Shutting down, pool size = 2, active threads = 0, queued tasks = 0, completed tasks = 3].

2023-10-26 16:16:54,055 INFO Destroy timer: RepeatedTimer{timeout=null, stopped=true, running=false, destroyed=true, invoking=false, timeoutMs=5000, name='JRaft-VoteTimer-<naming_persistent_service_v2/9ed64a24ec2e:7848>'}.

2023-10-26 16:16:54,057 INFO ThreadPool is terminated: JRaft-Global-StepDownTimer, com.alipay.sofa.jraft.util.MetricScheduledThreadPoolExecutor@5e6c6178[Shutting down, pool size = 0, active threads = 0, queued tasks = 0, completed tasks = 384].

2023-10-26 16:16:54,057 INFO Destroy timer: RepeatedTimer{timeout=null, stopped=true, running=false, destroyed=true, invoking=false, timeoutMs=2500, name='JRaft-StepDownTimer-<naming_persistent_service_v2/9ed64a24ec2e:7848>'}.

2023-10-26 16:16:54,058 INFO ThreadPool is terminated: JRaft-Global-SnapshotTimer, com.alipay.sofa.jraft.util.MetricScheduledThreadPoolExecutor@40d06066[Shutting down, pool size = 0, active threads = 0, queued tasks = 0, completed tasks = 0].

2023-10-26 16:16:54,059 INFO Destroy timer: RepeatedTimer{timeout=null, stopped=true, running=false, destroyed=true, invoking=false, timeoutMs=1800000, name='JRaft-SnapshotTimer-<naming_persistent_service_v2/9ed64a24ec2e:7848>'}.

2023-10-26 16:16:54,060 INFO Node <naming_persistent_service_v2/9ed64a24ec2e:7848> shutdown, currTerm=6 state=STATE_SHUTTING.

2023-10-26 16:16:54,062 INFO Stop the RaftGroupService successfully.

2023-10-26 16:16:54,065 INFO Shutdown managed channel: 9ed64a24ec2e:7848, ManagedChannelOrphanWrapper{delegate=ManagedChannelImpl{logId=10, target=9ed64a24ec2e:7848}}.

2023-10-26 16:16:54,072 INFO Connection disconnected: /172.18.0.3:55516

2023-10-26 16:16:54,073 INFO ThreadPool is terminated: JRaft-RPC-Processor, com.alipay.sofa.jraft.util.MetricThreadPoolExecutor@a9b0308[Shutting down, pool size = 4, active threads = 0, queued tasks = 0, completed tasks = 216].

