2023-10-26 11:41:36,610 INFO notifyConnectTimeout:200

2023-10-26 11:41:36,624 INFO notifySocketTimeout:8000

2023-10-26 11:41:36,626 INFO isHealthCheck:true

2023-10-26 11:41:36,626 INFO maxHealthCheckFailCount:12

2023-10-26 11:41:36,627 INFO maxContent:10485760

2023-10-26 11:41:36,629 INFO spring.datasource.platform:mysql

2023-10-26 11:41:42,831 WARN DumpService start

2023-10-26 11:41:42,833 INFO start clear all config-info.

2023-10-26 11:41:42,841 INFO clear all config-info success.

2023-10-26 11:41:42,846 INFO clear all config-info-tenant success.

2023-10-26 11:41:42,927 INFO [all-dump] 80 / 80

2023-10-26 11:41:42,928 INFO start clear all config-info-beta.

2023-10-26 11:41:42,928 WARN clear all config-info-beta failed.

2023-10-26 11:41:42,929 WARN clear all config-info-beta-tenant failed.

2023-10-26 11:41:42,931 INFO start clear all config-info-tag.

2023-10-26 11:41:42,931 WARN clear all config-info-tag failed.

2023-10-26 11:41:42,931 WARN clear all config-info-tag-tenant failed.

2023-10-26 11:48:13,096 INFO notifyConnectTimeout:200

2023-10-26 11:48:13,103 INFO notifySocketTimeout:8000

2023-10-26 11:48:13,105 INFO isHealthCheck:true

2023-10-26 11:48:13,106 INFO maxHealthCheckFailCount:12

2023-10-26 11:48:13,106 INFO maxContent:10485760

2023-10-26 11:48:13,109 INFO spring.datasource.platform:mysql

2023-10-26 11:48:19,198 WARN DumpService start

2023-10-26 11:48:19,200 INFO start clear all config-info.

2023-10-26 11:48:19,208 INFO clear all config-info success.

2023-10-26 11:48:19,210 INFO clear all config-info-tenant success.

2023-10-26 11:48:19,275 INFO [all-dump] 80 / 80

2023-10-26 11:48:19,275 INFO start clear all config-info-beta.

2023-10-26 11:48:19,275 WARN clear all config-info-beta failed.

2023-10-26 11:48:19,275 WARN clear all config-info-beta-tenant failed.

2023-10-26 11:48:19,278 INFO start clear all config-info-tag.

2023-10-26 11:48:19,278 WARN clear all config-info-tag failed.

2023-10-26 11:48:19,278 WARN clear all config-info-tag-tenant failed.

2023-10-26 14:59:25,737 INFO notifyConnectTimeout:200

2023-10-26 14:59:25,758 INFO notifySocketTimeout:8000

2023-10-26 14:59:25,762 INFO isHealthCheck:true

2023-10-26 14:59:25,766 INFO maxHealthCheckFailCount:12

2023-10-26 14:59:25,772 INFO maxContent:10485760

2023-10-26 14:59:25,777 INFO spring.datasource.platform:mysql

2023-10-26 14:59:56,528 WARN DumpService start

2023-10-26 14:59:56,532 INFO start clear all config-info.

2023-10-26 14:59:56,554 INFO clear all config-info success.

2023-10-26 14:59:56,571 INFO clear all config-info-tenant success.

2023-10-26 14:59:56,861 INFO [all-dump] 80 / 80

2023-10-26 14:59:56,866 INFO start clear all config-info-beta.

2023-10-26 14:59:56,869 WARN clear all config-info-beta failed.

2023-10-26 14:59:56,869 WARN clear all config-info-beta-tenant failed.

2023-10-26 14:59:56,872 INFO start clear all config-info-tag.

2023-10-26 14:59:56,872 WARN clear all config-info-tag failed.

2023-10-26 14:59:56,877 WARN clear all config-info-tag-tenant failed.

2023-10-26 15:10:19,637 INFO notifyConnectTimeout:200

2023-10-26 15:10:19,642 INFO notifySocketTimeout:8000

2023-10-26 15:10:19,643 INFO isHealthCheck:true

2023-10-26 15:10:19,644 INFO maxHealthCheckFailCount:12

2023-10-26 15:10:19,645 INFO maxContent:10485760

2023-10-26 15:10:19,647 INFO spring.datasource.platform:mysql

2023-10-26 15:10:25,043 WARN DumpService start

2023-10-26 15:10:25,045 INFO start clear all config-info.

2023-10-26 15:10:25,051 INFO clear all config-info success.

2023-10-26 15:10:25,054 INFO clear all config-info-tenant success.

2023-10-26 15:10:25,118 INFO [all-dump] 80 / 80

2023-10-26 15:10:25,119 INFO start clear all config-info-beta.

2023-10-26 15:10:25,119 WARN clear all config-info-beta failed.

2023-10-26 15:10:25,119 WARN clear all config-info-beta-tenant failed.

2023-10-26 15:10:25,121 INFO start clear all config-info-tag.

2023-10-26 15:10:25,121 WARN clear all config-info-tag failed.

2023-10-26 15:10:25,122 WARN clear all config-info-tag-tenant failed.

2023-10-26 16:11:24,259 INFO notifyConnectTimeout:200

2023-10-26 16:11:24,265 INFO notifySocketTimeout:8000

2023-10-26 16:11:24,266 INFO isHealthCheck:true

2023-10-26 16:11:24,267 INFO maxHealthCheckFailCount:12

2023-10-26 16:11:24,268 INFO maxContent:10485760

2023-10-26 16:11:24,271 INFO spring.datasource.platform:mysql

2023-10-26 16:11:30,142 WARN DumpService start

2023-10-26 16:11:30,143 INFO start clear all config-info.

2023-10-26 16:11:30,149 INFO clear all config-info success.

2023-10-26 16:11:30,151 INFO clear all config-info-tenant success.

2023-10-26 16:11:30,218 INFO [all-dump] 80 / 80

2023-10-26 16:11:30,219 INFO start clear all config-info-beta.

2023-10-26 16:11:30,219 WARN clear all config-info-beta failed.

2023-10-26 16:11:30,219 WARN clear all config-info-beta-tenant failed.

2023-10-26 16:11:30,221 INFO start clear all config-info-tag.

2023-10-26 16:11:30,222 WARN clear all config-info-tag failed.

2023-10-26 16:11:30,222 WARN clear all config-info-tag-tenant failed.

2023-10-26 16:30:50,249 INFO notifyConnectTimeout:200

2023-10-26 16:30:50,254 INFO notifySocketTimeout:8000

2023-10-26 16:30:50,255 INFO isHealthCheck:true

2023-10-26 16:30:50,256 INFO maxHealthCheckFailCount:12

2023-10-26 16:30:50,257 INFO maxContent:10485760

2023-10-26 16:30:50,259 INFO spring.datasource.platform:mysql

2023-10-26 16:31:05,787 WARN DumpService start

2023-10-26 16:31:05,789 INFO start clear all config-info.

2023-10-26 16:31:05,790 WARN clear all config-info failed.

2023-10-26 16:31:05,791 WARN clear all config-info-tenant failed.

