2023-10-26 11:41:42,894 INFO [dump-all-ok] action-admin.yaml+dev, 1592646430000, length=4391, md5=ba67926f4429821af8ed69426651c638

2023-10-26 11:41:42,904 INFO [dump-all-ok] action-gateway.yaml+dev, 1592646830000, length=255, md5=c2d43eb965f2b97cf0595b96bda9b9af

2023-10-26 11:41:42,905 INFO [dump-all-ok] action-monitor.yaml+dev, 1592646857000, length=1276, md5=79a41abc87eb1bb0134effc2ad16cd80

2023-10-26 11:41:42,906 INFO [dump-all-ok] action-picture.yaml+dev, 1592646882000, length=3426, md5=188754cbbf0e8809e7ae2d12f6befc83

2023-10-26 11:41:42,907 INFO [dump-all-ok] action-sms.yaml+dev, 1592646901000, length=1989, md5=fabb9bf9f1f389142d6bd0dd4f07ec91

2023-10-26 11:41:42,908 INFO [dump-all-ok] action-spider.yaml+dev, 1592646919000, length=3117, md5=d2c8ef0ad8ee2a88bbdd37803d23c703

2023-10-26 11:41:42,909 INFO [dump-all-ok] action-web.yaml+dev, 1592646984000, length=5321, md5=f8984a5053fc7b8906a9b4ab5a02410d

2023-10-26 11:41:42,911 INFO [dump-all-ok] action-admin-dev.yaml+dev, 1615460068000, length=4043, md5=0177e739403469ae0c5ad52c358e5f45

2023-10-26 11:41:42,912 INFO [dump-all-ok] action-gateway-dev.yaml+dev, 1592648417000, length=255, md5=c2d43eb965f2b97cf0595b96bda9b9af

2023-10-26 11:41:42,913 INFO [dump-all-ok] action-monitor-dev.yaml+dev, 1607170954000, length=1267, md5=498ed56890070a601b052f35d863bab3

2023-10-26 11:41:42,914 INFO [dump-all-ok] action-picture-dev.yaml+dev, 1603443137000, length=3458, md5=625a3fc24201e72619c54c0c81b8d784

2023-10-26 11:41:42,914 INFO [dump-all-ok] action-search-dev.yaml+dev, 1601982644000, length=1632, md5=81ef38f3e6ee8de1f470e1d8a3d62b63

2023-10-26 11:41:42,915 INFO [dump-all-ok] action-sms-dev.yaml+dev, 1601977675000, length=1689, md5=9c4ea7998530f732126aab4174e6379b

2023-10-26 11:41:42,915 INFO [dump-all-ok] action-spider-dev.yaml+dev, 1600185717000, length=3011, md5=7975b26ba3afebb1068e4cd1a0b5d73e

2023-10-26 11:41:42,916 INFO [dump-all-ok] action-web-dev.yaml+dev, 1604918967000, length=5129, md5=a312b480543501d819baf2e331bb0c54

2023-10-26 11:41:42,917 INFO [dump-all-ok] action-web-flow-rules+DEFAULT_GROUP, 1601638284000, length=197, md5=3e8d52b57427ce0cfa8e7e4319a81281

2023-10-26 11:41:42,918 INFO [dump-all-ok] action-web-degrade-rules+DEFAULT_GROUP, 1601636088000, length=115, md5=6409473915d774ed783e427db652f1cc

2023-10-26 11:41:42,919 INFO [dump-all-ok] action-picture-flow-rules+DEFAULT_GROUP, 1601892546000, length=192, md5=3eb13b754d1a8337df6bf4d5c4c77bf2

2023-10-26 11:41:42,919 INFO [dump-all-ok] action-picture-degrade-rules+DEFAULT_GROUP, 1601757162000, length=115, md5=6409473915d774ed783e427db652f1cc

2023-10-26 11:41:42,920 INFO [dump-all-ok] action-search-flow-rules+DEFAULT_GROUP, 1602008379000, length=201, md5=13c8839cd70023e42d6b6b1c5cb9e78c

2023-10-26 11:41:42,920 INFO [dump-all-ok] action-search-degrade-rules+DEFAULT_GROUP, 1602002983000, length=10, md5=504352a1f39e3227c9852aa329c558e3

2023-10-26 11:41:42,921 INFO [dump-all-ok] action-commons.yml+dev, 1604680583000, length=998, md5=3842a2d3bd43296a13701e07f37dbcb6

2023-10-26 11:41:42,922 INFO [dump-all-ok] action-admin-prod.yaml+prod, 1629475118000, length=4260, md5=e62e4232eebf03becf7c605c3bd86b75

2023-10-26 11:41:42,923 INFO [dump-all-ok] action-gateway-prod.yaml+prod, 1607671510000, length=21, md5=cfba5ed8647a0a24f76f188031cf6716

2023-10-26 11:41:42,923 INFO [dump-all-ok] action-monitor-prod.yaml+prod, 1607171188000, length=660, md5=ac20a8098ddf4dc2c22e59caab12a1b2

2023-10-26 11:41:42,924 INFO [dump-all-ok] action-picture-prod.yaml+prod, 1606896211000, length=2689, md5=757db02ccab654c65ede3f144c7eb5c0

2023-10-26 11:41:42,925 INFO [dump-all-ok] action-search-prod.yaml+prod, 1631418778000, length=1094, md5=8788c4cacae33bf2b7e3bc63dff418d7

2023-10-26 11:41:42,925 INFO [dump-all-ok] action-sms-prod.yaml+prod, 1606896121000, length=1438, md5=737e5d5c41a8326b25e0b23fff9e6354

2023-10-26 11:41:42,926 INFO [dump-all-ok] action-spider-prod.yaml+prod, 1605480475000, length=2558, md5=a6bfee6a586d2438b6819d7c901f0a3e

2023-10-26 11:41:42,927 INFO [dump-all-ok] action-web-prod.yaml+prod, 1629475053000, length=4985, md5=ba5b1140044036c443648d2be6a71f86

2023-10-26 11:48:19,254 INFO [dump-all-ok] action-admin.yaml+dev, 1592646430000, length=4391, md5=ba67926f4429821af8ed69426651c638

2023-10-26 11:48:19,255 INFO [dump-all-ok] action-gateway.yaml+dev, 1592646830000, length=255, md5=c2d43eb965f2b97cf0595b96bda9b9af

2023-10-26 11:48:19,256 INFO [dump-all-ok] action-monitor.yaml+dev, 1592646857000, length=1276, md5=79a41abc87eb1bb0134effc2ad16cd80

2023-10-26 11:48:19,257 INFO [dump-all-ok] action-picture.yaml+dev, 1592646882000, length=3426, md5=188754cbbf0e8809e7ae2d12f6befc83

2023-10-26 11:48:19,258 INFO [dump-all-ok] action-sms.yaml+dev, 1592646901000, length=1989, md5=fabb9bf9f1f389142d6bd0dd4f07ec91

2023-10-26 11:48:19,259 INFO [dump-all-ok] action-spider.yaml+dev, 1592646919000, length=3117, md5=d2c8ef0ad8ee2a88bbdd37803d23c703

2023-10-26 11:48:19,260 INFO [dump-all-ok] action-web.yaml+dev, 1592646984000, length=5321, md5=f8984a5053fc7b8906a9b4ab5a02410d

2023-10-26 11:48:19,261 INFO [dump-all-ok] action-admin-dev.yaml+dev, 1615460068000, length=4043, md5=0177e739403469ae0c5ad52c358e5f45

2023-10-26 11:48:19,262 INFO [dump-all-ok] action-gateway-dev.yaml+dev, 1592648417000, length=255, md5=c2d43eb965f2b97cf0595b96bda9b9af

2023-10-26 11:48:19,262 INFO [dump-all-ok] action-monitor-dev.yaml+dev, 1607170954000, length=1267, md5=498ed56890070a601b052f35d863bab3

2023-10-26 11:48:19,263 INFO [dump-all-ok] action-picture-dev.yaml+dev, 1603443137000, length=3458, md5=625a3fc24201e72619c54c0c81b8d784

2023-10-26 11:48:19,263 INFO [dump-all-ok] action-search-dev.yaml+dev, 1601982644000, length=1632, md5=81ef38f3e6ee8de1f470e1d8a3d62b63

2023-10-26 11:48:19,264 INFO [dump-all-ok] action-sms-dev.yaml+dev, 1601977675000, length=1689, md5=9c4ea7998530f732126aab4174e6379b

2023-10-26 11:48:19,265 INFO [dump-all-ok] action-spider-dev.yaml+dev, 1600185717000, length=3011, md5=7975b26ba3afebb1068e4cd1a0b5d73e

2023-10-26 11:48:19,266 INFO [dump-all-ok] action-web-dev.yaml+dev, 1604918967000, length=5129, md5=a312b480543501d819baf2e331bb0c54

2023-10-26 11:48:19,267 INFO [dump-all-ok] action-web-flow-rules+DEFAULT_GROUP, 1601638284000, length=197, md5=3e8d52b57427ce0cfa8e7e4319a81281

2023-10-26 11:48:19,267 INFO [dump-all-ok] action-web-degrade-rules+DEFAULT_GROUP, 1601636088000, length=115, md5=6409473915d774ed783e427db652f1cc

2023-10-26 11:48:19,268 INFO [dump-all-ok] action-picture-flow-rules+DEFAULT_GROUP, 1601892546000, length=192, md5=3eb13b754d1a8337df6bf4d5c4c77bf2

2023-10-26 11:48:19,268 INFO [dump-all-ok] action-picture-degrade-rules+DEFAULT_GROUP, 1601757162000, length=115, md5=6409473915d774ed783e427db652f1cc

2023-10-26 11:48:19,269 INFO [dump-all-ok] action-search-flow-rules+DEFAULT_GROUP, 1602008379000, length=201, md5=13c8839cd70023e42d6b6b1c5cb9e78c

2023-10-26 11:48:19,269 INFO [dump-all-ok] action-search-degrade-rules+DEFAULT_GROUP, 1602002983000, length=10, md5=504352a1f39e3227c9852aa329c558e3

2023-10-26 11:48:19,270 INFO [dump-all-ok] action-commons.yml+dev, 1604680583000, length=998, md5=3842a2d3bd43296a13701e07f37dbcb6

2023-10-26 11:48:19,271 INFO [dump-all-ok] action-admin-prod.yaml+prod, 1629475118000, length=4260, md5=e62e4232eebf03becf7c605c3bd86b75

2023-10-26 11:48:19,271 INFO [dump-all-ok] action-gateway-prod.yaml+prod, 1607671510000, length=21, md5=cfba5ed8647a0a24f76f188031cf6716

2023-10-26 11:48:19,271 INFO [dump-all-ok] action-monitor-prod.yaml+prod, 1607171188000, length=660, md5=ac20a8098ddf4dc2c22e59caab12a1b2

2023-10-26 11:48:19,272 INFO [dump-all-ok] action-picture-prod.yaml+prod, 1606896211000, length=2689, md5=757db02ccab654c65ede3f144c7eb5c0

2023-10-26 11:48:19,272 INFO [dump-all-ok] action-search-prod.yaml+prod, 1631418778000, length=1094, md5=8788c4cacae33bf2b7e3bc63dff418d7

2023-10-26 11:48:19,273 INFO [dump-all-ok] action-sms-prod.yaml+prod, 1606896121000, length=1438, md5=737e5d5c41a8326b25e0b23fff9e6354

2023-10-26 11:48:19,273 INFO [dump-all-ok] action-spider-prod.yaml+prod, 1605480475000, length=2558, md5=a6bfee6a586d2438b6819d7c901f0a3e

2023-10-26 11:48:19,274 INFO [dump-all-ok] action-web-prod.yaml+prod, 1629475053000, length=4985, md5=ba5b1140044036c443648d2be6a71f86

2023-10-26 14:59:56,773 INFO [dump-all-ok] action-admin.yaml+dev, 1592646430000, length=4391, md5=ba67926f4429821af8ed69426651c638

2023-10-26 14:59:56,784 INFO [dump-all-ok] action-gateway.yaml+dev, 1592646830000, length=255, md5=c2d43eb965f2b97cf0595b96bda9b9af

2023-10-26 14:59:56,786 INFO [dump-all-ok] action-monitor.yaml+dev, 1592646857000, length=1276, md5=79a41abc87eb1bb0134effc2ad16cd80

2023-10-26 14:59:56,788 INFO [dump-all-ok] action-picture.yaml+dev, 1592646882000, length=3426, md5=188754cbbf0e8809e7ae2d12f6befc83

2023-10-26 14:59:56,789 INFO [dump-all-ok] action-sms.yaml+dev, 1592646901000, length=1989, md5=fabb9bf9f1f389142d6bd0dd4f07ec91

2023-10-26 14:59:56,791 INFO [dump-all-ok] action-spider.yaml+dev, 1592646919000, length=3117, md5=d2c8ef0ad8ee2a88bbdd37803d23c703

2023-10-26 14:59:56,793 INFO [dump-all-ok] action-web.yaml+dev, 1592646984000, length=5321, md5=f8984a5053fc7b8906a9b4ab5a02410d

2023-10-26 14:59:56,797 INFO [dump-all-ok] action-admin-dev.yaml+dev, 1615460068000, length=4043, md5=0177e739403469ae0c5ad52c358e5f45

2023-10-26 14:59:56,800 INFO [dump-all-ok] action-gateway-dev.yaml+dev, 1592648417000, length=255, md5=c2d43eb965f2b97cf0595b96bda9b9af

2023-10-26 14:59:56,802 INFO [dump-all-ok] action-monitor-dev.yaml+dev, 1607170954000, length=1267, md5=498ed56890070a601b052f35d863bab3

2023-10-26 14:59:56,804 INFO [dump-all-ok] action-picture-dev.yaml+dev, 1603443137000, length=3458, md5=625a3fc24201e72619c54c0c81b8d784

2023-10-26 14:59:56,806 INFO [dump-all-ok] action-search-dev.yaml+dev, 1601982644000, length=1632, md5=81ef38f3e6ee8de1f470e1d8a3d62b63

2023-10-26 14:59:56,810 INFO [dump-all-ok] action-sms-dev.yaml+dev, 1601977675000, length=1689, md5=9c4ea7998530f732126aab4174e6379b

2023-10-26 14:59:56,814 INFO [dump-all-ok] action-spider-dev.yaml+dev, 1600185717000, length=3011, md5=7975b26ba3afebb1068e4cd1a0b5d73e

2023-10-26 14:59:56,821 INFO [dump-all-ok] action-web-dev.yaml+dev, 1604918967000, length=5129, md5=a312b480543501d819baf2e331bb0c54

2023-10-26 14:59:56,824 INFO [dump-all-ok] action-web-flow-rules+DEFAULT_GROUP, 1601638284000, length=197, md5=3e8d52b57427ce0cfa8e7e4319a81281

2023-10-26 14:59:56,832 INFO [dump-all-ok] action-web-degrade-rules+DEFAULT_GROUP, 1601636088000, length=115, md5=6409473915d774ed783e427db652f1cc

2023-10-26 14:59:56,836 INFO [dump-all-ok] action-picture-flow-rules+DEFAULT_GROUP, 1601892546000, length=192, md5=3eb13b754d1a8337df6bf4d5c4c77bf2

2023-10-26 14:59:56,838 INFO [dump-all-ok] action-picture-degrade-rules+DEFAULT_GROUP, 1601757162000, length=115, md5=6409473915d774ed783e427db652f1cc

2023-10-26 14:59:56,840 INFO [dump-all-ok] action-search-flow-rules+DEFAULT_GROUP, 1602008379000, length=201, md5=13c8839cd70023e42d6b6b1c5cb9e78c

2023-10-26 14:59:56,842 INFO [dump-all-ok] action-search-degrade-rules+DEFAULT_GROUP, 1602002983000, length=10, md5=504352a1f39e3227c9852aa329c558e3

2023-10-26 14:59:56,843 INFO [dump-all-ok] action-commons.yml+dev, 1604680583000, length=998, md5=3842a2d3bd43296a13701e07f37dbcb6

2023-10-26 14:59:56,847 INFO [dump-all-ok] action-admin-prod.yaml+prod, 1629475118000, length=4260, md5=e62e4232eebf03becf7c605c3bd86b75

2023-10-26 14:59:56,853 INFO [dump-all-ok] action-gateway-prod.yaml+prod, 1607671510000, length=21, md5=cfba5ed8647a0a24f76f188031cf6716

2023-10-26 14:59:56,854 INFO [dump-all-ok] action-monitor-prod.yaml+prod, 1607171188000, length=660, md5=ac20a8098ddf4dc2c22e59caab12a1b2

2023-10-26 14:59:56,855 INFO [dump-all-ok] action-picture-prod.yaml+prod, 1606896211000, length=2689, md5=757db02ccab654c65ede3f144c7eb5c0

2023-10-26 14:59:56,856 INFO [dump-all-ok] action-search-prod.yaml+prod, 1631418778000, length=1094, md5=8788c4cacae33bf2b7e3bc63dff418d7

2023-10-26 14:59:56,857 INFO [dump-all-ok] action-sms-prod.yaml+prod, 1606896121000, length=1438, md5=737e5d5c41a8326b25e0b23fff9e6354

2023-10-26 14:59:56,858 INFO [dump-all-ok] action-spider-prod.yaml+prod, 1605480475000, length=2558, md5=a6bfee6a586d2438b6819d7c901f0a3e

2023-10-26 14:59:56,859 INFO [dump-all-ok] action-web-prod.yaml+prod, 1629475053000, length=4985, md5=ba5b1140044036c443648d2be6a71f86

2023-10-26 15:10:25,095 INFO [dump-all-ok] action-admin.yaml+dev, 1592646430000, length=4391, md5=ba67926f4429821af8ed69426651c638

2023-10-26 15:10:25,098 INFO [dump-all-ok] action-gateway.yaml+dev, 1592646830000, length=255, md5=c2d43eb965f2b97cf0595b96bda9b9af

2023-10-26 15:10:25,099 INFO [dump-all-ok] action-monitor.yaml+dev, 1592646857000, length=1276, md5=79a41abc87eb1bb0134effc2ad16cd80

2023-10-26 15:10:25,101 INFO [dump-all-ok] action-picture.yaml+dev, 1592646882000, length=3426, md5=188754cbbf0e8809e7ae2d12f6befc83

2023-10-26 15:10:25,102 INFO [dump-all-ok] action-sms.yaml+dev, 1592646901000, length=1989, md5=fabb9bf9f1f389142d6bd0dd4f07ec91

2023-10-26 15:10:25,102 INFO [dump-all-ok] action-spider.yaml+dev, 1592646919000, length=3117, md5=d2c8ef0ad8ee2a88bbdd37803d23c703

2023-10-26 15:10:25,103 INFO [dump-all-ok] action-web.yaml+dev, 1592646984000, length=5321, md5=f8984a5053fc7b8906a9b4ab5a02410d

2023-10-26 15:10:25,104 INFO [dump-all-ok] action-admin-dev.yaml+dev, 1615460068000, length=4043, md5=0177e739403469ae0c5ad52c358e5f45

2023-10-26 15:10:25,105 INFO [dump-all-ok] action-gateway-dev.yaml+dev, 1592648417000, length=255, md5=c2d43eb965f2b97cf0595b96bda9b9af

2023-10-26 15:10:25,105 INFO [dump-all-ok] action-monitor-dev.yaml+dev, 1607170954000, length=1267, md5=498ed56890070a601b052f35d863bab3

2023-10-26 15:10:25,106 INFO [dump-all-ok] action-picture-dev.yaml+dev, 1603443137000, length=3458, md5=625a3fc24201e72619c54c0c81b8d784

2023-10-26 15:10:25,106 INFO [dump-all-ok] action-search-dev.yaml+dev, 1601982644000, length=1632, md5=81ef38f3e6ee8de1f470e1d8a3d62b63

2023-10-26 15:10:25,107 INFO [dump-all-ok] action-sms-dev.yaml+dev, 1601977675000, length=1689, md5=9c4ea7998530f732126aab4174e6379b

2023-10-26 15:10:25,107 INFO [dump-all-ok] action-spider-dev.yaml+dev, 1600185717000, length=3011, md5=7975b26ba3afebb1068e4cd1a0b5d73e

2023-10-26 15:10:25,108 INFO [dump-all-ok] action-web-dev.yaml+dev, 1604918967000, length=5129, md5=a312b480543501d819baf2e331bb0c54

2023-10-26 15:10:25,110 INFO [dump-all-ok] action-web-flow-rules+DEFAULT_GROUP, 1601638284000, length=197, md5=3e8d52b57427ce0cfa8e7e4319a81281

2023-10-26 15:10:25,111 INFO [dump-all-ok] action-web-degrade-rules+DEFAULT_GROUP, 1601636088000, length=115, md5=6409473915d774ed783e427db652f1cc

2023-10-26 15:10:25,112 INFO [dump-all-ok] action-picture-flow-rules+DEFAULT_GROUP, 1601892546000, length=192, md5=3eb13b754d1a8337df6bf4d5c4c77bf2

2023-10-26 15:10:25,112 INFO [dump-all-ok] action-picture-degrade-rules+DEFAULT_GROUP, 1601757162000, length=115, md5=6409473915d774ed783e427db652f1cc

2023-10-26 15:10:25,112 INFO [dump-all-ok] action-search-flow-rules+DEFAULT_GROUP, 1602008379000, length=201, md5=13c8839cd70023e42d6b6b1c5cb9e78c

2023-10-26 15:10:25,113 INFO [dump-all-ok] action-search-degrade-rules+DEFAULT_GROUP, 1602002983000, length=10, md5=504352a1f39e3227c9852aa329c558e3

2023-10-26 15:10:25,113 INFO [dump-all-ok] action-commons.yml+dev, 1604680583000, length=998, md5=3842a2d3bd43296a13701e07f37dbcb6

2023-10-26 15:10:25,114 INFO [dump-all-ok] action-admin-prod.yaml+prod, 1629475118000, length=4260, md5=e62e4232eebf03becf7c605c3bd86b75

2023-10-26 15:10:25,115 INFO [dump-all-ok] action-gateway-prod.yaml+prod, 1607671510000, length=21, md5=cfba5ed8647a0a24f76f188031cf6716

2023-10-26 15:10:25,115 INFO [dump-all-ok] action-monitor-prod.yaml+prod, 1607171188000, length=660, md5=ac20a8098ddf4dc2c22e59caab12a1b2

2023-10-26 15:10:25,116 INFO [dump-all-ok] action-picture-prod.yaml+prod, 1606896211000, length=2689, md5=757db02ccab654c65ede3f144c7eb5c0

2023-10-26 15:10:25,116 INFO [dump-all-ok] action-search-prod.yaml+prod, 1631418778000, length=1094, md5=8788c4cacae33bf2b7e3bc63dff418d7

2023-10-26 15:10:25,117 INFO [dump-all-ok] action-sms-prod.yaml+prod, 1606896121000, length=1438, md5=737e5d5c41a8326b25e0b23fff9e6354

2023-10-26 15:10:25,117 INFO [dump-all-ok] action-spider-prod.yaml+prod, 1605480475000, length=2558, md5=a6bfee6a586d2438b6819d7c901f0a3e

2023-10-26 15:10:25,118 INFO [dump-all-ok] action-web-prod.yaml+prod, 1629475053000, length=4985, md5=ba5b1140044036c443648d2be6a71f86

2023-10-26 15:16:01,010 INFO [dump-task] add task. groupKey=action-admin-dev.yaml+dev+dev, taskKey=action-admin-dev.yaml+dev+dev+false+null

2023-10-26 15:17:50,123 INFO [dump-task] add task. groupKey=action-admin-dev.yaml+dev+dev, taskKey=action-admin-dev.yaml+dev+dev+false+null

2023-10-26 16:11:30,195 INFO [dump-all-ok] action-admin.yaml+dev, 1592646430000, length=4398, md5=dec1b16e73a0ee3dc7fd91bb86ac0a88

2023-10-26 16:11:30,197 INFO [dump-all-ok] action-gateway.yaml+dev, 1592646830000, length=255, md5=c2d43eb965f2b97cf0595b96bda9b9af

2023-10-26 16:11:30,199 INFO [dump-all-ok] action-monitor.yaml+dev, 1592646857000, length=1276, md5=d9ce705f14bbdf7a643451f951eecad2

2023-10-26 16:11:30,200 INFO [dump-all-ok] action-picture.yaml+dev, 1592646882000, length=3434, md5=81d6e7331b5388fa4ff8d44b37500992

2023-10-26 16:11:30,201 INFO [dump-all-ok] action-sms.yaml+dev, 1592646901000, length=1993, md5=f651bd0785c2c99817b5da14b5ed876a

2023-10-26 16:11:30,202 INFO [dump-all-ok] action-spider.yaml+dev, 1592646919000, length=3125, md5=0ab4a9bfcc46800c40458d67f0e8cb9c

2023-10-26 16:11:30,203 INFO [dump-all-ok] action-web.yaml+dev, 1592646984000, length=5333, md5=10b88e0b03c42f00e96dbf1645199776

2023-10-26 16:11:30,204 INFO [dump-all-ok] action-admin-dev.yaml+dev, 1615460068000, length=4047, md5=6f0705f62115e3e545d66e835b08d4d5

2023-10-26 16:11:30,205 INFO [dump-all-ok] action-gateway-dev.yaml+dev, 1592648417000, length=255, md5=c2d43eb965f2b97cf0595b96bda9b9af

2023-10-26 16:11:30,205 INFO [dump-all-ok] action-monitor-dev.yaml+dev, 1607170954000, length=1269, md5=b5321a7c5060074f4eec303aa1c2be1b

2023-10-26 16:11:30,206 INFO [dump-all-ok] action-picture-dev.yaml+dev, 1603443137000, length=3460, md5=0c02aa054eee6ff4c6be349bb0d33081

2023-10-26 16:11:30,206 INFO [dump-all-ok] action-search-dev.yaml+dev, 1601982644000, length=1632, md5=81ef38f3e6ee8de1f470e1d8a3d62b63

2023-10-26 16:11:30,207 INFO [dump-all-ok] action-sms-dev.yaml+dev, 1601977675000, length=1689, md5=9c4ea7998530f732126aab4174e6379b

2023-10-26 16:11:30,207 INFO [dump-all-ok] action-spider-dev.yaml+dev, 1600185717000, length=3013, md5=8024fae8b225f5c359f045a490c4cd71

2023-10-26 16:11:30,208 INFO [dump-all-ok] action-web-dev.yaml+dev, 1604918967000, length=5133, md5=b127e2d482de1d4f89c72474caab5425

2023-10-26 16:11:30,209 INFO [dump-all-ok] action-web-flow-rules+DEFAULT_GROUP, 1601638284000, length=197, md5=3e8d52b57427ce0cfa8e7e4319a81281

2023-10-26 16:11:30,210 INFO [dump-all-ok] action-web-degrade-rules+DEFAULT_GROUP, 1601636088000, length=115, md5=6409473915d774ed783e427db652f1cc

2023-10-26 16:11:30,210 INFO [dump-all-ok] action-picture-flow-rules+DEFAULT_GROUP, 1601892546000, length=192, md5=3eb13b754d1a8337df6bf4d5c4c77bf2

2023-10-26 16:11:30,211 INFO [dump-all-ok] action-picture-degrade-rules+DEFAULT_GROUP, 1601757162000, length=115, md5=6409473915d774ed783e427db652f1cc

2023-10-26 16:11:30,212 INFO [dump-all-ok] action-search-flow-rules+DEFAULT_GROUP, 1602008379000, length=201, md5=13c8839cd70023e42d6b6b1c5cb9e78c

2023-10-26 16:11:30,212 INFO [dump-all-ok] action-search-degrade-rules+DEFAULT_GROUP, 1602002983000, length=10, md5=504352a1f39e3227c9852aa329c558e3

2023-10-26 16:11:30,213 INFO [dump-all-ok] action-commons.yml+dev, 1604680583000, length=998, md5=3842a2d3bd43296a13701e07f37dbcb6

2023-10-26 16:11:30,214 INFO [dump-all-ok] action-admin-prod.yaml+prod, 1629475118000, length=4264, md5=197b3ad008288756610fcc39610597c5

2023-10-26 16:11:30,214 INFO [dump-all-ok] action-gateway-prod.yaml+prod, 1607671510000, length=21, md5=cfba5ed8647a0a24f76f188031cf6716

2023-10-26 16:11:30,215 INFO [dump-all-ok] action-monitor-prod.yaml+prod, 1607171188000, length=662, md5=16af7141463ff40b728a73ad23e48764

2023-10-26 16:11:30,216 INFO [dump-all-ok] action-picture-prod.yaml+prod, 1606896211000, length=2691, md5=ed6f787ffca99522ecd6f3eeb21fe3da

2023-10-26 16:11:30,216 INFO [dump-all-ok] action-search-prod.yaml+prod, 1631418778000, length=1094, md5=8788c4cacae33bf2b7e3bc63dff418d7

2023-10-26 16:11:30,217 INFO [dump-all-ok] action-sms-prod.yaml+prod, 1606896121000, length=1438, md5=ee7409a90518fc45fcffa6663839f87d

2023-10-26 16:11:30,217 INFO [dump-all-ok] action-spider-prod.yaml+prod, 1605480475000, length=2560, md5=6d24c2a75dd6668e4beefaeb5ce851a6

2023-10-26 16:11:30,218 INFO [dump-all-ok] action-web-prod.yaml+prod, 1629475053000, length=4989, md5=1b02fd662ae9aaea8978c0ebe9b15008

