2023-10-26 11:41:43,886 INFO Initializes the Raft protocol, raft-config info : {}

2023-10-26 11:41:44,205 INFO ========= The raft protocol is starting... =========

2023-10-26 11:41:44,223 INFO ========= The raft protocol start finished... =========

2023-10-26 11:41:44,237 INFO create raft group : naming_persistent_service_v2

2023-10-26 11:41:44,486 INFO This Raft event changes : RaftEvent{groupId='naming_persistent_service_v2', leader='null', term=null, raftClusterInfo=[9ed64a24ec2e:7848]}

2023-10-26 11:41:44,535 INFO This Raft event changes : RaftEvent{groupId='naming_persistent_service_v2', leader='9ed64a24ec2e:7848', term=2, raftClusterInfo=[9ed64a24ec2e:7848]}

2023-10-26 11:41:44,547 INFO create raft group : naming_instance_metadata

2023-10-26 11:41:44,584 INFO This Raft event changes : RaftEvent{groupId='naming_instance_metadata', leader='null', term=null, raftClusterInfo=[9ed64a24ec2e:7848]}

2023-10-26 11:41:44,594 INFO This Raft event changes : RaftEvent{groupId='naming_instance_metadata', leader='9ed64a24ec2e:7848', term=2, raftClusterInfo=[9ed64a24ec2e:7848]}

2023-10-26 11:41:44,595 INFO create raft group : naming_service_metadata

2023-10-26 11:41:44,782 INFO This Raft event changes : RaftEvent{groupId='naming_service_metadata', leader='null', term=null, raftClusterInfo=[9ed64a24ec2e:7848]}

2023-10-26 11:41:44,790 INFO This Raft event changes : RaftEvent{groupId='naming_service_metadata', leader='9ed64a24ec2e:7848', term=2, raftClusterInfo=[9ed64a24ec2e:7848]}

2023-10-26 11:47:56,410 INFO shutdown jraft server

2023-10-26 11:47:56,411 INFO ========= The raft protocol is starting to close =========

2023-10-26 11:47:56,458 INFO ========= The raft protocol has been closed =========

2023-10-26 11:48:20,185 INFO Initializes the Raft protocol, raft-config info : {}

2023-10-26 11:48:20,455 INFO ========= The raft protocol is starting... =========

2023-10-26 11:48:20,472 INFO ========= The raft protocol start finished... =========

2023-10-26 11:48:20,485 INFO create raft group : naming_persistent_service_v2

2023-10-26 11:48:20,680 INFO This Raft event changes : RaftEvent{groupId='naming_persistent_service_v2', leader='null', term=null, raftClusterInfo=[9ed64a24ec2e:7848]}

2023-10-26 11:48:20,722 INFO This Raft event changes : RaftEvent{groupId='naming_persistent_service_v2', leader='9ed64a24ec2e:7848', term=3, raftClusterInfo=[9ed64a24ec2e:7848]}

2023-10-26 11:48:20,729 INFO create raft group : naming_instance_metadata

2023-10-26 11:48:20,766 INFO This Raft event changes : RaftEvent{groupId='naming_instance_metadata', leader='null', term=null, raftClusterInfo=[9ed64a24ec2e:7848]}

2023-10-26 11:48:20,917 INFO This Raft event changes : RaftEvent{groupId='naming_instance_metadata', leader='9ed64a24ec2e:7848', term=3, raftClusterInfo=[9ed64a24ec2e:7848]}

2023-10-26 11:48:20,920 INFO create raft group : naming_service_metadata

2023-10-26 11:48:20,960 INFO This Raft event changes : RaftEvent{groupId='naming_service_metadata', leader='null', term=null, raftClusterInfo=[9ed64a24ec2e:7848]}

2023-10-26 11:48:20,973 INFO This Raft event changes : RaftEvent{groupId='naming_service_metadata', leader='9ed64a24ec2e:7848', term=3, raftClusterInfo=[9ed64a24ec2e:7848]}

2023-10-26 15:00:01,776 INFO Initializes the Raft protocol, raft-config info : {}

2023-10-26 15:00:02,313 INFO ========= The raft protocol is starting... =========

2023-10-26 15:00:02,389 INFO ========= The raft protocol start finished... =========

2023-10-26 15:00:02,432 INFO create raft group : naming_persistent_service_v2

2023-10-26 15:00:03,254 INFO This Raft event changes : RaftEvent{groupId='naming_persistent_service_v2', leader='null', term=null, raftClusterInfo=[9ed64a24ec2e:7848]}

2023-10-26 15:00:03,898 INFO create raft group : naming_instance_metadata

2023-10-26 15:00:03,903 INFO This Raft event changes : RaftEvent{groupId='naming_persistent_service_v2', leader='9ed64a24ec2e:7848', term=4, raftClusterInfo=[9ed64a24ec2e:7848]}

2023-10-26 15:00:04,100 INFO This Raft event changes : RaftEvent{groupId='naming_instance_metadata', leader='null', term=null, raftClusterInfo=[9ed64a24ec2e:7848]}

2023-10-26 15:00:04,144 INFO This Raft event changes : RaftEvent{groupId='naming_instance_metadata', leader='9ed64a24ec2e:7848', term=4, raftClusterInfo=[9ed64a24ec2e:7848]}

2023-10-26 15:00:04,178 INFO create raft group : naming_service_metadata

2023-10-26 15:00:04,441 INFO This Raft event changes : RaftEvent{groupId='naming_service_metadata', leader='null', term=null, raftClusterInfo=[9ed64a24ec2e:7848]}

2023-10-26 15:00:04,465 INFO This Raft event changes : RaftEvent{groupId='naming_service_metadata', leader='9ed64a24ec2e:7848', term=4, raftClusterInfo=[9ed64a24ec2e:7848]}

2023-10-26 15:10:14,320 INFO shutdown jraft server

2023-10-26 15:10:14,322 INFO ========= The raft protocol is starting to close =========

2023-10-26 15:10:14,365 INFO ========= The raft protocol has been closed =========

2023-10-26 15:10:26,057 INFO Initializes the Raft protocol, raft-config info : {}

2023-10-26 15:10:26,326 INFO ========= The raft protocol is starting... =========

2023-10-26 15:10:26,343 INFO ========= The raft protocol start finished... =========

2023-10-26 15:10:26,354 INFO create raft group : naming_persistent_service_v2

2023-10-26 15:10:26,542 INFO This Raft event changes : RaftEvent{groupId='naming_persistent_service_v2', leader='null', term=null, raftClusterInfo=[9ed64a24ec2e:7848]}

2023-10-26 15:10:26,590 INFO This Raft event changes : RaftEvent{groupId='naming_persistent_service_v2', leader='9ed64a24ec2e:7848', term=5, raftClusterInfo=[9ed64a24ec2e:7848]}

2023-10-26 15:10:26,600 INFO create raft group : naming_instance_metadata

2023-10-26 15:10:26,806 INFO This Raft event changes : RaftEvent{groupId='naming_instance_metadata', leader='null', term=null, raftClusterInfo=[9ed64a24ec2e:7848]}

2023-10-26 15:10:26,818 INFO This Raft event changes : RaftEvent{groupId='naming_instance_metadata', leader='9ed64a24ec2e:7848', term=5, raftClusterInfo=[9ed64a24ec2e:7848]}

2023-10-26 15:10:26,821 INFO create raft group : naming_service_metadata

2023-10-26 15:10:26,857 INFO This Raft event changes : RaftEvent{groupId='naming_service_metadata', leader='null', term=null, raftClusterInfo=[9ed64a24ec2e:7848]}

2023-10-26 15:10:26,870 INFO This Raft event changes : RaftEvent{groupId='naming_service_metadata', leader='9ed64a24ec2e:7848', term=5, raftClusterInfo=[9ed64a24ec2e:7848]}

2023-10-26 15:25:43,302 INFO shutdown jraft server

2023-10-26 15:25:43,304 INFO ========= The raft protocol is starting to close =========

2023-10-26 15:25:43,346 INFO ========= The raft protocol has been closed =========

2023-10-26 16:11:31,230 INFO Initializes the Raft protocol, raft-config info : {}

2023-10-26 16:11:31,501 INFO ========= The raft protocol is starting... =========

2023-10-26 16:11:31,518 INFO ========= The raft protocol start finished... =========

2023-10-26 16:11:31,529 INFO create raft group : naming_persistent_service_v2

2023-10-26 16:11:31,750 INFO This Raft event changes : RaftEvent{groupId='naming_persistent_service_v2', leader='null', term=null, raftClusterInfo=[9ed64a24ec2e:7848]}

2023-10-26 16:11:31,805 INFO This Raft event changes : RaftEvent{groupId='naming_persistent_service_v2', leader='9ed64a24ec2e:7848', term=6, raftClusterInfo=[9ed64a24ec2e:7848]}

2023-10-26 16:11:31,812 INFO create raft group : naming_instance_metadata

2023-10-26 16:11:31,979 INFO This Raft event changes : RaftEvent{groupId='naming_instance_metadata', leader='null', term=null, raftClusterInfo=[9ed64a24ec2e:7848]}

2023-10-26 16:11:31,989 INFO This Raft event changes : RaftEvent{groupId='naming_instance_metadata', leader='9ed64a24ec2e:7848', term=6, raftClusterInfo=[9ed64a24ec2e:7848]}

2023-10-26 16:11:31,991 INFO create raft group : naming_service_metadata

2023-10-26 16:11:32,026 INFO This Raft event changes : RaftEvent{groupId='naming_service_metadata', leader='null', term=null, raftClusterInfo=[9ed64a24ec2e:7848]}

2023-10-26 16:11:32,037 INFO This Raft event changes : RaftEvent{groupId='naming_service_metadata', leader='9ed64a24ec2e:7848', term=6, raftClusterInfo=[9ed64a24ec2e:7848]}

2023-10-26 16:16:54,025 INFO shutdown jraft server

2023-10-26 16:16:54,026 INFO ========= The raft protocol is starting to close =========

2023-10-26 16:16:54,072 INFO ========= The raft protocol has been closed =========

