2023-10-26 11:41:42,791 INFO Init loader limit rule from local,rule=

2023-10-26 11:41:43,054 INFO [ClientConnectionEventListenerRegistry] registry listener - ConfigConnectionEventListener

2023-10-26 11:41:43,081 INFO [ClientConnectionEventListenerRegistry] registry listener - RpcAckCallbackInitorOrCleaner

2023-10-26 11:41:43,403 INFO Nacos GrpcSdkServer Rpc server starting at port 9848

2023-10-26 11:41:43,824 INFO Nacos GrpcSdkServer Rpc server started at port 9848

2023-10-26 11:41:43,826 INFO Nacos GrpcClusterServer Rpc server starting at port 9849

2023-10-26 11:41:43,828 INFO Nacos GrpcClusterServer Rpc server started at port 9849

2023-10-26 11:41:43,841 INFO [ClientConnectionEventListenerRegistry] registry listener - ConnectionBasedClientManager

2023-10-26 11:47:56,390 INFO Nacos GrpcClusterServer Rpc server stopping

2023-10-26 11:47:56,391 INFO Nacos GrpcSdkServer Rpc server stopping

2023-10-26 11:47:56,397 INFO Nacos GrpcClusterServer Rpc server stopped successfully...

2023-10-26 11:47:56,401 INFO Nacos GrpcSdkServer Rpc server stopped successfully...

2023-10-26 11:48:19,179 INFO Init loader limit rule from local,rule=

2023-10-26 11:48:19,399 INFO [ClientConnectionEventListenerRegistry] registry listener - ConfigConnectionEventListener

2023-10-26 11:48:19,421 INFO [ClientConnectionEventListenerRegistry] registry listener - RpcAckCallbackInitorOrCleaner

2023-10-26 11:48:19,732 INFO Nacos GrpcSdkServer Rpc server starting at port 9848

2023-10-26 11:48:20,121 INFO Nacos GrpcSdkServer Rpc server started at port 9848

2023-10-26 11:48:20,122 INFO Nacos GrpcClusterServer Rpc server starting at port 9849

2023-10-26 11:48:20,124 INFO Nacos GrpcClusterServer Rpc server started at port 9849

2023-10-26 11:48:20,136 INFO [ClientConnectionEventListenerRegistry] registry listener - ConnectionBasedClientManager

2023-10-26 14:59:56,431 INFO Init loader limit rule from local,rule=

2023-10-26 14:59:58,357 INFO [ClientConnectionEventListenerRegistry] registry listener - ConfigConnectionEventListener

2023-10-26 14:59:58,525 INFO [ClientConnectionEventListenerRegistry] registry listener - RpcAckCallbackInitorOrCleaner

2023-10-26 14:59:59,155 INFO Nacos GrpcSdkServer Rpc server starting at port 9848

2023-10-26 15:00:01,557 INFO Nacos GrpcSdkServer Rpc server started at port 9848

2023-10-26 15:00:01,566 INFO Nacos GrpcClusterServer Rpc server starting at port 9849

2023-10-26 15:00:01,569 INFO Nacos GrpcClusterServer Rpc server started at port 9849

2023-10-26 15:00:01,613 INFO [ClientConnectionEventListenerRegistry] registry listener - ConnectionBasedClientManager

2023-10-26 15:10:14,305 INFO Nacos GrpcClusterServer Rpc server stopping

2023-10-26 15:10:14,306 INFO Nacos GrpcSdkServer Rpc server stopping

2023-10-26 15:10:14,316 INFO Nacos GrpcClusterServer Rpc server stopped successfully...

2023-10-26 15:10:14,316 INFO Nacos GrpcSdkServer Rpc server stopped successfully...

2023-10-26 15:10:25,026 INFO Init loader limit rule from local,rule=

2023-10-26 15:10:25,241 INFO [ClientConnectionEventListenerRegistry] registry listener - ConfigConnectionEventListener

2023-10-26 15:10:25,265 INFO [ClientConnectionEventListenerRegistry] registry listener - RpcAckCallbackInitorOrCleaner

2023-10-26 15:10:25,570 INFO Nacos GrpcSdkServer Rpc server starting at port 9848

2023-10-26 15:10:25,984 INFO Nacos GrpcSdkServer Rpc server started at port 9848

2023-10-26 15:10:25,986 INFO Nacos GrpcClusterServer Rpc server starting at port 9849

2023-10-26 15:10:25,988 INFO Nacos GrpcClusterServer Rpc server started at port 9849

2023-10-26 15:10:26,002 INFO [ClientConnectionEventListenerRegistry] registry listener - ConnectionBasedClientManager

2023-10-26 15:25:43,286 INFO Nacos GrpcSdkServer Rpc server stopping

2023-10-26 15:25:43,287 INFO Nacos GrpcClusterServer Rpc server stopping

2023-10-26 15:25:43,299 INFO Nacos GrpcClusterServer Rpc server stopped successfully...

2023-10-26 15:25:43,299 INFO Nacos GrpcSdkServer Rpc server stopped successfully...

2023-10-26 16:11:30,121 INFO Init loader limit rule from local,rule=

2023-10-26 16:11:30,604 INFO [ClientConnectionEventListenerRegistry] registry listener - ConfigConnectionEventListener

2023-10-26 16:11:30,637 INFO [ClientConnectionEventListenerRegistry] registry listener - RpcAckCallbackInitorOrCleaner

2023-10-26 16:11:30,777 INFO Nacos GrpcSdkServer Rpc server starting at port 9848

2023-10-26 16:11:31,167 INFO Nacos GrpcSdkServer Rpc server started at port 9848

2023-10-26 16:11:31,169 INFO Nacos GrpcClusterServer Rpc server starting at port 9849

2023-10-26 16:11:31,171 INFO Nacos GrpcClusterServer Rpc server started at port 9849

2023-10-26 16:11:31,182 INFO [ClientConnectionEventListenerRegistry] registry listener - ConnectionBasedClientManager

2023-10-26 16:16:54,012 INFO Nacos GrpcSdkServer Rpc server stopping

2023-10-26 16:16:54,013 INFO Nacos GrpcClusterServer Rpc server stopping

2023-10-26 16:16:54,022 INFO Nacos GrpcClusterServer Rpc server stopped successfully...

2023-10-26 16:16:54,022 INFO Nacos GrpcSdkServer Rpc server stopped successfully...

2023-10-26 16:31:05,769 INFO Init loader limit rule from local,rule=

