2023-10-26 11:41:42,807 INFO Register tps control,pointName=CONFIG_PUSH_COUNT, point=com.alibaba.nacos.core.remote.control.TpsMonitorPoint@3051e0b2 

2023-10-26 11:41:42,818 INFO Load rule from local,pointName=CONFIG_PUSH_COUNT, ruleContent= 

2023-10-26 11:41:42,819 INFO Apply tps control rule parse start,pointName=[CONFIG_PUSH_COUNT]  

2023-10-26 11:41:42,819 INFO Clear point  control rule ,pointName=[CONFIG_PUSH_COUNT]  

2023-10-26 11:41:42,819 INFO Clear point  control rule for monitorKeys, pointName=[CONFIG_PUSH_COUNT]  

2023-10-26 11:41:42,820 INFO Register tps control,pointName=CONFIG_PUSH_SUCCESS, point=com.alibaba.nacos.core.remote.control.TpsMonitorPoint@1f52eb6f 

2023-10-26 11:41:42,821 INFO Load rule from local,pointName=CONFIG_PUSH_SUCCESS, ruleContent= 

2023-10-26 11:41:42,821 INFO Apply tps control rule parse start,pointName=[CONFIG_PUSH_SUCCESS]  

2023-10-26 11:41:42,822 INFO Clear point  control rule ,pointName=[CONFIG_PUSH_SUCCESS]  

2023-10-26 11:41:42,822 INFO Clear point  control rule for monitorKeys, pointName=[CONFIG_PUSH_SUCCESS]  

2023-10-26 11:41:42,823 INFO Register tps control,pointName=CONFIG_PUSH_FAIL, point=com.alibaba.nacos.core.remote.control.TpsMonitorPoint@57d0fc89 

2023-10-26 11:41:42,823 INFO Load rule from local,pointName=CONFIG_PUSH_FAIL, ruleContent= 

2023-10-26 11:41:42,823 INFO Apply tps control rule parse start,pointName=[CONFIG_PUSH_FAIL]  

2023-10-26 11:41:42,824 INFO Clear point  control rule ,pointName=[CONFIG_PUSH_FAIL]  

2023-10-26 11:41:42,824 INFO Clear point  control rule for monitorKeys, pointName=[CONFIG_PUSH_FAIL]  

2023-10-26 11:41:46,585 INFO Register tps control,pointName=ConfigQuery, point=com.alibaba.nacos.core.remote.control.TpsMonitorPoint@6b52dd31 

2023-10-26 11:41:46,586 INFO Load rule from local,pointName=ConfigQuery, ruleContent= 

2023-10-26 11:41:46,586 INFO Apply tps control rule parse start,pointName=[ConfigQuery]  

2023-10-26 11:41:46,586 INFO Clear point  control rule ,pointName=[ConfigQuery]  

2023-10-26 11:41:46,586 INFO Clear point  control rule for monitorKeys, pointName=[ConfigQuery]  

2023-10-26 11:41:46,587 INFO Register tps control,pointName=ClusterConfigChangeNotify, point=com.alibaba.nacos.core.remote.control.TpsMonitorPoint@1a2909ae 

2023-10-26 11:41:46,587 INFO Load rule from local,pointName=ClusterConfigChangeNotify, ruleContent= 

2023-10-26 11:41:46,587 INFO Apply tps control rule parse start,pointName=[ClusterConfigChangeNotify]  

2023-10-26 11:41:46,587 INFO Clear point  control rule ,pointName=[ClusterConfigChangeNotify]  

2023-10-26 11:41:46,588 INFO Clear point  control rule for monitorKeys, pointName=[ClusterConfigChangeNotify]  

2023-10-26 11:41:46,588 INFO Register tps control,pointName=ConfigListen, point=com.alibaba.nacos.core.remote.control.TpsMonitorPoint@e042c99 

2023-10-26 11:41:46,588 INFO Load rule from local,pointName=ConfigListen, ruleContent= 

2023-10-26 11:41:46,589 INFO Apply tps control rule parse start,pointName=[ConfigListen]  

2023-10-26 11:41:46,589 INFO Clear point  control rule ,pointName=[ConfigListen]  

2023-10-26 11:41:46,589 INFO Clear point  control rule for monitorKeys, pointName=[ConfigListen]  

2023-10-26 11:41:46,590 INFO Register tps control,pointName=ConfigRemove, point=com.alibaba.nacos.core.remote.control.TpsMonitorPoint@3f702946 

2023-10-26 11:41:46,590 INFO Load rule from local,pointName=ConfigRemove, ruleContent= 

2023-10-26 11:41:46,590 INFO Apply tps control rule parse start,pointName=[ConfigRemove]  

2023-10-26 11:41:46,591 INFO Clear point  control rule ,pointName=[ConfigRemove]  

2023-10-26 11:41:46,591 INFO Clear point  control rule for monitorKeys, pointName=[ConfigRemove]  

2023-10-26 11:41:46,591 INFO Register tps control,pointName=ConfigPublish, point=com.alibaba.nacos.core.remote.control.TpsMonitorPoint@42b6d0cc 

2023-10-26 11:41:46,592 INFO Load rule from local,pointName=ConfigPublish, ruleContent= 

2023-10-26 11:41:46,592 INFO Apply tps control rule parse start,pointName=[ConfigPublish]  

2023-10-26 11:41:46,592 INFO Clear point  control rule ,pointName=[ConfigPublish]  

2023-10-26 11:41:46,592 INFO Clear point  control rule for monitorKeys, pointName=[ConfigPublish]  

2023-10-26 11:41:46,593 INFO Register tps control,pointName=HealthCheck, point=com.alibaba.nacos.core.remote.control.TpsMonitorPoint@1000d54d 

2023-10-26 11:41:46,593 INFO Load rule from local,pointName=HealthCheck, ruleContent= 

2023-10-26 11:41:46,593 INFO Apply tps control rule parse start,pointName=[HealthCheck]  

2023-10-26 11:41:46,593 INFO Clear point  control rule ,pointName=[HealthCheck]  

2023-10-26 11:41:46,593 INFO Clear point  control rule for monitorKeys, pointName=[HealthCheck]  

2023-10-26 11:48:19,186 INFO Register tps control,pointName=CONFIG_PUSH_COUNT, point=com.alibaba.nacos.core.remote.control.TpsMonitorPoint@287f7811 

2023-10-26 11:48:19,187 INFO Load rule from local,pointName=CONFIG_PUSH_COUNT, ruleContent= 

2023-10-26 11:48:19,187 INFO Apply tps control rule parse start,pointName=[CONFIG_PUSH_COUNT]  

2023-10-26 11:48:19,187 INFO Clear point  control rule ,pointName=[CONFIG_PUSH_COUNT]  

2023-10-26 11:48:19,188 INFO Clear point  control rule for monitorKeys, pointName=[CONFIG_PUSH_COUNT]  

2023-10-26 11:48:19,188 INFO Register tps control,pointName=CONFIG_PUSH_SUCCESS, point=com.alibaba.nacos.core.remote.control.TpsMonitorPoint@451f87af 

2023-10-26 11:48:19,189 INFO Load rule from local,pointName=CONFIG_PUSH_SUCCESS, ruleContent= 

2023-10-26 11:48:19,189 INFO Apply tps control rule parse start,pointName=[CONFIG_PUSH_SUCCESS]  

2023-10-26 11:48:19,190 INFO Clear point  control rule ,pointName=[CONFIG_PUSH_SUCCESS]  

2023-10-26 11:48:19,190 INFO Clear point  control rule for monitorKeys, pointName=[CONFIG_PUSH_SUCCESS]  

2023-10-26 11:48:19,190 INFO Register tps control,pointName=CONFIG_PUSH_FAIL, point=com.alibaba.nacos.core.remote.control.TpsMonitorPoint@2b556bb2 

2023-10-26 11:48:19,191 INFO Load rule from local,pointName=CONFIG_PUSH_FAIL, ruleContent= 

2023-10-26 11:48:19,191 INFO Apply tps control rule parse start,pointName=[CONFIG_PUSH_FAIL]  

2023-10-26 11:48:19,191 INFO Clear point  control rule ,pointName=[CONFIG_PUSH_FAIL]  

2023-10-26 11:48:19,191 INFO Clear point  control rule for monitorKeys, pointName=[CONFIG_PUSH_FAIL]  

2023-10-26 11:48:22,722 INFO Register tps control,pointName=ConfigQuery, point=com.alibaba.nacos.core.remote.control.TpsMonitorPoint@3727f0ee 

2023-10-26 11:48:22,723 INFO Load rule from local,pointName=ConfigQuery, ruleContent= 

2023-10-26 11:48:22,723 INFO Apply tps control rule parse start,pointName=[ConfigQuery]  

2023-10-26 11:48:22,724 INFO Clear point  control rule ,pointName=[ConfigQuery]  

2023-10-26 11:48:22,724 INFO Clear point  control rule for monitorKeys, pointName=[ConfigQuery]  

2023-10-26 11:48:22,725 INFO Register tps control,pointName=ClusterConfigChangeNotify, point=com.alibaba.nacos.core.remote.control.TpsMonitorPoint@5c448433 

2023-10-26 11:48:22,725 INFO Load rule from local,pointName=ClusterConfigChangeNotify, ruleContent= 

2023-10-26 11:48:22,725 INFO Apply tps control rule parse start,pointName=[ClusterConfigChangeNotify]  

2023-10-26 11:48:22,726 INFO Clear point  control rule ,pointName=[ClusterConfigChangeNotify]  

2023-10-26 11:48:22,726 INFO Clear point  control rule for monitorKeys, pointName=[ClusterConfigChangeNotify]  

2023-10-26 11:48:22,726 INFO Register tps control,pointName=ConfigListen, point=com.alibaba.nacos.core.remote.control.TpsMonitorPoint@fb713e7 

2023-10-26 11:48:22,727 INFO Load rule from local,pointName=ConfigListen, ruleContent= 

2023-10-26 11:48:22,727 INFO Apply tps control rule parse start,pointName=[ConfigListen]  

2023-10-26 11:48:22,728 INFO Clear point  control rule ,pointName=[ConfigListen]  

2023-10-26 11:48:22,728 INFO Clear point  control rule for monitorKeys, pointName=[ConfigListen]  

2023-10-26 11:48:22,728 INFO Register tps control,pointName=ConfigRemove, point=com.alibaba.nacos.core.remote.control.TpsMonitorPoint@1b5c3e5f 

2023-10-26 11:48:22,729 INFO Load rule from local,pointName=ConfigRemove, ruleContent= 

2023-10-26 11:48:22,729 INFO Apply tps control rule parse start,pointName=[ConfigRemove]  

2023-10-26 11:48:22,730 INFO Clear point  control rule ,pointName=[ConfigRemove]  

2023-10-26 11:48:22,730 INFO Clear point  control rule for monitorKeys, pointName=[ConfigRemove]  

2023-10-26 11:48:22,730 INFO Register tps control,pointName=ConfigPublish, point=com.alibaba.nacos.core.remote.control.TpsMonitorPoint@13741d5a 

2023-10-26 11:48:22,731 INFO Load rule from local,pointName=ConfigPublish, ruleContent= 

2023-10-26 11:48:22,731 INFO Apply tps control rule parse start,pointName=[ConfigPublish]  

2023-10-26 11:48:22,731 INFO Clear point  control rule ,pointName=[ConfigPublish]  

2023-10-26 11:48:22,731 INFO Clear point  control rule for monitorKeys, pointName=[ConfigPublish]  

2023-10-26 11:48:22,732 INFO Register tps control,pointName=HealthCheck, point=com.alibaba.nacos.core.remote.control.TpsMonitorPoint@6b69761b 

2023-10-26 11:48:22,732 INFO Load rule from local,pointName=HealthCheck, ruleContent= 

2023-10-26 11:48:22,732 INFO Apply tps control rule parse start,pointName=[HealthCheck]  

2023-10-26 11:48:22,732 INFO Clear point  control rule ,pointName=[HealthCheck]  

2023-10-26 11:48:22,732 INFO Clear point  control rule for monitorKeys, pointName=[HealthCheck]  

2023-10-26 14:49:10,138 INFO Register tps control,pointName=NAMING_RPC_PUSH, point=com.alibaba.nacos.core.remote.control.TpsMonitorPoint@76a0d025 

2023-10-26 14:49:10,140 INFO Load rule from local,pointName=NAMING_RPC_PUSH, ruleContent= 

2023-10-26 14:49:10,140 INFO Apply tps control rule parse start,pointName=[NAMING_RPC_PUSH]  

2023-10-26 14:49:10,141 INFO Clear point  control rule ,pointName=[NAMING_RPC_PUSH]  

2023-10-26 14:49:10,141 INFO Clear point  control rule for monitorKeys, pointName=[NAMING_RPC_PUSH]  

2023-10-26 14:49:10,142 INFO Register tps control,pointName=NAMING_RPC_PUSH_SUCCESS, point=com.alibaba.nacos.core.remote.control.TpsMonitorPoint@39863f0c 

2023-10-26 14:49:10,143 INFO Load rule from local,pointName=NAMING_RPC_PUSH_SUCCESS, ruleContent= 

2023-10-26 14:49:10,143 INFO Apply tps control rule parse start,pointName=[NAMING_RPC_PUSH_SUCCESS]  

2023-10-26 14:49:10,144 INFO Clear point  control rule ,pointName=[NAMING_RPC_PUSH_SUCCESS]  

2023-10-26 14:49:10,146 INFO Clear point  control rule for monitorKeys, pointName=[NAMING_RPC_PUSH_SUCCESS]  

2023-10-26 14:49:10,147 INFO Register tps control,pointName=NAMING_RPC_PUSH_FAIL, point=com.alibaba.nacos.core.remote.control.TpsMonitorPoint@5b5e7b46 

2023-10-26 14:49:10,147 INFO Load rule from local,pointName=NAMING_RPC_PUSH_FAIL, ruleContent= 

2023-10-26 14:49:10,148 INFO Apply tps control rule parse start,pointName=[NAMING_RPC_PUSH_FAIL]  

2023-10-26 14:49:10,148 INFO Clear point  control rule ,pointName=[NAMING_RPC_PUSH_FAIL]  

2023-10-26 14:49:10,148 INFO Clear point  control rule for monitorKeys, pointName=[NAMING_RPC_PUSH_FAIL]  

2023-10-26 14:49:10,149 INFO Register tps control,pointName=NAMING_UDP_PUSH, point=com.alibaba.nacos.core.remote.control.TpsMonitorPoint@4193ca0e 

2023-10-26 14:49:10,149 INFO Load rule from local,pointName=NAMING_UDP_PUSH, ruleContent= 

2023-10-26 14:49:10,150 INFO Apply tps control rule parse start,pointName=[NAMING_UDP_PUSH]  

2023-10-26 14:49:10,150 INFO Clear point  control rule ,pointName=[NAMING_UDP_PUSH]  

2023-10-26 14:49:10,151 INFO Clear point  control rule for monitorKeys, pointName=[NAMING_UDP_PUSH]  

2023-10-26 14:49:10,151 INFO Register tps control,pointName=NAMING_UDP_PUSH_SUCCESS, point=com.alibaba.nacos.core.remote.control.TpsMonitorPoint@31c20be1 

2023-10-26 14:49:10,152 INFO Load rule from local,pointName=NAMING_UDP_PUSH_SUCCESS, ruleContent= 

2023-10-26 14:49:10,152 INFO Apply tps control rule parse start,pointName=[NAMING_UDP_PUSH_SUCCESS]  

2023-10-26 14:49:10,153 INFO Clear point  control rule ,pointName=[NAMING_UDP_PUSH_SUCCESS]  

2023-10-26 14:49:10,153 INFO Clear point  control rule for monitorKeys, pointName=[NAMING_UDP_PUSH_SUCCESS]  

2023-10-26 14:49:10,153 INFO Register tps control,pointName=NAMING_UDP_PUSH_FAIL, point=com.alibaba.nacos.core.remote.control.TpsMonitorPoint@39343c8a 

2023-10-26 14:49:10,155 INFO Load rule from local,pointName=NAMING_UDP_PUSH_FAIL, ruleContent= 

2023-10-26 14:49:10,156 INFO Apply tps control rule parse start,pointName=[NAMING_UDP_PUSH_FAIL]  

2023-10-26 14:49:10,157 INFO Clear point  control rule ,pointName=[NAMING_UDP_PUSH_FAIL]  

2023-10-26 14:49:10,157 INFO Clear point  control rule for monitorKeys, pointName=[NAMING_UDP_PUSH_FAIL]  

2023-10-26 14:49:10,158 INFO Register tps control,pointName=NAMING_DISTRO_SYNC, point=com.alibaba.nacos.core.remote.control.TpsMonitorPoint@1198f4a1 

2023-10-26 14:49:10,159 INFO Load rule from local,pointName=NAMING_DISTRO_SYNC, ruleContent= 

2023-10-26 14:49:10,159 INFO Apply tps control rule parse start,pointName=[NAMING_DISTRO_SYNC]  

2023-10-26 14:49:10,160 INFO Clear point  control rule ,pointName=[NAMING_DISTRO_SYNC]  

2023-10-26 14:49:10,160 INFO Clear point  control rule for monitorKeys, pointName=[NAMING_DISTRO_SYNC]  

2023-10-26 14:49:10,161 INFO Register tps control,pointName=NAMING_DISTRO_SYNC_SUCCESS, point=com.alibaba.nacos.core.remote.control.TpsMonitorPoint@4e048f26 

2023-10-26 14:49:10,161 INFO Load rule from local,pointName=NAMING_DISTRO_SYNC_SUCCESS, ruleContent= 

2023-10-26 14:49:10,162 INFO Apply tps control rule parse start,pointName=[NAMING_DISTRO_SYNC_SUCCESS]  

2023-10-26 14:49:10,162 INFO Clear point  control rule ,pointName=[NAMING_DISTRO_SYNC_SUCCESS]  

2023-10-26 14:49:10,163 INFO Clear point  control rule for monitorKeys, pointName=[NAMING_DISTRO_SYNC_SUCCESS]  

2023-10-26 14:49:10,163 INFO Register tps control,pointName=NAMING_DISTRO_SYNC_FAIL, point=com.alibaba.nacos.core.remote.control.TpsMonitorPoint@6f381804 

2023-10-26 14:49:10,163 INFO Load rule from local,pointName=NAMING_DISTRO_SYNC_FAIL, ruleContent= 

2023-10-26 14:49:10,164 INFO Apply tps control rule parse start,pointName=[NAMING_DISTRO_SYNC_FAIL]  

2023-10-26 14:49:10,164 INFO Clear point  control rule ,pointName=[NAMING_DISTRO_SYNC_FAIL]  

2023-10-26 14:49:10,165 INFO Clear point  control rule for monitorKeys, pointName=[NAMING_DISTRO_SYNC_FAIL]  

2023-10-26 14:49:10,165 INFO Register tps control,pointName=NAMING_DISTRO_VERIFY, point=com.alibaba.nacos.core.remote.control.TpsMonitorPoint@7770b905 

2023-10-26 14:49:10,166 INFO Load rule from local,pointName=NAMING_DISTRO_VERIFY, ruleContent= 

2023-10-26 14:49:10,166 INFO Apply tps control rule parse start,pointName=[NAMING_DISTRO_VERIFY]  

2023-10-26 14:49:10,166 INFO Clear point  control rule ,pointName=[NAMING_DISTRO_VERIFY]  

2023-10-26 14:49:10,167 INFO Clear point  control rule for monitorKeys, pointName=[NAMING_DISTRO_VERIFY]  

2023-10-26 14:49:10,167 INFO Register tps control,pointName=NAMING_DISTRO_VERIFY_SUCCESS, point=com.alibaba.nacos.core.remote.control.TpsMonitorPoint@219b76b6 

2023-10-26 14:49:10,168 INFO Load rule from local,pointName=NAMING_DISTRO_VERIFY_SUCCESS, ruleContent= 

2023-10-26 14:49:10,169 INFO Apply tps control rule parse start,pointName=[NAMING_DISTRO_VERIFY_SUCCESS]  

2023-10-26 14:49:10,169 INFO Clear point  control rule ,pointName=[NAMING_DISTRO_VERIFY_SUCCESS]  

2023-10-26 14:49:10,169 INFO Clear point  control rule for monitorKeys, pointName=[NAMING_DISTRO_VERIFY_SUCCESS]  

2023-10-26 14:49:10,170 INFO Register tps control,pointName=NAMING_DISTRO_VERIFY_FAIL, point=com.alibaba.nacos.core.remote.control.TpsMonitorPoint@4b8ca01c 

2023-10-26 14:49:10,170 INFO Load rule from local,pointName=NAMING_DISTRO_VERIFY_FAIL, ruleContent= 

2023-10-26 14:49:10,171 INFO Apply tps control rule parse start,pointName=[NAMING_DISTRO_VERIFY_FAIL]  

2023-10-26 14:49:10,171 INFO Clear point  control rule ,pointName=[NAMING_DISTRO_VERIFY_FAIL]  

2023-10-26 14:49:10,174 INFO Clear point  control rule for monitorKeys, pointName=[NAMING_DISTRO_VERIFY_FAIL]  

2023-10-26 14:59:56,447 INFO Register tps control,pointName=CONFIG_PUSH_COUNT, point=com.alibaba.nacos.core.remote.control.TpsMonitorPoint@3051e0b2 

2023-10-26 14:59:56,508 INFO Load rule from local,pointName=CONFIG_PUSH_COUNT, ruleContent= 

2023-10-26 14:59:56,509 INFO Apply tps control rule parse start,pointName=[CONFIG_PUSH_COUNT]  

2023-10-26 14:59:56,510 INFO Clear point  control rule ,pointName=[CONFIG_PUSH_COUNT]  

2023-10-26 14:59:56,510 INFO Clear point  control rule for monitorKeys, pointName=[CONFIG_PUSH_COUNT]  

2023-10-26 14:59:56,511 INFO Register tps control,pointName=CONFIG_PUSH_SUCCESS, point=com.alibaba.nacos.core.remote.control.TpsMonitorPoint@1f52eb6f 

2023-10-26 14:59:56,511 INFO Load rule from local,pointName=CONFIG_PUSH_SUCCESS, ruleContent= 

2023-10-26 14:59:56,513 INFO Apply tps control rule parse start,pointName=[CONFIG_PUSH_SUCCESS]  

2023-10-26 14:59:56,514 INFO Clear point  control rule ,pointName=[CONFIG_PUSH_SUCCESS]  

2023-10-26 14:59:56,514 INFO Clear point  control rule for monitorKeys, pointName=[CONFIG_PUSH_SUCCESS]  

2023-10-26 14:59:56,514 INFO Register tps control,pointName=CONFIG_PUSH_FAIL, point=com.alibaba.nacos.core.remote.control.TpsMonitorPoint@57d0fc89 

2023-10-26 14:59:56,515 INFO Load rule from local,pointName=CONFIG_PUSH_FAIL, ruleContent= 

2023-10-26 14:59:56,515 INFO Apply tps control rule parse start,pointName=[CONFIG_PUSH_FAIL]  

2023-10-26 14:59:56,516 INFO Clear point  control rule ,pointName=[CONFIG_PUSH_FAIL]  

2023-10-26 14:59:56,517 INFO Clear point  control rule for monitorKeys, pointName=[CONFIG_PUSH_FAIL]  

2023-10-26 15:00:12,914 INFO Register tps control,pointName=ConfigQuery, point=com.alibaba.nacos.core.remote.control.TpsMonitorPoint@6c6333cd 

2023-10-26 15:00:12,918 INFO Load rule from local,pointName=ConfigQuery, ruleContent= 

2023-10-26 15:00:12,919 INFO Apply tps control rule parse start,pointName=[ConfigQuery]  

2023-10-26 15:00:12,919 INFO Clear point  control rule ,pointName=[ConfigQuery]  

2023-10-26 15:00:12,920 INFO Clear point  control rule for monitorKeys, pointName=[ConfigQuery]  

2023-10-26 15:00:12,931 INFO Register tps control,pointName=ClusterConfigChangeNotify, point=com.alibaba.nacos.core.remote.control.TpsMonitorPoint@3e47a03 

2023-10-26 15:00:12,932 INFO Load rule from local,pointName=ClusterConfigChangeNotify, ruleContent= 

2023-10-26 15:00:12,935 INFO Apply tps control rule parse start,pointName=[ClusterConfigChangeNotify]  

2023-10-26 15:00:12,938 INFO Clear point  control rule ,pointName=[ClusterConfigChangeNotify]  

2023-10-26 15:00:12,939 INFO Clear point  control rule for monitorKeys, pointName=[ClusterConfigChangeNotify]  

2023-10-26 15:00:12,939 INFO Register tps control,pointName=ConfigListen, point=com.alibaba.nacos.core.remote.control.TpsMonitorPoint@7d9ba6c 

2023-10-26 15:00:12,945 INFO Load rule from local,pointName=ConfigListen, ruleContent= 

2023-10-26 15:00:12,948 INFO Apply tps control rule parse start,pointName=[ConfigListen]  

2023-10-26 15:00:12,950 INFO Clear point  control rule ,pointName=[ConfigListen]  

2023-10-26 15:00:12,951 INFO Clear point  control rule for monitorKeys, pointName=[ConfigListen]  

2023-10-26 15:00:12,951 INFO Register tps control,pointName=ConfigRemove, point=com.alibaba.nacos.core.remote.control.TpsMonitorPoint@8deb645 

2023-10-26 15:00:12,952 INFO Load rule from local,pointName=ConfigRemove, ruleContent= 

2023-10-26 15:00:12,954 INFO Apply tps control rule parse start,pointName=[ConfigRemove]  

2023-10-26 15:00:12,954 INFO Clear point  control rule ,pointName=[ConfigRemove]  

2023-10-26 15:00:12,955 INFO Clear point  control rule for monitorKeys, pointName=[ConfigRemove]  

2023-10-26 15:00:12,956 INFO Register tps control,pointName=ConfigPublish, point=com.alibaba.nacos.core.remote.control.TpsMonitorPoint@7dd611c8 

2023-10-26 15:00:12,957 INFO Load rule from local,pointName=ConfigPublish, ruleContent= 

2023-10-26 15:00:12,957 INFO Apply tps control rule parse start,pointName=[ConfigPublish]  

2023-10-26 15:00:12,958 INFO Clear point  control rule ,pointName=[ConfigPublish]  

2023-10-26 15:00:12,958 INFO Clear point  control rule for monitorKeys, pointName=[ConfigPublish]  

2023-10-26 15:00:12,959 INFO Register tps control,pointName=HealthCheck, point=com.alibaba.nacos.core.remote.control.TpsMonitorPoint@5d425813 

2023-10-26 15:00:12,959 INFO Load rule from local,pointName=HealthCheck, ruleContent= 

2023-10-26 15:00:12,960 INFO Apply tps control rule parse start,pointName=[HealthCheck]  

2023-10-26 15:00:12,964 INFO Clear point  control rule ,pointName=[HealthCheck]  

2023-10-26 15:00:12,971 INFO Clear point  control rule for monitorKeys, pointName=[HealthCheck]  

2023-10-26 15:00:17,388 INFO Register tps control,pointName=NAMING_RPC_PUSH, point=com.alibaba.nacos.core.remote.control.TpsMonitorPoint@2d705b90 

2023-10-26 15:00:17,403 INFO Load rule from local,pointName=NAMING_RPC_PUSH, ruleContent= 

2023-10-26 15:00:17,405 INFO Apply tps control rule parse start,pointName=[NAMING_RPC_PUSH]  

2023-10-26 15:00:17,414 INFO Clear point  control rule ,pointName=[NAMING_RPC_PUSH]  

2023-10-26 15:00:17,417 INFO Clear point  control rule for monitorKeys, pointName=[NAMING_RPC_PUSH]  

2023-10-26 15:00:17,423 INFO Register tps control,pointName=NAMING_RPC_PUSH_SUCCESS, point=com.alibaba.nacos.core.remote.control.TpsMonitorPoint@415b03f0 

2023-10-26 15:00:17,431 INFO Load rule from local,pointName=NAMING_RPC_PUSH_SUCCESS, ruleContent= 

2023-10-26 15:00:17,431 INFO Apply tps control rule parse start,pointName=[NAMING_RPC_PUSH_SUCCESS]  

2023-10-26 15:00:17,431 INFO Clear point  control rule ,pointName=[NAMING_RPC_PUSH_SUCCESS]  

2023-10-26 15:00:17,432 INFO Clear point  control rule for monitorKeys, pointName=[NAMING_RPC_PUSH_SUCCESS]  

2023-10-26 15:00:17,432 INFO Register tps control,pointName=NAMING_RPC_PUSH_FAIL, point=com.alibaba.nacos.core.remote.control.TpsMonitorPoint@1542c50 

2023-10-26 15:00:17,432 INFO Load rule from local,pointName=NAMING_RPC_PUSH_FAIL, ruleContent= 

2023-10-26 15:00:17,433 INFO Apply tps control rule parse start,pointName=[NAMING_RPC_PUSH_FAIL]  

2023-10-26 15:00:17,433 INFO Clear point  control rule ,pointName=[NAMING_RPC_PUSH_FAIL]  

2023-10-26 15:00:17,433 INFO Clear point  control rule for monitorKeys, pointName=[NAMING_RPC_PUSH_FAIL]  

2023-10-26 15:00:17,433 INFO Register tps control,pointName=NAMING_UDP_PUSH, point=com.alibaba.nacos.core.remote.control.TpsMonitorPoint@40260863 

2023-10-26 15:00:17,434 INFO Load rule from local,pointName=NAMING_UDP_PUSH, ruleContent= 

2023-10-26 15:00:17,434 INFO Apply tps control rule parse start,pointName=[NAMING_UDP_PUSH]  

2023-10-26 15:00:17,436 INFO Clear point  control rule ,pointName=[NAMING_UDP_PUSH]  

2023-10-26 15:00:17,437 INFO Clear point  control rule for monitorKeys, pointName=[NAMING_UDP_PUSH]  

2023-10-26 15:00:17,438 INFO Register tps control,pointName=NAMING_UDP_PUSH_SUCCESS, point=com.alibaba.nacos.core.remote.control.TpsMonitorPoint@6f25772c 

2023-10-26 15:00:17,438 INFO Load rule from local,pointName=NAMING_UDP_PUSH_SUCCESS, ruleContent= 

2023-10-26 15:00:17,439 INFO Apply tps control rule parse start,pointName=[NAMING_UDP_PUSH_SUCCESS]  

2023-10-26 15:00:17,439 INFO Clear point  control rule ,pointName=[NAMING_UDP_PUSH_SUCCESS]  

2023-10-26 15:00:17,440 INFO Clear point  control rule for monitorKeys, pointName=[NAMING_UDP_PUSH_SUCCESS]  

2023-10-26 15:00:17,440 INFO Register tps control,pointName=NAMING_UDP_PUSH_FAIL, point=com.alibaba.nacos.core.remote.control.TpsMonitorPoint@7678adbb 

2023-10-26 15:00:17,441 INFO Load rule from local,pointName=NAMING_UDP_PUSH_FAIL, ruleContent= 

2023-10-26 15:00:17,441 INFO Apply tps control rule parse start,pointName=[NAMING_UDP_PUSH_FAIL]  

2023-10-26 15:00:17,442 INFO Clear point  control rule ,pointName=[NAMING_UDP_PUSH_FAIL]  

2023-10-26 15:00:17,442 INFO Clear point  control rule for monitorKeys, pointName=[NAMING_UDP_PUSH_FAIL]  

2023-10-26 15:00:17,443 INFO Register tps control,pointName=NAMING_DISTRO_SYNC, point=com.alibaba.nacos.core.remote.control.TpsMonitorPoint@566e2988 

2023-10-26 15:00:17,443 INFO Load rule from local,pointName=NAMING_DISTRO_SYNC, ruleContent= 

2023-10-26 15:00:17,444 INFO Apply tps control rule parse start,pointName=[NAMING_DISTRO_SYNC]  

2023-10-26 15:00:17,444 INFO Clear point  control rule ,pointName=[NAMING_DISTRO_SYNC]  

2023-10-26 15:00:17,444 INFO Clear point  control rule for monitorKeys, pointName=[NAMING_DISTRO_SYNC]  

2023-10-26 15:00:17,445 INFO Register tps control,pointName=NAMING_DISTRO_SYNC_SUCCESS, point=com.alibaba.nacos.core.remote.control.TpsMonitorPoint@267b4636 

2023-10-26 15:00:17,445 INFO Load rule from local,pointName=NAMING_DISTRO_SYNC_SUCCESS, ruleContent= 

2023-10-26 15:00:17,446 INFO Apply tps control rule parse start,pointName=[NAMING_DISTRO_SYNC_SUCCESS]  

2023-10-26 15:00:17,446 INFO Clear point  control rule ,pointName=[NAMING_DISTRO_SYNC_SUCCESS]  

2023-10-26 15:00:17,446 INFO Clear point  control rule for monitorKeys, pointName=[NAMING_DISTRO_SYNC_SUCCESS]  

2023-10-26 15:00:17,447 INFO Register tps control,pointName=NAMING_DISTRO_SYNC_FAIL, point=com.alibaba.nacos.core.remote.control.TpsMonitorPoint@6223d9c2 

2023-10-26 15:00:17,447 INFO Load rule from local,pointName=NAMING_DISTRO_SYNC_FAIL, ruleContent= 

2023-10-26 15:00:17,448 INFO Apply tps control rule parse start,pointName=[NAMING_DISTRO_SYNC_FAIL]  

2023-10-26 15:00:17,448 INFO Clear point  control rule ,pointName=[NAMING_DISTRO_SYNC_FAIL]  

2023-10-26 15:00:17,448 INFO Clear point  control rule for monitorKeys, pointName=[NAMING_DISTRO_SYNC_FAIL]  

2023-10-26 15:00:17,449 INFO Register tps control,pointName=NAMING_DISTRO_VERIFY, point=com.alibaba.nacos.core.remote.control.TpsMonitorPoint@5105b548 

2023-10-26 15:00:17,449 INFO Load rule from local,pointName=NAMING_DISTRO_VERIFY, ruleContent= 

2023-10-26 15:00:17,450 INFO Apply tps control rule parse start,pointName=[NAMING_DISTRO_VERIFY]  

2023-10-26 15:00:17,450 INFO Clear point  control rule ,pointName=[NAMING_DISTRO_VERIFY]  

2023-10-26 15:00:17,450 INFO Clear point  control rule for monitorKeys, pointName=[NAMING_DISTRO_VERIFY]  

2023-10-26 15:00:17,451 INFO Register tps control,pointName=NAMING_DISTRO_VERIFY_SUCCESS, point=com.alibaba.nacos.core.remote.control.TpsMonitorPoint@7680f489 

2023-10-26 15:00:17,452 INFO Load rule from local,pointName=NAMING_DISTRO_VERIFY_SUCCESS, ruleContent= 

2023-10-26 15:00:17,452 INFO Apply tps control rule parse start,pointName=[NAMING_DISTRO_VERIFY_SUCCESS]  

2023-10-26 15:00:17,452 INFO Clear point  control rule ,pointName=[NAMING_DISTRO_VERIFY_SUCCESS]  

2023-10-26 15:00:17,453 INFO Clear point  control rule for monitorKeys, pointName=[NAMING_DISTRO_VERIFY_SUCCESS]  

2023-10-26 15:00:17,453 INFO Register tps control,pointName=NAMING_DISTRO_VERIFY_FAIL, point=com.alibaba.nacos.core.remote.control.TpsMonitorPoint@ab65699 

2023-10-26 15:00:17,465 INFO Load rule from local,pointName=NAMING_DISTRO_VERIFY_FAIL, ruleContent= 

2023-10-26 15:00:17,465 INFO Apply tps control rule parse start,pointName=[NAMING_DISTRO_VERIFY_FAIL]  

2023-10-26 15:00:17,465 INFO Clear point  control rule ,pointName=[NAMING_DISTRO_VERIFY_FAIL]  

2023-10-26 15:00:17,466 INFO Clear point  control rule for monitorKeys, pointName=[NAMING_DISTRO_VERIFY_FAIL]  

2023-10-26 15:10:25,031 INFO Register tps control,pointName=CONFIG_PUSH_COUNT, point=com.alibaba.nacos.core.remote.control.TpsMonitorPoint@377008df 

2023-10-26 15:10:25,033 INFO Load rule from local,pointName=CONFIG_PUSH_COUNT, ruleContent= 

2023-10-26 15:10:25,034 INFO Apply tps control rule parse start,pointName=[CONFIG_PUSH_COUNT]  

2023-10-26 15:10:25,034 INFO Clear point  control rule ,pointName=[CONFIG_PUSH_COUNT]  

2023-10-26 15:10:25,035 INFO Clear point  control rule for monitorKeys, pointName=[CONFIG_PUSH_COUNT]  

2023-10-26 15:10:25,035 INFO Register tps control,pointName=CONFIG_PUSH_SUCCESS, point=com.alibaba.nacos.core.remote.control.TpsMonitorPoint@540dbda9 

2023-10-26 15:10:25,036 INFO Load rule from local,pointName=CONFIG_PUSH_SUCCESS, ruleContent= 

2023-10-26 15:10:25,036 INFO Apply tps control rule parse start,pointName=[CONFIG_PUSH_SUCCESS]  

2023-10-26 15:10:25,036 INFO Clear point  control rule ,pointName=[CONFIG_PUSH_SUCCESS]  

2023-10-26 15:10:25,036 INFO Clear point  control rule for monitorKeys, pointName=[CONFIG_PUSH_SUCCESS]  

2023-10-26 15:10:25,037 INFO Register tps control,pointName=CONFIG_PUSH_FAIL, point=com.alibaba.nacos.core.remote.control.TpsMonitorPoint@22bb5646 

2023-10-26 15:10:25,037 INFO Load rule from local,pointName=CONFIG_PUSH_FAIL, ruleContent= 

2023-10-26 15:10:25,037 INFO Apply tps control rule parse start,pointName=[CONFIG_PUSH_FAIL]  

2023-10-26 15:10:25,037 INFO Clear point  control rule ,pointName=[CONFIG_PUSH_FAIL]  

2023-10-26 15:10:25,037 INFO Clear point  control rule for monitorKeys, pointName=[CONFIG_PUSH_FAIL]  

2023-10-26 15:10:28,907 INFO Register tps control,pointName=ConfigQuery, point=com.alibaba.nacos.core.remote.control.TpsMonitorPoint@1a2909ae 

2023-10-26 15:10:28,908 INFO Load rule from local,pointName=ConfigQuery, ruleContent= 

2023-10-26 15:10:28,909 INFO Apply tps control rule parse start,pointName=[ConfigQuery]  

2023-10-26 15:10:28,910 INFO Clear point  control rule ,pointName=[ConfigQuery]  

2023-10-26 15:10:28,910 INFO Clear point  control rule for monitorKeys, pointName=[ConfigQuery]  

2023-10-26 15:10:28,911 INFO Register tps control,pointName=ClusterConfigChangeNotify, point=com.alibaba.nacos.core.remote.control.TpsMonitorPoint@e042c99 

2023-10-26 15:10:28,912 INFO Load rule from local,pointName=ClusterConfigChangeNotify, ruleContent= 

2023-10-26 15:10:28,913 INFO Apply tps control rule parse start,pointName=[ClusterConfigChangeNotify]  

2023-10-26 15:10:28,913 INFO Clear point  control rule ,pointName=[ClusterConfigChangeNotify]  

2023-10-26 15:10:28,914 INFO Clear point  control rule for monitorKeys, pointName=[ClusterConfigChangeNotify]  

2023-10-26 15:10:28,914 INFO Register tps control,pointName=ConfigListen, point=com.alibaba.nacos.core.remote.control.TpsMonitorPoint@3f702946 

2023-10-26 15:10:28,915 INFO Load rule from local,pointName=ConfigListen, ruleContent= 

2023-10-26 15:10:28,915 INFO Apply tps control rule parse start,pointName=[ConfigListen]  

2023-10-26 15:10:28,915 INFO Clear point  control rule ,pointName=[ConfigListen]  

2023-10-26 15:10:28,916 INFO Clear point  control rule for monitorKeys, pointName=[ConfigListen]  

2023-10-26 15:10:28,916 INFO Register tps control,pointName=ConfigRemove, point=com.alibaba.nacos.core.remote.control.TpsMonitorPoint@42b6d0cc 

2023-10-26 15:10:28,917 INFO Load rule from local,pointName=ConfigRemove, ruleContent= 

2023-10-26 15:10:28,917 INFO Apply tps control rule parse start,pointName=[ConfigRemove]  

2023-10-26 15:10:28,918 INFO Clear point  control rule ,pointName=[ConfigRemove]  

2023-10-26 15:10:28,918 INFO Clear point  control rule for monitorKeys, pointName=[ConfigRemove]  

2023-10-26 15:10:28,919 INFO Register tps control,pointName=ConfigPublish, point=com.alibaba.nacos.core.remote.control.TpsMonitorPoint@1000d54d 

2023-10-26 15:10:28,919 INFO Load rule from local,pointName=ConfigPublish, ruleContent= 

2023-10-26 15:10:28,919 INFO Apply tps control rule parse start,pointName=[ConfigPublish]  

2023-10-26 15:10:28,919 INFO Clear point  control rule ,pointName=[ConfigPublish]  

2023-10-26 15:10:28,920 INFO Clear point  control rule for monitorKeys, pointName=[ConfigPublish]  

2023-10-26 15:10:28,920 INFO Register tps control,pointName=HealthCheck, point=com.alibaba.nacos.core.remote.control.TpsMonitorPoint@3f4f5330 

2023-10-26 15:10:28,920 INFO Load rule from local,pointName=HealthCheck, ruleContent= 

2023-10-26 15:10:28,920 INFO Apply tps control rule parse start,pointName=[HealthCheck]  

2023-10-26 15:10:28,921 INFO Clear point  control rule ,pointName=[HealthCheck]  

2023-10-26 15:10:28,921 INFO Clear point  control rule for monitorKeys, pointName=[HealthCheck]  

2023-10-26 16:11:30,129 INFO Register tps control,pointName=CONFIG_PUSH_COUNT, point=com.alibaba.nacos.core.remote.control.TpsMonitorPoint@6e1d4137 

2023-10-26 16:11:30,131 INFO Load rule from local,pointName=CONFIG_PUSH_COUNT, ruleContent= 

2023-10-26 16:11:30,131 INFO Apply tps control rule parse start,pointName=[CONFIG_PUSH_COUNT]  

2023-10-26 16:11:30,131 INFO Clear point  control rule ,pointName=[CONFIG_PUSH_COUNT]  

2023-10-26 16:11:30,132 INFO Clear point  control rule for monitorKeys, pointName=[CONFIG_PUSH_COUNT]  

2023-10-26 16:11:30,132 INFO Register tps control,pointName=CONFIG_PUSH_SUCCESS, point=com.alibaba.nacos.core.remote.control.TpsMonitorPoint@256a1825 

2023-10-26 16:11:30,133 INFO Load rule from local,pointName=CONFIG_PUSH_SUCCESS, ruleContent= 

2023-10-26 16:11:30,133 INFO Apply tps control rule parse start,pointName=[CONFIG_PUSH_SUCCESS]  

2023-10-26 16:11:30,134 INFO Clear point  control rule ,pointName=[CONFIG_PUSH_SUCCESS]  

2023-10-26 16:11:30,134 INFO Clear point  control rule for monitorKeys, pointName=[CONFIG_PUSH_SUCCESS]  

2023-10-26 16:11:30,134 INFO Register tps control,pointName=CONFIG_PUSH_FAIL, point=com.alibaba.nacos.core.remote.control.TpsMonitorPoint@29a4f594 

2023-10-26 16:11:30,135 INFO Load rule from local,pointName=CONFIG_PUSH_FAIL, ruleContent= 

2023-10-26 16:11:30,135 INFO Apply tps control rule parse start,pointName=[CONFIG_PUSH_FAIL]  

2023-10-26 16:11:30,135 INFO Clear point  control rule ,pointName=[CONFIG_PUSH_FAIL]  

2023-10-26 16:11:30,135 INFO Clear point  control rule for monitorKeys, pointName=[CONFIG_PUSH_FAIL]  

2023-10-26 16:11:34,170 INFO Register tps control,pointName=ConfigQuery, point=com.alibaba.nacos.core.remote.control.TpsMonitorPoint@181e72d3 

2023-10-26 16:11:34,172 INFO Load rule from local,pointName=ConfigQuery, ruleContent= 

2023-10-26 16:11:34,173 INFO Apply tps control rule parse start,pointName=[ConfigQuery]  

2023-10-26 16:11:34,173 INFO Clear point  control rule ,pointName=[ConfigQuery]  

2023-10-26 16:11:34,174 INFO Clear point  control rule for monitorKeys, pointName=[ConfigQuery]  

2023-10-26 16:11:34,174 INFO Register tps control,pointName=ClusterConfigChangeNotify, point=com.alibaba.nacos.core.remote.control.TpsMonitorPoint@6ec7bce0 

2023-10-26 16:11:34,175 INFO Load rule from local,pointName=ClusterConfigChangeNotify, ruleContent= 

2023-10-26 16:11:34,176 INFO Apply tps control rule parse start,pointName=[ClusterConfigChangeNotify]  

2023-10-26 16:11:34,177 INFO Clear point  control rule ,pointName=[ClusterConfigChangeNotify]  

2023-10-26 16:11:34,177 INFO Clear point  control rule for monitorKeys, pointName=[ClusterConfigChangeNotify]  

2023-10-26 16:11:34,178 INFO Register tps control,pointName=ConfigListen, point=com.alibaba.nacos.core.remote.control.TpsMonitorPoint@2d272b0d 

2023-10-26 16:11:34,179 INFO Load rule from local,pointName=ConfigListen, ruleContent= 

2023-10-26 16:11:34,180 INFO Apply tps control rule parse start,pointName=[ConfigListen]  

2023-10-26 16:11:34,180 INFO Clear point  control rule ,pointName=[ConfigListen]  

2023-10-26 16:11:34,181 INFO Clear point  control rule for monitorKeys, pointName=[ConfigListen]  

2023-10-26 16:11:34,181 INFO Register tps control,pointName=ConfigRemove, point=com.alibaba.nacos.core.remote.control.TpsMonitorPoint@3727f0ee 

2023-10-26 16:11:34,182 INFO Load rule from local,pointName=ConfigRemove, ruleContent= 

2023-10-26 16:11:34,183 INFO Apply tps control rule parse start,pointName=[ConfigRemove]  

2023-10-26 16:11:34,183 INFO Clear point  control rule ,pointName=[ConfigRemove]  

2023-10-26 16:11:34,184 INFO Clear point  control rule for monitorKeys, pointName=[ConfigRemove]  

2023-10-26 16:11:34,184 INFO Register tps control,pointName=ConfigPublish, point=com.alibaba.nacos.core.remote.control.TpsMonitorPoint@5c448433 

2023-10-26 16:11:34,185 INFO Load rule from local,pointName=ConfigPublish, ruleContent= 

2023-10-26 16:11:34,185 INFO Apply tps control rule parse start,pointName=[ConfigPublish]  

2023-10-26 16:11:34,186 INFO Clear point  control rule ,pointName=[ConfigPublish]  

2023-10-26 16:11:34,187 INFO Clear point  control rule for monitorKeys, pointName=[ConfigPublish]  

2023-10-26 16:11:34,188 INFO Register tps control,pointName=HealthCheck, point=com.alibaba.nacos.core.remote.control.TpsMonitorPoint@fb713e7 

2023-10-26 16:11:34,189 INFO Load rule from local,pointName=HealthCheck, ruleContent= 

2023-10-26 16:11:34,190 INFO Apply tps control rule parse start,pointName=[HealthCheck]  

2023-10-26 16:11:34,190 INFO Clear point  control rule ,pointName=[HealthCheck]  

2023-10-26 16:11:34,190 INFO Clear point  control rule for monitorKeys, pointName=[HealthCheck]  

2023-10-26 16:31:05,775 INFO Register tps control,pointName=CONFIG_PUSH_COUNT, point=com.alibaba.nacos.core.remote.control.TpsMonitorPoint@67c277a0 

2023-10-26 16:31:05,776 INFO Load rule from local,pointName=CONFIG_PUSH_COUNT, ruleContent= 

2023-10-26 16:31:05,776 INFO Apply tps control rule parse start,pointName=[CONFIG_PUSH_COUNT]  

2023-10-26 16:31:05,777 INFO Clear point  control rule ,pointName=[CONFIG_PUSH_COUNT]  

2023-10-26 16:31:05,777 INFO Clear point  control rule for monitorKeys, pointName=[CONFIG_PUSH_COUNT]  

2023-10-26 16:31:05,777 INFO Register tps control,pointName=CONFIG_PUSH_SUCCESS, point=com.alibaba.nacos.core.remote.control.TpsMonitorPoint@6fc3e1a4 

2023-10-26 16:31:05,778 INFO Load rule from local,pointName=CONFIG_PUSH_SUCCESS, ruleContent= 

2023-10-26 16:31:05,778 INFO Apply tps control rule parse start,pointName=[CONFIG_PUSH_SUCCESS]  

2023-10-26 16:31:05,778 INFO Clear point  control rule ,pointName=[CONFIG_PUSH_SUCCESS]  

2023-10-26 16:31:05,779 INFO Clear point  control rule for monitorKeys, pointName=[CONFIG_PUSH_SUCCESS]  

2023-10-26 16:31:05,779 INFO Register tps control,pointName=CONFIG_PUSH_FAIL, point=com.alibaba.nacos.core.remote.control.TpsMonitorPoint@3fa76c61 

2023-10-26 16:31:05,779 INFO Load rule from local,pointName=CONFIG_PUSH_COUNT, ruleContent= 

2023-10-26 16:31:05,779 INFO Apply tps control rule parse start,pointName=[CONFIG_PUSH_COUNT]  

2023-10-26 16:31:05,779 INFO Clear point  control rule ,pointName=[CONFIG_PUSH_COUNT]  

2023-10-26 16:31:05,780 INFO Clear point  control rule for monitorKeys, pointName=[CONFIG_PUSH_COUNT]  

2023-10-26 16:31:05,780 INFO Load rule from local,pointName=CONFIG_PUSH_FAIL, ruleContent= 

2023-10-26 16:31:05,780 INFO Apply tps control rule parse start,pointName=[CONFIG_PUSH_FAIL]  

2023-10-26 16:31:05,780 INFO Clear point  control rule ,pointName=[CONFIG_PUSH_FAIL]  

2023-10-26 16:31:05,781 INFO Clear point  control rule for monitorKeys, pointName=[CONFIG_PUSH_FAIL]  

2023-10-26 16:31:05,781 INFO Load rule from local,pointName=CONFIG_PUSH_SUCCESS, ruleContent= 

2023-10-26 16:31:05,781 INFO Apply tps control rule parse start,pointName=[CONFIG_PUSH_SUCCESS]  

2023-10-26 16:31:05,781 INFO Clear point  control rule ,pointName=[CONFIG_PUSH_SUCCESS]  

2023-10-26 16:31:05,782 INFO Clear point  control rule for monitorKeys, pointName=[CONFIG_PUSH_SUCCESS]  

2023-10-26 16:31:05,782 INFO Load rule from local,pointName=CONFIG_PUSH_FAIL, ruleContent= 

2023-10-26 16:31:05,782 INFO Apply tps control rule parse start,pointName=[CONFIG_PUSH_FAIL]  

2023-10-26 16:31:05,782 INFO Clear point  control rule ,pointName=[CONFIG_PUSH_FAIL]  

2023-10-26 16:31:05,783 INFO Clear point  control rule for monitorKeys, pointName=[CONFIG_PUSH_FAIL]  

